running egg_info
writing ../../build/brokk70/brokk70.egg-info/PKG-INFO
writing dependency_links to ../../build/brokk70/brokk70.egg-info/dependency_links.txt
writing entry points to ../../build/brokk70/brokk70.egg-info/entry_points.txt
writing requirements to ../../build/brokk70/brokk70.egg-info/requires.txt
writing top-level names to ../../build/brokk70/brokk70.egg-info/top_level.txt
reading manifest file '../../build/brokk70/brokk70.egg-info/SOURCES.txt'
writing manifest file '../../build/brokk70/brokk70.egg-info/SOURCES.txt'
running build
running build_py
running install
/usr/lib/python3/dist-packages/setuptools/command/install.py:34: SetuptoolsDeprecationWarning: setup.py install is deprecated. Use build and pip and other standards-based tools.
  warnings.warn(
running install_lib
running install_data
running install_egg_info
removing '/home/hisham/brokk_ws/install/brokk70/lib/python3.10/site-packages/brokk70-0.0.0-py3.10.egg-info' (and everything under it)
Copying ../../build/brokk70/brokk70.egg-info to /home/hisham/brokk_ws/install/brokk70/lib/python3.10/site-packages/brokk70-0.0.0-py3.10.egg-info
running install_scripts
writing list of installed files to '/home/hisham/brokk_ws/build/brokk70/install.log'
