-- Install configuration: ""
-- Up-to-date: /home/hisham/brokk_ws/install/brokk/share/brokk//launch
-- Up-to-date: /home/hisham/brokk_ws/install/brokk/share/brokk//launch/display.launch.py
-- Up-to-date: /home/hisham/brokk_ws/install/brokk/share/brokk//launch/gazebo.launch.py
-- Up-to-date: /home/hisham/brokk_ws/install/brokk/share/brokk//models
-- Up-to-date: /home/hisham/brokk_ws/install/brokk/share/brokk//models/model.config
-- Up-to-date: /home/hisham/brokk_ws/install/brokk/share/brokk//models/meshes
-- Up-to-date: /home/hisham/brokk_ws/install/brokk/share/brokk//models/meshes/brokk_base_collision.stl
-- Up-to-date: /home/hisham/brokk_ws/install/brokk/share/brokk//models/meshes/wheel.stl
-- Up-to-date: /home/hisham/brokk_ws/install/brokk/share/brokk//models/meshes/brokk_base_edit.stl
-- Up-to-date: /home/hisham/brokk_ws/install/brokk/share/brokk//rviz
-- Installing: /home/hisham/brokk_ws/install/brokk/share/brokk//rviz/display.rviz
-- Up-to-date: /home/hisham/brokk_ws/install/brokk/share/brokk//urdf
-- Up-to-date: /home/hisham/brokk_ws/install/brokk/share/brokk//urdf/brokk170_gazebo.xacro
-- Up-to-date: /home/hisham/brokk_ws/install/brokk/share/brokk//urdf/brokk170_control.xacro
-- Installing: /home/hisham/brokk_ws/install/brokk/share/brokk//urdf/brokkmodel.xacro
-- Up-to-date: /home/hisham/brokk_ws/install/brokk/share/brokk//urdf/common_properties.xacro
-- Up-to-date: /home/hisham/brokk_ws/install/brokk/share/brokk//worlds
-- Up-to-date: /home/hisham/brokk_ws/install/brokk/include/
-- Up-to-date: /home/hisham/brokk_ws/install/brokk/share/ament_index/resource_index/package_run_dependencies/brokk
-- Up-to-date: /home/hisham/brokk_ws/install/brokk/share/ament_index/resource_index/parent_prefix_path/brokk
-- Up-to-date: /home/hisham/brokk_ws/install/brokk/share/brokk/environment/ament_prefix_path.sh
-- Up-to-date: /home/hisham/brokk_ws/install/brokk/share/brokk/environment/ament_prefix_path.dsv
-- Up-to-date: /home/hisham/brokk_ws/install/brokk/share/brokk/environment/path.sh
-- Up-to-date: /home/hisham/brokk_ws/install/brokk/share/brokk/environment/path.dsv
-- Up-to-date: /home/hisham/brokk_ws/install/brokk/share/brokk/local_setup.bash
-- Up-to-date: /home/hisham/brokk_ws/install/brokk/share/brokk/local_setup.sh
-- Up-to-date: /home/hisham/brokk_ws/install/brokk/share/brokk/local_setup.zsh
-- Up-to-date: /home/hisham/brokk_ws/install/brokk/share/brokk/local_setup.dsv
-- Installing: /home/hisham/brokk_ws/install/brokk/share/brokk/package.dsv
-- Up-to-date: /home/hisham/brokk_ws/install/brokk/share/ament_index/resource_index/packages/brokk
-- Up-to-date: /home/hisham/brokk_ws/install/brokk/share/brokk/cmake/ament_cmake_export_include_directories-extras.cmake
-- Up-to-date: /home/hisham/brokk_ws/install/brokk/share/brokk/cmake/ament_cmake_export_dependencies-extras.cmake
-- Up-to-date: /home/hisham/brokk_ws/install/brokk/share/brokk/cmake/brokkConfig.cmake
-- Up-to-date: /home/hisham/brokk_ws/install/brokk/share/brokk/cmake/brokkConfig-version.cmake
-- Up-to-date: /home/hisham/brokk_ws/install/brokk/share/brokk/package.xml
