[0.639s] Invoking command in '/home/hisham/brokk_ws/src/brokk70': PYTHONPATH=/home/hisham/brokk_ws/build/brokk70/prefix_override:/home/hisham/brokk_ws/install/brokk70/lib/python3.10/site-packages:${PYTHONPATH} /usr/bin/python3 setup.py egg_info --egg-base ../../build/brokk70 build --build-base /home/hisham/brokk_ws/build/brokk70/build install --record /home/hisham/brokk_ws/build/brokk70/install.log --single-version-externally-managed
[0.845s] running egg_info
[0.846s] creating ../../build/brokk70/brokk70.egg-info
[0.846s] writing ../../build/brokk70/brokk70.egg-info/PKG-INFO
[0.846s] writing dependency_links to ../../build/brokk70/brokk70.egg-info/dependency_links.txt
[0.846s] writing entry points to ../../build/brokk70/brokk70.egg-info/entry_points.txt
[0.847s] writing requirements to ../../build/brokk70/brokk70.egg-info/requires.txt
[0.847s] writing top-level names to ../../build/brokk70/brokk70.egg-info/top_level.txt
[0.847s] writing manifest file '../../build/brokk70/brokk70.egg-info/SOURCES.txt'
[0.848s] reading manifest file '../../build/brokk70/brokk70.egg-info/SOURCES.txt'
[0.848s] writing manifest file '../../build/brokk70/brokk70.egg-info/SOURCES.txt'
[0.849s] running build
[0.849s] running build_py
[0.849s] creating /home/hisham/brokk_ws/build/brokk70/build
[0.849s] creating /home/hisham/brokk_ws/build/brokk70/build/lib
[0.849s] creating /home/hisham/brokk_ws/build/brokk70/build/lib/brokk70
[0.849s] copying brokk70/__init__.py -> /home/hisham/brokk_ws/build/brokk70/build/lib/brokk70
[0.849s] running install
[0.856s] /usr/lib/python3/dist-packages/setuptools/command/install.py:34: SetuptoolsDeprecationWarning: setup.py install is deprecated. Use build and pip and other standards-based tools.
[0.857s]   warnings.warn(
[0.857s] running install_lib
[0.859s] creating /home/hisham/brokk_ws/install/brokk70/lib/python3.10/site-packages/brokk70
[0.859s] copying /home/hisham/brokk_ws/build/brokk70/build/lib/brokk70/__init__.py -> /home/hisham/brokk_ws/install/brokk70/lib/python3.10/site-packages/brokk70
[0.860s] byte-compiling /home/hisham/brokk_ws/install/brokk70/lib/python3.10/site-packages/brokk70/__init__.py to __init__.cpython-310.pyc
[0.860s] running install_data
[0.862s] creating /home/hisham/brokk_ws/install/brokk70/share/ament_index
[0.862s] creating /home/hisham/brokk_ws/install/brokk70/share/ament_index/resource_index
[0.862s] creating /home/hisham/brokk_ws/install/brokk70/share/ament_index/resource_index/packages
[0.862s] copying resource/brokk70 -> /home/hisham/brokk_ws/install/brokk70/share/ament_index/resource_index/packages
[0.862s] copying package.xml -> /home/hisham/brokk_ws/install/brokk70/share/brokk70
[0.863s] creating /home/hisham/brokk_ws/install/brokk70/share/brokk70/launch
[0.863s] copying launch/display.launch.py -> /home/hisham/brokk_ws/install/brokk70/share/brokk70/launch
[0.863s] copying launch/gazebo.launch.py -> /home/hisham/brokk_ws/install/brokk70/share/brokk70/launch
[0.863s] creating /home/hisham/brokk_ws/install/brokk70/share/brokk70/urdf
[0.863s] copying urdf/inertial_macros.xacro -> /home/hisham/brokk_ws/install/brokk70/share/brokk70/urdf
[0.863s] copying urdf/brokk70.xacro -> /home/hisham/brokk_ws/install/brokk70/share/brokk70/urdf
[0.863s] copying urdf/lidar.xacro -> /home/hisham/brokk_ws/install/brokk70/share/brokk70/urdf
[0.864s] copying urdf/brokk70_control.xacro -> /home/hisham/brokk_ws/install/brokk70/share/brokk70/urdf
[0.864s] copying urdf/materials.xacro -> /home/hisham/brokk_ws/install/brokk70/share/brokk70/urdf
[0.864s] copying urdf/brokk70.gazebo -> /home/hisham/brokk_ws/install/brokk70/share/brokk70/urdf
[0.864s] creating /home/hisham/brokk_ws/install/brokk70/share/brokk70/meshes
[0.864s] copying meshes/left_wheel_1.stl -> /home/hisham/brokk_ws/install/brokk70/share/brokk70/meshes
[0.864s] copying meshes/leg_hl_1.stl -> /home/hisham/brokk_ws/install/brokk70/share/brokk70/meshes
[0.864s] copying meshes/wheel_l_1.stl -> /home/hisham/brokk_ws/install/brokk70/share/brokk70/meshes
[0.865s] copying meshes/wheel_r_1.stl -> /home/hisham/brokk_ws/install/brokk70/share/brokk70/meshes
[0.865s] copying meshes/base_link_vis.stl -> /home/hisham/brokk_ws/install/brokk70/share/brokk70/meshes
[0.865s] copying meshes/track_r_1.stl -> /home/hisham/brokk_ws/install/brokk70/share/brokk70/meshes
[0.866s] copying meshes/leg_vr_1.stl -> /home/hisham/brokk_ws/install/brokk70/share/brokk70/meshes
[0.866s] copying meshes/right_wheel_1.stl -> /home/hisham/brokk_ws/install/brokk70/share/brokk70/meshes
[0.866s] copying meshes/base_link.stl -> /home/hisham/brokk_ws/install/brokk70/share/brokk70/meshes
[0.866s] copying meshes/leg_hr_1.stl -> /home/hisham/brokk_ws/install/brokk70/share/brokk70/meshes
[0.866s] copying meshes/effector_base_1.stl -> /home/hisham/brokk_ws/install/brokk70/share/brokk70/meshes
[0.866s] copying meshes/track_l_1.stl -> /home/hisham/brokk_ws/install/brokk70/share/brokk70/meshes
[0.867s] copying meshes/leg_vl_1.stl -> /home/hisham/brokk_ws/install/brokk70/share/brokk70/meshes
[0.867s] creating /home/hisham/brokk_ws/install/brokk70/share/brokk70/config
[0.867s] copying config/display.rviz -> /home/hisham/brokk_ws/install/brokk70/share/brokk70/config
[0.867s] running install_egg_info
[0.870s] Copying ../../build/brokk70/brokk70.egg-info to /home/hisham/brokk_ws/install/brokk70/lib/python3.10/site-packages/brokk70-0.0.0-py3.10.egg-info
[0.871s] running install_scripts
[0.892s] writing list of installed files to '/home/hisham/brokk_ws/build/brokk70/install.log'
[0.909s] Invoked command in '/home/hisham/brokk_ws/src/brokk70' returned '0': PYTHONPATH=/home/hisham/brokk_ws/build/brokk70/prefix_override:/home/hisham/brokk_ws/install/brokk70/lib/python3.10/site-packages:${PYTHONPATH} /usr/bin/python3 setup.py egg_info --egg-base ../../build/brokk70 build --build-base /home/hisham/brokk_ws/build/brokk70/build install --record /home/hisham/brokk_ws/build/brokk70/install.log --single-version-externally-managed
