[0.012s] Invoking command in '/home/hisham/brokk_ws/build/brokk': CMAKE_PREFIX_PATH=${CMAKE_PREFIX_PATH}:/home/hisham/turtlebot3_ws/install/turtlebot3_teleop:/home/hisham/turtlebot3_ws/install/turtlebot3_example:/opt/ros/humble /usr/bin/cmake --build /home/hisham/brokk_ws/build/brokk -- -j12 -l12
[0.028s] -- Found ament_cmake: 1.3.5 (/opt/ros/humble/share/ament_cmake/cmake)
[0.134s] -- Override CMake install command with custom implementation using symlinks instead of copying resources
[0.139s] -- Found ament_lint_auto: 0.12.7 (/opt/ros/humble/share/ament_lint_auto/cmake)
[0.193s] -- Added test 'copyright' to check source files copyright and LICENSE
[0.196s] -- Added test 'flake8' to check Python code syntax and style conventions
[0.197s] -- Added test 'lint_cmake' to check CMake code style
[0.198s] -- Added test 'pep257' to check Python code against some of the docstring style conventions in PEP 257
[0.200s] -- Added test 'xmllint' to check XML markup files
[0.200s] -- Configuring done
[0.202s] -- Generating done
[0.203s] -- Build files have been written to: /home/hisham/brokk_ws/build/brokk
[0.217s] Invoked command in '/home/hisham/brokk_ws/build/brokk' returned '0': CMAKE_PREFIX_PATH=${CMAKE_PREFIX_PATH}:/home/hisham/turtlebot3_ws/install/turtlebot3_teleop:/home/hisham/turtlebot3_ws/install/turtlebot3_example:/opt/ros/humble /usr/bin/cmake --build /home/hisham/brokk_ws/build/brokk -- -j12 -l12
[0.239s] Invoking command in '/home/hisham/brokk_ws/build/brokk': CMAKE_PREFIX_PATH=${CMAKE_PREFIX_PATH}:/home/hisham/turtlebot3_ws/install/turtlebot3_teleop:/home/hisham/turtlebot3_ws/install/turtlebot3_example:/opt/ros/humble /usr/bin/cmake --install /home/hisham/brokk_ws/build/brokk
[0.245s] -- Install configuration: ""
[0.246s] -- Execute custom install script
[0.246s] -- Up-to-date symlink: /home/hisham/brokk_ws/install/brokk/share/brokk/config/empty.yaml
[0.246s] -- Up-to-date symlink: /home/hisham/brokk_ws/install/brokk/share/brokk/description/brokk_v1.urdf.xacro
[0.246s] -- Up-to-date symlink: /home/hisham/brokk_ws/install/brokk/share/brokk/description/brokk_v1_gazebo.xacro
[0.247s] -- Up-to-date symlink: /home/hisham/brokk_ws/install/brokk/share/brokk/description/brokk_v2.urdf.xacro
[0.247s] -- Up-to-date symlink: /home/hisham/brokk_ws/install/brokk/share/brokk/description/brokk_v2_gazebo.xacro
[0.247s] -- Up-to-date symlink: /home/hisham/brokk_ws/install/brokk/share/brokk/description/brokk_v3.urdf
[0.247s] -- Up-to-date symlink: /home/hisham/brokk_ws/install/brokk/share/brokk/description/brokk_v3.urdf.xacro
[0.247s] -- Up-to-date symlink: /home/hisham/brokk_ws/install/brokk/share/brokk/description/brokk_v3_gazebo.xacro
[0.247s] -- Up-to-date symlink: /home/hisham/brokk_ws/install/brokk/share/brokk/description/brokk_v4.urdf.xacro
[0.247s] -- Up-to-date symlink: /home/hisham/brokk_ws/install/brokk/share/brokk/description/brokk_v4_gazebo.xacro
[0.247s] -- Up-to-date symlink: /home/hisham/brokk_ws/install/brokk/share/brokk/description/brokk_v5.urdf.xacro
[0.247s] -- Up-to-date symlink: /home/hisham/brokk_ws/install/brokk/share/brokk/description/brokk_v5_gazebo.xacro
[0.247s] -- Up-to-date symlink: /home/hisham/brokk_ws/install/brokk/share/brokk/description/common_properties.xacro
[0.247s] -- Up-to-date symlink: /home/hisham/brokk_ws/install/brokk/share/brokk/description/meshes/legs_final2.stl
[0.247s] -- Up-to-date symlink: /home/hisham/brokk_ws/install/brokk/share/brokk/description/meshes/turtlebot_improv.stl
[0.247s] -- Up-to-date symlink: /home/hisham/brokk_ws/install/brokk/share/brokk/description/robot.urdf.xacro
[0.248s] -- Up-to-date symlink: /home/hisham/brokk_ws/install/brokk/share/brokk/description/simple.urdf.xacro
[0.248s] -- Up-to-date symlink: /home/hisham/brokk_ws/install/brokk/share/brokk/description/turtlebot3_prismatic.urdf.xacro
[0.248s] -- Up-to-date symlink: /home/hisham/brokk_ws/install/brokk/share/brokk/description/turtlebot_improv.gazebo.xacro
[0.248s] -- Up-to-date symlink: /home/hisham/brokk_ws/install/brokk/share/brokk/launch/rsp.launch.py
[0.248s] -- Up-to-date symlink: /home/hisham/brokk_ws/install/brokk/share/brokk/worlds/empty.world
[0.248s] [31mCMake Error at ament_cmake_symlink_install/ament_cmake_symlink_install.cmake:100 (message):
[0.248s]   ament_cmake_symlink_install_directory() can't find
[0.248s]   '/home/hisham/brokk_ws/src/brokk/meshes'
[0.248s] Call Stack (most recent call first):
[0.248s]   ament_cmake_symlink_install/ament_cmake_symlink_install.cmake:317 (ament_cmake_symlink_install_directory)
[0.248s]   cmake_install.cmake:46 (include)
[0.248s] 
[0.248s] [0m
[0.249s] Invoked command in '/home/hisham/brokk_ws/build/brokk' returned '1': CMAKE_PREFIX_PATH=${CMAKE_PREFIX_PATH}:/home/hisham/turtlebot3_ws/install/turtlebot3_teleop:/home/hisham/turtlebot3_ws/install/turtlebot3_example:/opt/ros/humble /usr/bin/cmake --install /home/hisham/brokk_ws/build/brokk
