[0.267s] DEBUG:colcon:Command line arguments: ['/usr/bin/colcon', 'build']
[0.267s] DEBUG:colcon:Parsed command line arguments: Namespace(log_base=None, log_level=None, verb_name='build', build_base='build', install_base='install', merge_install=False, symlink_install=False, test_result_base=None, continue_on_error=False, executor='parallel', parallel_workers=12, event_handlers=None, ignore_user_meta=False, metas=['./colcon.meta'], base_paths=['.'], packages_ignore=None, packages_ignore_regex=None, paths=None, packages_up_to=None, packages_up_to_regex=None, packages_above=None, packages_above_and_dependencies=None, packages_above_depth=None, packages_select_by_dep=None, packages_skip_by_dep=None, packages_skip_up_to=None, packages_select_build_failed=False, packages_skip_build_finished=False, packages_select_test_failures=False, packages_skip_test_passed=False, packages_select=None, packages_skip=None, packages_select_regex=None, packages_skip_regex=None, packages_start=None, packages_end=None, allow_overriding=[], cmake_args=None, cmake_target=None, cmake_target_skip_unavailable=False, cmake_clean_cache=False, cmake_clean_first=False, cmake_force_configure=False, ament_cmake_args=None, catkin_cmake_args=None, catkin_skip_building_tests=False, verb_parser=<colcon_defaults.argument_parser.defaults.DefaultArgumentsDecorator object at 0x7f1e318ede70>, verb_extension=<colcon_core.verb.build.BuildVerb object at 0x7f1e320e0070>, main=<bound method BuildVerb.main of <colcon_core.verb.build.BuildVerb object at 0x7f1e320e0070>>)
[0.290s] Level 1:colcon.colcon_core.package_discovery:discover_packages(colcon_meta) check parameters
[0.291s] Level 1:colcon.colcon_core.package_discovery:discover_packages(recursive) check parameters
[0.291s] Level 1:colcon.colcon_core.package_discovery:discover_packages(ignore) check parameters
[0.291s] Level 1:colcon.colcon_core.package_discovery:discover_packages(path) check parameters
[0.291s] Level 1:colcon.colcon_core.package_discovery:discover_packages(colcon_meta) discover
[0.291s] Level 1:colcon.colcon_core.package_discovery:discover_packages(recursive) discover
[0.291s] INFO:colcon.colcon_core.package_discovery:Crawling recursively for packages in '/home/hisham/brokk_ws'
[0.291s] Level 1:colcon.colcon_core.package_identification:_identify(.) by extensions ['ignore', 'ignore_ament_install']
[0.291s] Level 1:colcon.colcon_core.package_identification:_identify(.) by extension 'ignore'
[0.291s] Level 1:colcon.colcon_core.package_identification:_identify(.) by extension 'ignore_ament_install'
[0.291s] Level 1:colcon.colcon_core.package_identification:_identify(.) by extensions ['colcon_pkg']
[0.291s] Level 1:colcon.colcon_core.package_identification:_identify(.) by extension 'colcon_pkg'
[0.291s] Level 1:colcon.colcon_core.package_identification:_identify(.) by extensions ['colcon_meta']
[0.292s] Level 1:colcon.colcon_core.package_identification:_identify(.) by extension 'colcon_meta'
[0.292s] Level 1:colcon.colcon_core.package_identification:_identify(.) by extensions ['ros']
[0.292s] Level 1:colcon.colcon_core.package_identification:_identify(.) by extension 'ros'
[0.300s] Level 1:colcon.colcon_core.package_identification:_identify(.) by extensions ['cmake', 'python']
[0.300s] Level 1:colcon.colcon_core.package_identification:_identify(.) by extension 'cmake'
[0.300s] Level 1:colcon.colcon_core.package_identification:_identify(.) by extension 'python'
[0.300s] Level 1:colcon.colcon_core.package_identification:_identify(.) by extensions ['python_setup_py']
[0.300s] Level 1:colcon.colcon_core.package_identification:_identify(.) by extension 'python_setup_py'
[0.300s] Level 1:colcon.colcon_core.package_identification:_identify(build) by extensions ['ignore', 'ignore_ament_install']
[0.300s] Level 1:colcon.colcon_core.package_identification:_identify(build) by extension 'ignore'
[0.300s] Level 1:colcon.colcon_core.package_identification:_identify(build) ignored
[0.300s] Level 1:colcon.colcon_core.package_identification:_identify(install) by extensions ['ignore', 'ignore_ament_install']
[0.300s] Level 1:colcon.colcon_core.package_identification:_identify(install) by extension 'ignore'
[0.300s] Level 1:colcon.colcon_core.package_identification:_identify(install) ignored
[0.300s] Level 1:colcon.colcon_core.package_identification:_identify(log) by extensions ['ignore', 'ignore_ament_install']
[0.300s] Level 1:colcon.colcon_core.package_identification:_identify(log) by extension 'ignore'
[0.301s] Level 1:colcon.colcon_core.package_identification:_identify(log) ignored
[0.301s] Level 1:colcon.colcon_core.package_identification:_identify(src) by extensions ['ignore', 'ignore_ament_install']
[0.301s] Level 1:colcon.colcon_core.package_identification:_identify(src) by extension 'ignore'
[0.301s] Level 1:colcon.colcon_core.package_identification:_identify(src) by extension 'ignore_ament_install'
[0.301s] Level 1:colcon.colcon_core.package_identification:_identify(src) by extensions ['colcon_pkg']
[0.301s] Level 1:colcon.colcon_core.package_identification:_identify(src) by extension 'colcon_pkg'
[0.301s] Level 1:colcon.colcon_core.package_identification:_identify(src) by extensions ['colcon_meta']
[0.301s] Level 1:colcon.colcon_core.package_identification:_identify(src) by extension 'colcon_meta'
[0.301s] Level 1:colcon.colcon_core.package_identification:_identify(src) by extensions ['ros']
[0.301s] Level 1:colcon.colcon_core.package_identification:_identify(src) by extension 'ros'
[0.301s] Level 1:colcon.colcon_core.package_identification:_identify(src) by extensions ['cmake', 'python']
[0.301s] Level 1:colcon.colcon_core.package_identification:_identify(src) by extension 'cmake'
[0.301s] Level 1:colcon.colcon_core.package_identification:_identify(src) by extension 'python'
[0.301s] Level 1:colcon.colcon_core.package_identification:_identify(src) by extensions ['python_setup_py']
[0.301s] Level 1:colcon.colcon_core.package_identification:_identify(src) by extension 'python_setup_py'
[0.301s] Level 1:colcon.colcon_core.package_identification:_identify(src/brokk) by extensions ['ignore', 'ignore_ament_install']
[0.301s] Level 1:colcon.colcon_core.package_identification:_identify(src/brokk) by extension 'ignore'
[0.301s] Level 1:colcon.colcon_core.package_identification:_identify(src/brokk) by extension 'ignore_ament_install'
[0.301s] Level 1:colcon.colcon_core.package_identification:_identify(src/brokk) by extensions ['colcon_pkg']
[0.301s] Level 1:colcon.colcon_core.package_identification:_identify(src/brokk) by extension 'colcon_pkg'
[0.301s] Level 1:colcon.colcon_core.package_identification:_identify(src/brokk) by extensions ['colcon_meta']
[0.301s] Level 1:colcon.colcon_core.package_identification:_identify(src/brokk) by extension 'colcon_meta'
[0.301s] Level 1:colcon.colcon_core.package_identification:_identify(src/brokk) by extensions ['ros']
[0.302s] Level 1:colcon.colcon_core.package_identification:_identify(src/brokk) by extension 'ros'
[0.303s] DEBUG:colcon.colcon_core.package_identification:Package 'src/brokk' with type 'ros.ament_cmake' and name 'brokk'
[0.303s] Level 1:colcon.colcon_core.package_identification:_identify(src/brokk_gazebo) by extensions ['ignore', 'ignore_ament_install']
[0.303s] Level 1:colcon.colcon_core.package_identification:_identify(src/brokk_gazebo) by extension 'ignore'
[0.303s] Level 1:colcon.colcon_core.package_identification:_identify(src/brokk_gazebo) by extension 'ignore_ament_install'
[0.303s] Level 1:colcon.colcon_core.package_identification:_identify(src/brokk_gazebo) by extensions ['colcon_pkg']
[0.303s] Level 1:colcon.colcon_core.package_identification:_identify(src/brokk_gazebo) by extension 'colcon_pkg'
[0.303s] Level 1:colcon.colcon_core.package_identification:_identify(src/brokk_gazebo) by extensions ['colcon_meta']
[0.304s] Level 1:colcon.colcon_core.package_identification:_identify(src/brokk_gazebo) by extension 'colcon_meta'
[0.304s] Level 1:colcon.colcon_core.package_identification:_identify(src/brokk_gazebo) by extensions ['ros']
[0.304s] Level 1:colcon.colcon_core.package_identification:_identify(src/brokk_gazebo) by extension 'ros'
[0.304s] DEBUG:colcon.colcon_core.package_identification:Package 'src/brokk_gazebo' with type 'ros.ament_cmake' and name 'brokk_gazebo'
[0.304s] Level 1:colcon.colcon_core.package_discovery:discover_packages(recursive) using defaults
[0.304s] Level 1:colcon.colcon_core.package_discovery:discover_packages(ignore) discover
[0.304s] Level 1:colcon.colcon_core.package_discovery:discover_packages(ignore) using defaults
[0.304s] Level 1:colcon.colcon_core.package_discovery:discover_packages(path) discover
[0.304s] Level 1:colcon.colcon_core.package_discovery:discover_packages(path) using defaults
[0.322s] Level 1:colcon.colcon_core.package_discovery:discover_packages(prefix_path) check parameters
[0.322s] Level 1:colcon.colcon_core.package_discovery:discover_packages(prefix_path) discover
[0.324s] DEBUG:colcon.colcon_installed_package_information.package_discovery:Found 1 installed packages in /home/hisham/brokk_ws/install
[0.325s] DEBUG:colcon.colcon_installed_package_information.package_discovery:Found 15 installed packages in /home/hisham/turtlebot3_ws/install
[0.327s] DEBUG:colcon.colcon_installed_package_information.package_discovery:Found 453 installed packages in /opt/ros/humble
[0.329s] Level 1:colcon.colcon_core.package_discovery:discover_packages(prefix_path) using defaults
[0.393s] Level 5:colcon.colcon_core.verb:set package 'brokk' build argument 'cmake_args' from command line to 'None'
[0.394s] Level 5:colcon.colcon_core.verb:set package 'brokk' build argument 'cmake_target' from command line to 'None'
[0.394s] Level 5:colcon.colcon_core.verb:set package 'brokk' build argument 'cmake_target_skip_unavailable' from command line to 'False'
[0.394s] Level 5:colcon.colcon_core.verb:set package 'brokk' build argument 'cmake_clean_cache' from command line to 'False'
[0.394s] Level 5:colcon.colcon_core.verb:set package 'brokk' build argument 'cmake_clean_first' from command line to 'False'
[0.394s] Level 5:colcon.colcon_core.verb:set package 'brokk' build argument 'cmake_force_configure' from command line to 'False'
[0.394s] Level 5:colcon.colcon_core.verb:set package 'brokk' build argument 'ament_cmake_args' from command line to 'None'
[0.394s] Level 5:colcon.colcon_core.verb:set package 'brokk' build argument 'catkin_cmake_args' from command line to 'None'
[0.394s] Level 5:colcon.colcon_core.verb:set package 'brokk' build argument 'catkin_skip_building_tests' from command line to 'False'
[0.394s] DEBUG:colcon.colcon_core.verb:Building package 'brokk' with the following arguments: {'ament_cmake_args': None, 'build_base': '/home/hisham/brokk_ws/build/brokk', 'catkin_cmake_args': None, 'catkin_skip_building_tests': False, 'cmake_args': None, 'cmake_clean_cache': False, 'cmake_clean_first': False, 'cmake_force_configure': False, 'cmake_target': None, 'cmake_target_skip_unavailable': False, 'install_base': '/home/hisham/brokk_ws/install/brokk', 'merge_install': False, 'path': '/home/hisham/brokk_ws/src/brokk', 'symlink_install': False, 'test_result_base': None}
[0.394s] Level 5:colcon.colcon_core.verb:set package 'brokk_gazebo' build argument 'cmake_args' from command line to 'None'
[0.394s] Level 5:colcon.colcon_core.verb:set package 'brokk_gazebo' build argument 'cmake_target' from command line to 'None'
[0.395s] Level 5:colcon.colcon_core.verb:set package 'brokk_gazebo' build argument 'cmake_target_skip_unavailable' from command line to 'False'
[0.395s] Level 5:colcon.colcon_core.verb:set package 'brokk_gazebo' build argument 'cmake_clean_cache' from command line to 'False'
[0.395s] Level 5:colcon.colcon_core.verb:set package 'brokk_gazebo' build argument 'cmake_clean_first' from command line to 'False'
[0.395s] Level 5:colcon.colcon_core.verb:set package 'brokk_gazebo' build argument 'cmake_force_configure' from command line to 'False'
[0.395s] Level 5:colcon.colcon_core.verb:set package 'brokk_gazebo' build argument 'ament_cmake_args' from command line to 'None'
[0.395s] Level 5:colcon.colcon_core.verb:set package 'brokk_gazebo' build argument 'catkin_cmake_args' from command line to 'None'
[0.395s] Level 5:colcon.colcon_core.verb:set package 'brokk_gazebo' build argument 'catkin_skip_building_tests' from command line to 'False'
[0.395s] DEBUG:colcon.colcon_core.verb:Building package 'brokk_gazebo' with the following arguments: {'ament_cmake_args': None, 'build_base': '/home/hisham/brokk_ws/build/brokk_gazebo', 'catkin_cmake_args': None, 'catkin_skip_building_tests': False, 'cmake_args': None, 'cmake_clean_cache': False, 'cmake_clean_first': False, 'cmake_force_configure': False, 'cmake_target': None, 'cmake_target_skip_unavailable': False, 'install_base': '/home/hisham/brokk_ws/install/brokk_gazebo', 'merge_install': False, 'path': '/home/hisham/brokk_ws/src/brokk_gazebo', 'symlink_install': False, 'test_result_base': None}
[0.395s] INFO:colcon.colcon_core.executor:Executing jobs using 'parallel' executor
[0.398s] DEBUG:colcon.colcon_parallel_executor.executor.parallel:run_until_complete
[0.398s] INFO:colcon.colcon_ros.task.ament_cmake.build:Building ROS package in '/home/hisham/brokk_ws/src/brokk' with build type 'ament_cmake'
[0.398s] INFO:colcon.colcon_cmake.task.cmake.build:Building CMake package in '/home/hisham/brokk_ws/src/brokk'
[0.401s] INFO:colcon.colcon_core.plugin_system:Skipping extension 'colcon_core.shell.bat': Not used on non-Windows systems
[0.401s] INFO:colcon.colcon_core.shell:Skip shell extension 'powershell' for command environment: Not usable outside of PowerShell
[0.401s] DEBUG:colcon.colcon_core.shell:Skip shell extension 'dsv' for command environment
[0.406s] INFO:colcon.colcon_ros.task.ament_cmake.build:Building ROS package in '/home/hisham/brokk_ws/src/brokk_gazebo' with build type 'ament_cmake'
[0.406s] INFO:colcon.colcon_cmake.task.cmake.build:Building CMake package in '/home/hisham/brokk_ws/src/brokk_gazebo'
[0.407s] INFO:colcon.colcon_core.shell:Skip shell extension 'powershell' for command environment: Not usable outside of PowerShell
[0.407s] DEBUG:colcon.colcon_core.shell:Skip shell extension 'dsv' for command environment
[0.417s] DEBUG:colcon.colcon_core.event_handler.log_command:Invoking command in '/home/hisham/brokk_ws/build/brokk': CMAKE_PREFIX_PATH=${CMAKE_PREFIX_PATH}:/home/hisham/turtlebot3_ws/install/turtlebot3_teleop:/home/hisham/turtlebot3_ws/install/turtlebot3_example:/opt/ros/humble /usr/bin/cmake --build /home/hisham/brokk_ws/build/brokk -- -j12 -l12
[0.419s] DEBUG:colcon.colcon_core.event_handler.log_command:Invoking command in '/home/hisham/brokk_ws/build/brokk_gazebo': CMAKE_PREFIX_PATH=${CMAKE_PREFIX_PATH}:/home/hisham/turtlebot3_ws/install/turtlebot3_teleop:/home/hisham/turtlebot3_ws/install/turtlebot3_example:/opt/ros/humble /usr/bin/cmake /home/hisham/brokk_ws/src/brokk_gazebo -DCMAKE_INSTALL_PREFIX=/home/hisham/brokk_ws/install/brokk_gazebo
[0.444s] DEBUG:colcon.colcon_core.event_handler.log_command:Invoked command in '/home/hisham/brokk_ws/build/brokk' returned '0': CMAKE_PREFIX_PATH=${CMAKE_PREFIX_PATH}:/home/hisham/turtlebot3_ws/install/turtlebot3_teleop:/home/hisham/turtlebot3_ws/install/turtlebot3_example:/opt/ros/humble /usr/bin/cmake --build /home/hisham/brokk_ws/build/brokk -- -j12 -l12
[0.466s] DEBUG:colcon.colcon_core.event_handler.log_command:Invoking command in '/home/hisham/brokk_ws/build/brokk': CMAKE_PREFIX_PATH=${CMAKE_PREFIX_PATH}:/home/hisham/turtlebot3_ws/install/turtlebot3_teleop:/home/hisham/turtlebot3_ws/install/turtlebot3_example:/opt/ros/humble /usr/bin/cmake --install /home/hisham/brokk_ws/build/brokk
[0.867s] Level 1:colcon.colcon_core.environment:create_environment_scripts_only(brokk)
[0.868s] DEBUG:colcon.colcon_core.event_handler.log_command:Invoked command in '/home/hisham/brokk_ws/build/brokk' returned '0': CMAKE_PREFIX_PATH=${CMAKE_PREFIX_PATH}:/home/hisham/turtlebot3_ws/install/turtlebot3_teleop:/home/hisham/turtlebot3_ws/install/turtlebot3_example:/opt/ros/humble /usr/bin/cmake --install /home/hisham/brokk_ws/build/brokk
[0.871s] Level 1:colcon.colcon_core.environment:checking '/home/hisham/brokk_ws/install/brokk' for CMake module files
[0.872s] Level 1:colcon.colcon_core.environment:checking '/home/hisham/brokk_ws/install/brokk' for CMake config files
[0.872s] Level 1:colcon.colcon_core.shell:create_environment_hook('brokk', 'cmake_prefix_path')
[0.873s] INFO:colcon.colcon_core.shell:Creating environment hook '/home/hisham/brokk_ws/install/brokk/share/brokk/hook/cmake_prefix_path.ps1'
[0.874s] INFO:colcon.colcon_core.shell:Creating environment descriptor '/home/hisham/brokk_ws/install/brokk/share/brokk/hook/cmake_prefix_path.dsv'
[0.874s] INFO:colcon.colcon_core.shell:Creating environment hook '/home/hisham/brokk_ws/install/brokk/share/brokk/hook/cmake_prefix_path.sh'
[0.874s] Level 1:colcon.colcon_core.environment:checking '/home/hisham/brokk_ws/install/brokk/bin'
[0.874s] Level 1:colcon.colcon_core.environment:checking '/home/hisham/brokk_ws/install/brokk/lib/pkgconfig/brokk.pc'
[0.875s] Level 1:colcon.colcon_core.environment:checking '/home/hisham/brokk_ws/install/brokk/lib/python3.10/site-packages'
[0.875s] Level 1:colcon.colcon_core.environment:checking '/home/hisham/brokk_ws/install/brokk/bin'
[0.876s] INFO:colcon.colcon_core.shell:Creating package script '/home/hisham/brokk_ws/install/brokk/share/brokk/package.ps1'
[0.877s] INFO:colcon.colcon_core.shell:Creating package descriptor '/home/hisham/brokk_ws/install/brokk/share/brokk/package.dsv'
[0.877s] INFO:colcon.colcon_core.shell:Creating package script '/home/hisham/brokk_ws/install/brokk/share/brokk/package.sh'
[0.878s] INFO:colcon.colcon_core.shell:Creating package script '/home/hisham/brokk_ws/install/brokk/share/brokk/package.bash'
[0.878s] INFO:colcon.colcon_core.shell:Creating package script '/home/hisham/brokk_ws/install/brokk/share/brokk/package.zsh'
[0.879s] Level 1:colcon.colcon_core.environment:create_file_with_runtime_dependencies(/home/hisham/brokk_ws/install/brokk/share/colcon-core/packages/brokk)
[0.896s] Level 1:colcon.colcon_core.environment:create_environment_scripts_only(brokk)
[0.897s] Level 1:colcon.colcon_core.environment:checking '/home/hisham/brokk_ws/install/brokk' for CMake module files
[0.898s] Level 1:colcon.colcon_core.environment:checking '/home/hisham/brokk_ws/install/brokk' for CMake config files
[0.898s] Level 1:colcon.colcon_core.shell:create_environment_hook('brokk', 'cmake_prefix_path')
[0.899s] INFO:colcon.colcon_core.shell:Creating environment hook '/home/hisham/brokk_ws/install/brokk/share/brokk/hook/cmake_prefix_path.ps1'
[0.900s] INFO:colcon.colcon_core.shell:Creating environment descriptor '/home/hisham/brokk_ws/install/brokk/share/brokk/hook/cmake_prefix_path.dsv'
[0.900s] INFO:colcon.colcon_core.shell:Creating environment hook '/home/hisham/brokk_ws/install/brokk/share/brokk/hook/cmake_prefix_path.sh'
[0.900s] Level 1:colcon.colcon_core.environment:checking '/home/hisham/brokk_ws/install/brokk/bin'
[0.900s] Level 1:colcon.colcon_core.environment:checking '/home/hisham/brokk_ws/install/brokk/lib/pkgconfig/brokk.pc'
[0.901s] Level 1:colcon.colcon_core.environment:checking '/home/hisham/brokk_ws/install/brokk/lib/python3.10/site-packages'
[0.901s] Level 1:colcon.colcon_core.environment:checking '/home/hisham/brokk_ws/install/brokk/bin'
[0.902s] INFO:colcon.colcon_core.shell:Creating package script '/home/hisham/brokk_ws/install/brokk/share/brokk/package.ps1'
[0.902s] INFO:colcon.colcon_core.shell:Creating package descriptor '/home/hisham/brokk_ws/install/brokk/share/brokk/package.dsv'
[0.903s] INFO:colcon.colcon_core.shell:Creating package script '/home/hisham/brokk_ws/install/brokk/share/brokk/package.sh'
[0.903s] INFO:colcon.colcon_core.shell:Creating package script '/home/hisham/brokk_ws/install/brokk/share/brokk/package.bash'
[0.903s] INFO:colcon.colcon_core.shell:Creating package script '/home/hisham/brokk_ws/install/brokk/share/brokk/package.zsh'
[0.904s] Level 1:colcon.colcon_core.environment:create_file_with_runtime_dependencies(/home/hisham/brokk_ws/install/brokk/share/colcon-core/packages/brokk)
[1.011s] DEBUG:colcon.colcon_core.event_handler.log_command:Invoked command in '/home/hisham/brokk_ws/build/brokk_gazebo' returned '0': CMAKE_PREFIX_PATH=${CMAKE_PREFIX_PATH}:/home/hisham/turtlebot3_ws/install/turtlebot3_teleop:/home/hisham/turtlebot3_ws/install/turtlebot3_example:/opt/ros/humble /usr/bin/cmake /home/hisham/brokk_ws/src/brokk_gazebo -DCMAKE_INSTALL_PREFIX=/home/hisham/brokk_ws/install/brokk_gazebo
[1.011s] DEBUG:colcon.colcon_core.event_handler.log_command:Invoking command in '/home/hisham/brokk_ws/build/brokk_gazebo': CMAKE_PREFIX_PATH=${CMAKE_PREFIX_PATH}:/home/hisham/turtlebot3_ws/install/turtlebot3_teleop:/home/hisham/turtlebot3_ws/install/turtlebot3_example:/opt/ros/humble /usr/bin/cmake --build /home/hisham/brokk_ws/build/brokk_gazebo -- -j12 -l12
[1.039s] DEBUG:colcon.colcon_core.event_handler.log_command:Invoked command in '/home/hisham/brokk_ws/build/brokk_gazebo' returned '0': CMAKE_PREFIX_PATH=${CMAKE_PREFIX_PATH}:/home/hisham/turtlebot3_ws/install/turtlebot3_teleop:/home/hisham/turtlebot3_ws/install/turtlebot3_example:/opt/ros/humble /usr/bin/cmake --build /home/hisham/brokk_ws/build/brokk_gazebo -- -j12 -l12
[1.054s] DEBUG:colcon.colcon_core.event_handler.log_command:Invoking command in '/home/hisham/brokk_ws/build/brokk_gazebo': CMAKE_PREFIX_PATH=${CMAKE_PREFIX_PATH}:/home/hisham/turtlebot3_ws/install/turtlebot3_teleop:/home/hisham/turtlebot3_ws/install/turtlebot3_example:/opt/ros/humble /usr/bin/cmake --install /home/hisham/brokk_ws/build/brokk_gazebo
[1.061s] DEBUG:colcon.colcon_core.event_handler.log_command:Invoked command in '/home/hisham/brokk_ws/build/brokk_gazebo' returned '1': CMAKE_PREFIX_PATH=${CMAKE_PREFIX_PATH}:/home/hisham/turtlebot3_ws/install/turtlebot3_teleop:/home/hisham/turtlebot3_ws/install/turtlebot3_example:/opt/ros/humble /usr/bin/cmake --install /home/hisham/brokk_ws/build/brokk_gazebo
[1.075s] Level 1:colcon.colcon_core.environment:create_environment_scripts_only(brokk_gazebo)
[1.077s] Level 1:colcon.colcon_core.environment:checking '/home/hisham/brokk_ws/install/brokk_gazebo' for CMake module files
[1.077s] Level 1:colcon.colcon_core.environment:checking '/home/hisham/brokk_ws/install/brokk_gazebo' for CMake config files
[1.077s] Level 1:colcon.colcon_core.environment:checking '/home/hisham/brokk_ws/install/brokk_gazebo/bin'
[1.078s] Level 1:colcon.colcon_core.environment:checking '/home/hisham/brokk_ws/install/brokk_gazebo/lib/pkgconfig/brokk_gazebo.pc'
[1.078s] Level 1:colcon.colcon_core.environment:checking '/home/hisham/brokk_ws/install/brokk_gazebo/lib/python3.10/site-packages'
[1.078s] Level 1:colcon.colcon_core.environment:checking '/home/hisham/brokk_ws/install/brokk_gazebo/bin'
[1.079s] INFO:colcon.colcon_core.shell:Creating package script '/home/hisham/brokk_ws/install/brokk_gazebo/share/brokk_gazebo/package.ps1'
[1.079s] INFO:colcon.colcon_core.shell:Creating package descriptor '/home/hisham/brokk_ws/install/brokk_gazebo/share/brokk_gazebo/package.dsv'
[1.080s] INFO:colcon.colcon_core.shell:Creating package script '/home/hisham/brokk_ws/install/brokk_gazebo/share/brokk_gazebo/package.sh'
[1.080s] INFO:colcon.colcon_core.shell:Creating package script '/home/hisham/brokk_ws/install/brokk_gazebo/share/brokk_gazebo/package.bash'
[1.080s] INFO:colcon.colcon_core.shell:Creating package script '/home/hisham/brokk_ws/install/brokk_gazebo/share/brokk_gazebo/package.zsh'
[1.080s] Level 1:colcon.colcon_core.environment:create_file_with_runtime_dependencies(/home/hisham/brokk_ws/install/brokk_gazebo/share/colcon-core/packages/brokk_gazebo)
[1.091s] DEBUG:colcon.colcon_parallel_executor.executor.parallel:closing loop
[1.091s] DEBUG:colcon.colcon_parallel_executor.executor.parallel:loop closed
[1.091s] DEBUG:colcon.colcon_parallel_executor.executor.parallel:run_until_complete finished with '1'
[1.091s] DEBUG:colcon.colcon_core.event_reactor:joining thread
[1.095s] INFO:colcon.colcon_core.plugin_system:Skipping extension 'colcon_notification.desktop_notification.terminal_notifier': Not used on non-Darwin systems
[1.095s] INFO:colcon.colcon_core.plugin_system:Skipping extension 'colcon_notification.desktop_notification.win32': Not used on non-Windows systems
[1.095s] INFO:colcon.colcon_notification.desktop_notification:Sending desktop notification using 'notify2'
[1.103s] DEBUG:colcon.colcon_core.event_reactor:joined thread
[1.105s] INFO:colcon.colcon_core.shell:Creating prefix script '/home/hisham/brokk_ws/install/local_setup.ps1'
[1.105s] INFO:colcon.colcon_core.shell:Creating prefix util module '/home/hisham/brokk_ws/install/_local_setup_util_ps1.py'
[1.106s] INFO:colcon.colcon_core.shell:Creating prefix chain script '/home/hisham/brokk_ws/install/setup.ps1'
[1.108s] INFO:colcon.colcon_core.shell:Creating prefix script '/home/hisham/brokk_ws/install/local_setup.sh'
[1.108s] INFO:colcon.colcon_core.shell:Creating prefix util module '/home/hisham/brokk_ws/install/_local_setup_util_sh.py'
[1.108s] INFO:colcon.colcon_core.shell:Creating prefix chain script '/home/hisham/brokk_ws/install/setup.sh'
[1.110s] INFO:colcon.colcon_core.shell:Creating prefix script '/home/hisham/brokk_ws/install/local_setup.bash'
[1.110s] INFO:colcon.colcon_core.shell:Creating prefix chain script '/home/hisham/brokk_ws/install/setup.bash'
[1.112s] INFO:colcon.colcon_core.shell:Creating prefix script '/home/hisham/brokk_ws/install/local_setup.zsh'
[1.112s] INFO:colcon.colcon_core.shell:Creating prefix chain script '/home/hisham/brokk_ws/install/setup.zsh'
