-- Install configuration: ""
-- Execute custom install script
-- Up-to-date symlink: /home/hisham/brokk_ws/install/brokk/share/brokk/config/empty.yaml
-- Symlinking: /home/hisham/brokk_ws/install/brokk/share/brokk/config/view_brokk.rviz
-- Symlinking: /home/hisham/brokk_ws/install/brokk/share/brokk/description/brokk170_urdf/meshfiles/base.STL
-- Symlinking: /home/hisham/brokk_ws/install/brokk/share/brokk/description/brokk170_urdf/meshfiles/base.stl
-- Symlinking: /home/hisham/brokk_ws/install/brokk/share/brokk/description/brokk170_urdf/meshfiles/base_final2.dae
-- Symlinking: /home/hisham/brokk_ws/install/brokk/share/brokk/description/brokk170_urdf/meshfiles/base_final2.stl
-- Symlinking: /home/hisham/brokk_ws/install/brokk/share/brokk/description/brokk170_urdf/meshfiles/body1.STL
-- Symlinking: /home/hisham/brokk_ws/install/brokk/share/brokk/description/brokk170_urdf/meshfiles/body1.dae
-- Symlinking: /home/hisham/brokk_ws/install/brokk/share/brokk/description/brokk170_urdf/meshfiles/body1.stl
-- Symlinking: /home/hisham/brokk_ws/install/brokk/share/brokk/description/brokk170_urdf/meshfiles/body2.STL
-- Symlinking: /home/hisham/brokk_ws/install/brokk/share/brokk/description/brokk170_urdf/meshfiles/body2.dae
-- Symlinking: /home/hisham/brokk_ws/install/brokk/share/brokk/description/brokk170_urdf/meshfiles/body2.stl
-- Symlinking: /home/hisham/brokk_ws/install/brokk/share/brokk/description/brokk170_urdf/meshfiles/body3.STL
-- Symlinking: /home/hisham/brokk_ws/install/brokk/share/brokk/description/brokk170_urdf/meshfiles/body3.dae
-- Symlinking: /home/hisham/brokk_ws/install/brokk/share/brokk/description/brokk170_urdf/meshfiles/body3.stl
-- Symlinking: /home/hisham/brokk_ws/install/brokk/share/brokk/description/brokk170_urdf/meshfiles/body4.STL
-- Symlinking: /home/hisham/brokk_ws/install/brokk/share/brokk/description/brokk170_urdf/meshfiles/body4.dae
-- Symlinking: /home/hisham/brokk_ws/install/brokk/share/brokk/description/brokk170_urdf/meshfiles/body4.stl
-- Symlinking: /home/hisham/brokk_ws/install/brokk/share/brokk/description/brokk170_urdf/meshfiles/body4_scaled.STL
-- Symlinking: /home/hisham/brokk_ws/install/brokk/share/brokk/description/brokk170_urdf/meshfiles/brokk_arm.urdf
-- Symlinking: /home/hisham/brokk_ws/install/brokk/share/brokk/description/brokk170_urdf/meshfiles/legs.stl
-- Symlinking: /home/hisham/brokk_ws/install/brokk/share/brokk/description/brokk170_urdf/meshfiles/legs_final2.dae
-- Symlinking: /home/hisham/brokk_ws/install/brokk/share/brokk/description/brokk170_urdf/meshfiles/legs_final2.stl
-- Symlinking: /home/hisham/brokk_ws/install/brokk/share/brokk/description/brokk170_urdf/meshfiles/legs_reduced.dae
-- Symlinking: /home/hisham/brokk_ws/install/brokk/share/brokk/description/brokk170_urdf/meshfiles/old_backup/back/base.STL
-- Symlinking: /home/hisham/brokk_ws/install/brokk/share/brokk/description/brokk170_urdf/meshfiles/old_backup/back/body1.STL
-- Symlinking: /home/hisham/brokk_ws/install/brokk/share/brokk/description/brokk170_urdf/meshfiles/old_backup/back/body2.STL
-- Symlinking: /home/hisham/brokk_ws/install/brokk/share/brokk/description/brokk170_urdf/meshfiles/old_backup/back/body3.STL
-- Symlinking: /home/hisham/brokk_ws/install/brokk/share/brokk/description/brokk170_urdf/meshfiles/old_backup/back/body4.STL
-- Symlinking: /home/hisham/brokk_ws/install/brokk/share/brokk/description/brokk170_urdf/meshfiles/old_backup/back/legs.STL
-- Symlinking: /home/hisham/brokk_ws/install/brokk/share/brokk/description/brokk170_urdf/meshfiles/old_backup/back/legs.dae
-- Symlinking: /home/hisham/brokk_ws/install/brokk/share/brokk/description/brokk170_urdf/meshfiles/old_backup/base.dae
-- Symlinking: /home/hisham/brokk_ws/install/brokk/share/brokk/description/brokk170_urdf/meshfiles/old_backup/base.stl
-- Symlinking: /home/hisham/brokk_ws/install/brokk/share/brokk/description/brokk170_urdf/meshfiles/old_backup/legs.dae
-- Symlinking: /home/hisham/brokk_ws/install/brokk/share/brokk/description/brokk170_urdf/meshfiles/old_backup/legs.stl
-- Symlinking: /home/hisham/brokk_ws/install/brokk/share/brokk/description/brokk170_urdf/meshfiles/old_backup/tmp/base.STL
-- Symlinking: /home/hisham/brokk_ws/install/brokk/share/brokk/description/brokk170_urdf/meshfiles/old_backup/tmp/body1.STL
-- Symlinking: /home/hisham/brokk_ws/install/brokk/share/brokk/description/brokk170_urdf/meshfiles/old_backup/tmp/body2.STL
-- Symlinking: /home/hisham/brokk_ws/install/brokk/share/brokk/description/brokk170_urdf/meshfiles/old_backup/tmp/body3.STL
-- Symlinking: /home/hisham/brokk_ws/install/brokk/share/brokk/description/brokk170_urdf/meshfiles/old_backup/tmp/body4.STL
-- Symlinking: /home/hisham/brokk_ws/install/brokk/share/brokk/description/brokk170_urdf/meshfiles/tip.STL
-- Symlinking: /home/hisham/brokk_ws/install/brokk/share/brokk/description/brokk170_urdf/urdf/.urdf
-- Symlinking: /home/hisham/brokk_ws/install/brokk/share/brokk/description/brokk170_urdf/urdf/archiv/base.STL
-- Symlinking: /home/hisham/brokk_ws/install/brokk/share/brokk/description/brokk170_urdf/urdf/archiv/brokk.urdf
-- Symlinking: /home/hisham/brokk_ws/install/brokk/share/brokk/description/brokk170_urdf/urdf/archiv/brokk_arm.urdf
-- Symlinking: /home/hisham/brokk_ws/install/brokk/share/brokk/description/brokk170_urdf/urdf/archiv/brokk_robot.urdf.xacro
-- Symlinking: /home/hisham/brokk_ws/install/brokk/share/brokk/description/brokk170_urdf/urdf/archiv/my_brokk.urdf
-- Symlinking: /home/hisham/brokk_ws/install/brokk/share/brokk/description/brokk170_urdf/urdf/back/brokk_arm.urdf
-- Symlinking: /home/hisham/brokk_ws/install/brokk/share/brokk/description/brokk170_urdf/urdf/base.STL
-- Symlinking: /home/hisham/brokk_ws/install/brokk/share/brokk/description/brokk170_urdf/urdf/base_big.STL
-- Symlinking: /home/hisham/brokk_ws/install/brokk/share/brokk/description/brokk170_urdf/urdf/body1.STL
-- Symlinking: /home/hisham/brokk_ws/install/brokk/share/brokk/description/brokk170_urdf/urdf/body2.STL
-- Symlinking: /home/hisham/brokk_ws/install/brokk/share/brokk/description/brokk170_urdf/urdf/body3.STL
-- Symlinking: /home/hisham/brokk_ws/install/brokk/share/brokk/description/brokk170_urdf/urdf/body4.STL
-- Symlinking: /home/hisham/brokk_ws/install/brokk/share/brokk/description/brokk170_urdf/urdf/brokk.urdf.xacro
-- Symlinking: /home/hisham/brokk_ws/install/brokk/share/brokk/description/brokk170_urdf/urdf/brokk.xml
-- Symlinking: /home/hisham/brokk_ws/install/brokk/share/brokk/description/brokk170_urdf/urdf/brokk_arm.dae
-- Symlinking: /home/hisham/brokk_ws/install/brokk/share/brokk/description/brokk170_urdf/urdf/brokk_arm.gazebo.xacro
-- Symlinking: /home/hisham/brokk_ws/install/brokk/share/brokk/description/brokk170_urdf/urdf/brokk_arm.transmission.xacro
-- Symlinking: /home/hisham/brokk_ws/install/brokk/share/brokk/description/brokk170_urdf/urdf/brokk_arm.urdf.xacro
-- Symlinking: /home/hisham/brokk_ws/install/brokk/share/brokk/description/brokk170_urdf/urdf/common.gazebo.xacro
-- Symlinking: /home/hisham/brokk_ws/install/brokk/share/brokk/description/brokk170_urdf/urdf/root.STL
-- Up-to-date symlink: /home/hisham/brokk_ws/install/brokk/share/brokk/description/brokk_v1.urdf.xacro
-- Up-to-date symlink: /home/hisham/brokk_ws/install/brokk/share/brokk/description/brokk_v1_gazebo.xacro
-- Up-to-date symlink: /home/hisham/brokk_ws/install/brokk/share/brokk/description/brokk_v2.urdf.xacro
-- Up-to-date symlink: /home/hisham/brokk_ws/install/brokk/share/brokk/description/brokk_v2_gazebo.xacro
-- Up-to-date symlink: /home/hisham/brokk_ws/install/brokk/share/brokk/description/brokk_v3.urdf
-- Up-to-date symlink: /home/hisham/brokk_ws/install/brokk/share/brokk/description/brokk_v3.urdf.xacro
-- Up-to-date symlink: /home/hisham/brokk_ws/install/brokk/share/brokk/description/brokk_v3_gazebo.xacro
-- Up-to-date symlink: /home/hisham/brokk_ws/install/brokk/share/brokk/description/brokk_v4.urdf.xacro
-- Up-to-date symlink: /home/hisham/brokk_ws/install/brokk/share/brokk/description/brokk_v4_gazebo.xacro
-- Up-to-date symlink: /home/hisham/brokk_ws/install/brokk/share/brokk/description/brokk_v5.urdf.xacro
-- Up-to-date symlink: /home/hisham/brokk_ws/install/brokk/share/brokk/description/brokk_v5_gazebo.xacro
-- Up-to-date symlink: /home/hisham/brokk_ws/install/brokk/share/brokk/description/common_properties.xacro
-- Up-to-date symlink: /home/hisham/brokk_ws/install/brokk/share/brokk/description/legs_final2.stl
-- Up-to-date symlink: /home/hisham/brokk_ws/install/brokk/share/brokk/description/meshes/legs_final2.stl
-- Up-to-date symlink: /home/hisham/brokk_ws/install/brokk/share/brokk/description/meshes/turtlebot_improv.dae
-- Up-to-date symlink: /home/hisham/brokk_ws/install/brokk/share/brokk/description/meshes/turtlebot_improv.stl
-- Up-to-date symlink: /home/hisham/brokk_ws/install/brokk/share/brokk/description/robot.urdf.xacro
-- Up-to-date symlink: /home/hisham/brokk_ws/install/brokk/share/brokk/description/simple.urdf.xacro
-- Up-to-date symlink: /home/hisham/brokk_ws/install/brokk/share/brokk/description/turtlebot3_prismatic.urdf.xacro
-- Up-to-date symlink: /home/hisham/brokk_ws/install/brokk/share/brokk/description/turtlebot_improv.dae
-- Up-to-date symlink: /home/hisham/brokk_ws/install/brokk/share/brokk/description/turtlebot_improv.gazebo.xacro
-- Up-to-date symlink: /home/hisham/brokk_ws/install/brokk/share/brokk/description/turtlebot_improv.stl
-- Up-to-date symlink: /home/hisham/brokk_ws/install/brokk/share/brokk/launch/rsp.launch.py
-- Up-to-date symlink: /home/hisham/brokk_ws/install/brokk/share/brokk/worlds/empty.world
-- Up-to-date symlink: /home/hisham/brokk_ws/install/brokk/share/brokk/description/meshes/meshes/legs_final2.stl
-- Up-to-date symlink: /home/hisham/brokk_ws/install/brokk/share/brokk/description/meshes/meshes/turtlebot_improv.dae
-- Up-to-date symlink: /home/hisham/brokk_ws/install/brokk/share/brokk/description/meshes/meshes/turtlebot_improv.stl
-- Up-to-date symlink: /home/hisham/brokk_ws/install/brokk/share/ament_index/resource_index/package_run_dependencies/brokk
-- Up-to-date symlink: /home/hisham/brokk_ws/install/brokk/share/ament_index/resource_index/parent_prefix_path/brokk
-- Up-to-date symlink: /home/hisham/brokk_ws/install/brokk/share/brokk/environment/ament_prefix_path.sh
-- Up-to-date symlink: /home/hisham/brokk_ws/install/brokk/share/brokk/environment/ament_prefix_path.dsv
-- Up-to-date symlink: /home/hisham/brokk_ws/install/brokk/share/brokk/environment/path.sh
-- Up-to-date symlink: /home/hisham/brokk_ws/install/brokk/share/brokk/environment/path.dsv
-- Up-to-date symlink: /home/hisham/brokk_ws/install/brokk/share/brokk/local_setup.bash
-- Up-to-date symlink: /home/hisham/brokk_ws/install/brokk/share/brokk/local_setup.sh
-- Up-to-date symlink: /home/hisham/brokk_ws/install/brokk/share/brokk/local_setup.zsh
-- Up-to-date symlink: /home/hisham/brokk_ws/install/brokk/share/brokk/local_setup.dsv
-- Symlinking: /home/hisham/brokk_ws/install/brokk/share/brokk/package.dsv
-- Up-to-date symlink: /home/hisham/brokk_ws/install/brokk/share/ament_index/resource_index/packages/brokk
-- Up-to-date symlink: /home/hisham/brokk_ws/install/brokk/share/brokk/cmake/brokkConfig.cmake
-- Up-to-date symlink: /home/hisham/brokk_ws/install/brokk/share/brokk/cmake/brokkConfig-version.cmake
-- Up-to-date symlink: /home/hisham/brokk_ws/install/brokk/share/brokk/package.xml
