[0.018s] Invoking command in '/home/hisham/brokk_ws/build/brokk': CMAKE_PREFIX_PATH=${CMAKE_PREFIX_PATH}:/home/hisham/turtlebot3_ws/install/turtlebot3_teleop:/home/hisham/turtlebot3_ws/install/turtlebot3_example:/opt/ros/humble /usr/bin/cmake --build /home/hisham/brokk_ws/build/brokk -- -j12 -l12
[0.045s] Invoked command in '/home/hisham/brokk_ws/build/brokk' returned '0': CMAKE_PREFIX_PATH=${CMAKE_PREFIX_PATH}:/home/hisham/turtlebot3_ws/install/turtlebot3_teleop:/home/hisham/turtlebot3_ws/install/turtlebot3_example:/opt/ros/humble /usr/bin/cmake --build /home/hisham/brokk_ws/build/brokk -- -j12 -l12
[0.067s] Invoking command in '/home/hisham/brokk_ws/build/brokk': CMAKE_PREFIX_PATH=${CMAKE_PREFIX_PATH}:/home/hisham/turtlebot3_ws/install/turtlebot3_teleop:/home/hisham/turtlebot3_ws/install/turtlebot3_example:/opt/ros/humble /usr/bin/cmake --install /home/hisham/brokk_ws/build/brokk
[0.072s] -- Install configuration: ""
[0.073s] -- Execute custom install script
[0.073s] -- Up-to-date symlink: /home/hisham/brokk_ws/install/brokk/share/brokk/config/empty.yaml
[0.073s] -- Symlinking: /home/hisham/brokk_ws/install/brokk/share/brokk/config/view_brokk.rviz
[0.080s] -- Symlinking: /home/hisham/brokk_ws/install/brokk/share/brokk/description/brokk170_urdf/meshfiles/base.STL
[0.086s] -- Symlinking: /home/hisham/brokk_ws/install/brokk/share/brokk/description/brokk170_urdf/meshfiles/base.stl
[0.092s] -- Symlinking: /home/hisham/brokk_ws/install/brokk/share/brokk/description/brokk170_urdf/meshfiles/base_final2.dae
[0.099s] -- Symlinking: /home/hisham/brokk_ws/install/brokk/share/brokk/description/brokk170_urdf/meshfiles/base_final2.stl
[0.105s] -- Symlinking: /home/hisham/brokk_ws/install/brokk/share/brokk/description/brokk170_urdf/meshfiles/body1.STL
[0.111s] -- Symlinking: /home/hisham/brokk_ws/install/brokk/share/brokk/description/brokk170_urdf/meshfiles/body1.dae
[0.117s] -- Symlinking: /home/hisham/brokk_ws/install/brokk/share/brokk/description/brokk170_urdf/meshfiles/body1.stl
[0.123s] -- Symlinking: /home/hisham/brokk_ws/install/brokk/share/brokk/description/brokk170_urdf/meshfiles/body2.STL
[0.129s] -- Symlinking: /home/hisham/brokk_ws/install/brokk/share/brokk/description/brokk170_urdf/meshfiles/body2.dae
[0.136s] -- Symlinking: /home/hisham/brokk_ws/install/brokk/share/brokk/description/brokk170_urdf/meshfiles/body2.stl
[0.144s] -- Symlinking: /home/hisham/brokk_ws/install/brokk/share/brokk/description/brokk170_urdf/meshfiles/body3.STL
[0.151s] -- Symlinking: /home/hisham/brokk_ws/install/brokk/share/brokk/description/brokk170_urdf/meshfiles/body3.dae
[0.158s] -- Symlinking: /home/hisham/brokk_ws/install/brokk/share/brokk/description/brokk170_urdf/meshfiles/body3.stl
[0.164s] -- Symlinking: /home/hisham/brokk_ws/install/brokk/share/brokk/description/brokk170_urdf/meshfiles/body4.STL
[0.171s] -- Symlinking: /home/hisham/brokk_ws/install/brokk/share/brokk/description/brokk170_urdf/meshfiles/body4.dae
[0.177s] -- Symlinking: /home/hisham/brokk_ws/install/brokk/share/brokk/description/brokk170_urdf/meshfiles/body4.stl
[0.183s] -- Symlinking: /home/hisham/brokk_ws/install/brokk/share/brokk/description/brokk170_urdf/meshfiles/body4_scaled.STL
[0.189s] -- Symlinking: /home/hisham/brokk_ws/install/brokk/share/brokk/description/brokk170_urdf/meshfiles/brokk_arm.urdf
[0.195s] -- Symlinking: /home/hisham/brokk_ws/install/brokk/share/brokk/description/brokk170_urdf/meshfiles/legs.stl
[0.201s] -- Symlinking: /home/hisham/brokk_ws/install/brokk/share/brokk/description/brokk170_urdf/meshfiles/legs_final2.dae
[0.207s] -- Symlinking: /home/hisham/brokk_ws/install/brokk/share/brokk/description/brokk170_urdf/meshfiles/legs_final2.stl
[0.213s] -- Symlinking: /home/hisham/brokk_ws/install/brokk/share/brokk/description/brokk170_urdf/meshfiles/legs_reduced.dae
[0.220s] -- Symlinking: /home/hisham/brokk_ws/install/brokk/share/brokk/description/brokk170_urdf/meshfiles/old_backup/back/base.STL
[0.226s] -- Symlinking: /home/hisham/brokk_ws/install/brokk/share/brokk/description/brokk170_urdf/meshfiles/old_backup/back/body1.STL
[0.232s] -- Symlinking: /home/hisham/brokk_ws/install/brokk/share/brokk/description/brokk170_urdf/meshfiles/old_backup/back/body2.STL
[0.238s] -- Symlinking: /home/hisham/brokk_ws/install/brokk/share/brokk/description/brokk170_urdf/meshfiles/old_backup/back/body3.STL
[0.245s] -- Symlinking: /home/hisham/brokk_ws/install/brokk/share/brokk/description/brokk170_urdf/meshfiles/old_backup/back/body4.STL
[0.251s] -- Symlinking: /home/hisham/brokk_ws/install/brokk/share/brokk/description/brokk170_urdf/meshfiles/old_backup/back/legs.STL
[0.257s] -- Symlinking: /home/hisham/brokk_ws/install/brokk/share/brokk/description/brokk170_urdf/meshfiles/old_backup/back/legs.dae
[0.263s] -- Symlinking: /home/hisham/brokk_ws/install/brokk/share/brokk/description/brokk170_urdf/meshfiles/old_backup/base.dae
[0.269s] -- Symlinking: /home/hisham/brokk_ws/install/brokk/share/brokk/description/brokk170_urdf/meshfiles/old_backup/base.stl
[0.275s] -- Symlinking: /home/hisham/brokk_ws/install/brokk/share/brokk/description/brokk170_urdf/meshfiles/old_backup/legs.dae
[0.281s] -- Symlinking: /home/hisham/brokk_ws/install/brokk/share/brokk/description/brokk170_urdf/meshfiles/old_backup/legs.stl
[0.287s] -- Symlinking: /home/hisham/brokk_ws/install/brokk/share/brokk/description/brokk170_urdf/meshfiles/old_backup/tmp/base.STL
[0.293s] -- Symlinking: /home/hisham/brokk_ws/install/brokk/share/brokk/description/brokk170_urdf/meshfiles/old_backup/tmp/body1.STL
[0.299s] -- Symlinking: /home/hisham/brokk_ws/install/brokk/share/brokk/description/brokk170_urdf/meshfiles/old_backup/tmp/body2.STL
[0.305s] -- Symlinking: /home/hisham/brokk_ws/install/brokk/share/brokk/description/brokk170_urdf/meshfiles/old_backup/tmp/body3.STL
[0.311s] -- Symlinking: /home/hisham/brokk_ws/install/brokk/share/brokk/description/brokk170_urdf/meshfiles/old_backup/tmp/body4.STL
[0.317s] -- Symlinking: /home/hisham/brokk_ws/install/brokk/share/brokk/description/brokk170_urdf/meshfiles/tip.STL
[0.323s] -- Symlinking: /home/hisham/brokk_ws/install/brokk/share/brokk/description/brokk170_urdf/urdf/.urdf
[0.330s] -- Symlinking: /home/hisham/brokk_ws/install/brokk/share/brokk/description/brokk170_urdf/urdf/archiv/base.STL
[0.336s] -- Symlinking: /home/hisham/brokk_ws/install/brokk/share/brokk/description/brokk170_urdf/urdf/archiv/brokk.urdf
[0.343s] -- Symlinking: /home/hisham/brokk_ws/install/brokk/share/brokk/description/brokk170_urdf/urdf/archiv/brokk_arm.urdf
[0.349s] -- Symlinking: /home/hisham/brokk_ws/install/brokk/share/brokk/description/brokk170_urdf/urdf/archiv/brokk_robot.urdf.xacro
[0.355s] -- Symlinking: /home/hisham/brokk_ws/install/brokk/share/brokk/description/brokk170_urdf/urdf/archiv/my_brokk.urdf
[0.361s] -- Symlinking: /home/hisham/brokk_ws/install/brokk/share/brokk/description/brokk170_urdf/urdf/back/brokk_arm.urdf
[0.368s] -- Symlinking: /home/hisham/brokk_ws/install/brokk/share/brokk/description/brokk170_urdf/urdf/base.STL
[0.374s] -- Symlinking: /home/hisham/brokk_ws/install/brokk/share/brokk/description/brokk170_urdf/urdf/base_big.STL
[0.380s] -- Symlinking: /home/hisham/brokk_ws/install/brokk/share/brokk/description/brokk170_urdf/urdf/body1.STL
[0.386s] -- Symlinking: /home/hisham/brokk_ws/install/brokk/share/brokk/description/brokk170_urdf/urdf/body2.STL
[0.392s] -- Symlinking: /home/hisham/brokk_ws/install/brokk/share/brokk/description/brokk170_urdf/urdf/body3.STL
[0.398s] -- Symlinking: /home/hisham/brokk_ws/install/brokk/share/brokk/description/brokk170_urdf/urdf/body4.STL
[0.404s] -- Symlinking: /home/hisham/brokk_ws/install/brokk/share/brokk/description/brokk170_urdf/urdf/brokk.urdf.xacro
[0.410s] -- Symlinking: /home/hisham/brokk_ws/install/brokk/share/brokk/description/brokk170_urdf/urdf/brokk.xml
[0.417s] -- Symlinking: /home/hisham/brokk_ws/install/brokk/share/brokk/description/brokk170_urdf/urdf/brokk_arm.dae
[0.423s] -- Symlinking: /home/hisham/brokk_ws/install/brokk/share/brokk/description/brokk170_urdf/urdf/brokk_arm.gazebo.xacro
[0.429s] -- Symlinking: /home/hisham/brokk_ws/install/brokk/share/brokk/description/brokk170_urdf/urdf/brokk_arm.transmission.xacro
[0.435s] -- Symlinking: /home/hisham/brokk_ws/install/brokk/share/brokk/description/brokk170_urdf/urdf/brokk_arm.urdf.xacro
[0.442s] -- Symlinking: /home/hisham/brokk_ws/install/brokk/share/brokk/description/brokk170_urdf/urdf/common.gazebo.xacro
[0.449s] -- Symlinking: /home/hisham/brokk_ws/install/brokk/share/brokk/description/brokk170_urdf/urdf/root.STL
[0.456s] -- Up-to-date symlink: /home/hisham/brokk_ws/install/brokk/share/brokk/description/brokk_v1.urdf.xacro
[0.456s] -- Up-to-date symlink: /home/hisham/brokk_ws/install/brokk/share/brokk/description/brokk_v1_gazebo.xacro
[0.456s] -- Up-to-date symlink: /home/hisham/brokk_ws/install/brokk/share/brokk/description/brokk_v2.urdf.xacro
[0.456s] -- Up-to-date symlink: /home/hisham/brokk_ws/install/brokk/share/brokk/description/brokk_v2_gazebo.xacro
[0.456s] -- Up-to-date symlink: /home/hisham/brokk_ws/install/brokk/share/brokk/description/brokk_v3.urdf
[0.457s] -- Up-to-date symlink: /home/hisham/brokk_ws/install/brokk/share/brokk/description/brokk_v3.urdf.xacro
[0.457s] -- Up-to-date symlink: /home/hisham/brokk_ws/install/brokk/share/brokk/description/brokk_v3_gazebo.xacro
[0.457s] -- Up-to-date symlink: /home/hisham/brokk_ws/install/brokk/share/brokk/description/brokk_v4.urdf.xacro
[0.457s] -- Up-to-date symlink: /home/hisham/brokk_ws/install/brokk/share/brokk/description/brokk_v4_gazebo.xacro
[0.457s] -- Up-to-date symlink: /home/hisham/brokk_ws/install/brokk/share/brokk/description/brokk_v5.urdf.xacro
[0.457s] -- Up-to-date symlink: /home/hisham/brokk_ws/install/brokk/share/brokk/description/brokk_v5_gazebo.xacro
[0.457s] -- Up-to-date symlink: /home/hisham/brokk_ws/install/brokk/share/brokk/description/common_properties.xacro
[0.457s] -- Up-to-date symlink: /home/hisham/brokk_ws/install/brokk/share/brokk/description/legs_final2.stl
[0.457s] -- Up-to-date symlink: /home/hisham/brokk_ws/install/brokk/share/brokk/description/meshes/legs_final2.stl
[0.457s] -- Up-to-date symlink: /home/hisham/brokk_ws/install/brokk/share/brokk/description/meshes/turtlebot_improv.dae
[0.457s] -- Up-to-date symlink: /home/hisham/brokk_ws/install/brokk/share/brokk/description/meshes/turtlebot_improv.stl
[0.457s] -- Up-to-date symlink: /home/hisham/brokk_ws/install/brokk/share/brokk/description/robot.urdf.xacro
[0.457s] -- Up-to-date symlink: /home/hisham/brokk_ws/install/brokk/share/brokk/description/simple.urdf.xacro
[0.457s] -- Up-to-date symlink: /home/hisham/brokk_ws/install/brokk/share/brokk/description/turtlebot3_prismatic.urdf.xacro
[0.457s] -- Up-to-date symlink: /home/hisham/brokk_ws/install/brokk/share/brokk/description/turtlebot_improv.dae
[0.457s] -- Up-to-date symlink: /home/hisham/brokk_ws/install/brokk/share/brokk/description/turtlebot_improv.gazebo.xacro
[0.457s] -- Up-to-date symlink: /home/hisham/brokk_ws/install/brokk/share/brokk/description/turtlebot_improv.stl
[0.458s] -- Up-to-date symlink: /home/hisham/brokk_ws/install/brokk/share/brokk/launch/rsp.launch.py
[0.458s] -- Up-to-date symlink: /home/hisham/brokk_ws/install/brokk/share/brokk/worlds/empty.world
[0.458s] -- Up-to-date symlink: /home/hisham/brokk_ws/install/brokk/share/brokk/description/meshes/meshes/legs_final2.stl
[0.458s] -- Up-to-date symlink: /home/hisham/brokk_ws/install/brokk/share/brokk/description/meshes/meshes/turtlebot_improv.dae
[0.458s] -- Up-to-date symlink: /home/hisham/brokk_ws/install/brokk/share/brokk/description/meshes/meshes/turtlebot_improv.stl
[0.458s] -- Up-to-date symlink: /home/hisham/brokk_ws/install/brokk/share/ament_index/resource_index/package_run_dependencies/brokk
[0.458s] -- Up-to-date symlink: /home/hisham/brokk_ws/install/brokk/share/ament_index/resource_index/parent_prefix_path/brokk
[0.458s] -- Up-to-date symlink: /home/hisham/brokk_ws/install/brokk/share/brokk/environment/ament_prefix_path.sh
[0.459s] -- Up-to-date symlink: /home/hisham/brokk_ws/install/brokk/share/brokk/environment/ament_prefix_path.dsv
[0.459s] -- Up-to-date symlink: /home/hisham/brokk_ws/install/brokk/share/brokk/environment/path.sh
[0.459s] -- Up-to-date symlink: /home/hisham/brokk_ws/install/brokk/share/brokk/environment/path.dsv
[0.459s] -- Up-to-date symlink: /home/hisham/brokk_ws/install/brokk/share/brokk/local_setup.bash
[0.459s] -- Up-to-date symlink: /home/hisham/brokk_ws/install/brokk/share/brokk/local_setup.sh
[0.459s] -- Up-to-date symlink: /home/hisham/brokk_ws/install/brokk/share/brokk/local_setup.zsh
[0.459s] -- Up-to-date symlink: /home/hisham/brokk_ws/install/brokk/share/brokk/local_setup.dsv
[0.459s] -- Symlinking: /home/hisham/brokk_ws/install/brokk/share/brokk/package.dsv
[0.467s] -- Up-to-date symlink: /home/hisham/brokk_ws/install/brokk/share/ament_index/resource_index/packages/brokk
[0.467s] -- Up-to-date symlink: /home/hisham/brokk_ws/install/brokk/share/brokk/cmake/brokkConfig.cmake
[0.467s] -- Up-to-date symlink: /home/hisham/brokk_ws/install/brokk/share/brokk/cmake/brokkConfig-version.cmake
[0.467s] -- Up-to-date symlink: /home/hisham/brokk_ws/install/brokk/share/brokk/package.xml
[0.469s] Invoked command in '/home/hisham/brokk_ws/build/brokk' returned '0': CMAKE_PREFIX_PATH=${CMAKE_PREFIX_PATH}:/home/hisham/turtlebot3_ws/install/turtlebot3_teleop:/home/hisham/turtlebot3_ws/install/turtlebot3_example:/opt/ros/humble /usr/bin/cmake --install /home/hisham/brokk_ws/build/brokk
