[0.021s] Invoking command in '/home/hisham/brokk_ws/build/brokk': CMAKE_PREFIX_PATH=${CMAKE_PREFIX_PATH}:/home/hisham/turtlebot3_ws/install/turtlebot3_teleop:/home/hisham/turtlebot3_ws/install/turtlebot3_example:/opt/ros/humble /usr/bin/cmake --build /home/hisham/brokk_ws/build/brokk -- -j12 -l12
[0.048s] Invoked command in '/home/hisham/brokk_ws/build/brokk' returned '0': CMAKE_PREFIX_PATH=${CMAKE_PREFIX_PATH}:/home/hisham/turtlebot3_ws/install/turtlebot3_teleop:/home/hisham/turtlebot3_ws/install/turtlebot3_example:/opt/ros/humble /usr/bin/cmake --build /home/hisham/brokk_ws/build/brokk -- -j12 -l12
[0.071s] Invoking command in '/home/hisham/brokk_ws/build/brokk': CMAKE_PREFIX_PATH=${CMAKE_PREFIX_PATH}:/home/hisham/turtlebot3_ws/install/turtlebot3_teleop:/home/hisham/turtlebot3_ws/install/turtlebot3_example:/opt/ros/humble /usr/bin/cmake --install /home/hisham/brokk_ws/build/brokk
[0.076s] -- Install configuration: ""
[0.077s] -- Execute custom install script
[0.077s] -- Up-to-date symlink: /home/hisham/brokk_ws/install/brokk/share/brokk/config/empty.yaml
[0.077s] -- Up-to-date symlink: /home/hisham/brokk_ws/install/brokk/share/brokk/config/view_brokk.rviz
[0.078s] -- Up-to-date symlink: /home/hisham/brokk_ws/install/brokk/share/brokk/description/brokk170_urdf/meshfiles_unused/base.STL
[0.078s] -- Up-to-date symlink: /home/hisham/brokk_ws/install/brokk/share/brokk/description/brokk170_urdf/meshfiles_unused/base.stl
[0.081s] -- Up-to-date symlink: /home/hisham/brokk_ws/install/brokk/share/brokk/description/brokk170_urdf/meshfiles_unused/base_final2.dae
[0.082s] -- Up-to-date symlink: /home/hisham/brokk_ws/install/brokk/share/brokk/description/brokk170_urdf/meshfiles_unused/base_final2.stl
[0.082s] -- Up-to-date symlink: /home/hisham/brokk_ws/install/brokk/share/brokk/description/brokk170_urdf/meshfiles_unused/body1.STL
[0.084s] -- Up-to-date symlink: /home/hisham/brokk_ws/install/brokk/share/brokk/description/brokk170_urdf/meshfiles_unused/body1.dae
[0.085s] -- Up-to-date symlink: /home/hisham/brokk_ws/install/brokk/share/brokk/description/brokk170_urdf/meshfiles_unused/body1.stl
[0.085s] -- Up-to-date symlink: /home/hisham/brokk_ws/install/brokk/share/brokk/description/brokk170_urdf/meshfiles_unused/body2.STL
[0.086s] -- Up-to-date symlink: /home/hisham/brokk_ws/install/brokk/share/brokk/description/brokk170_urdf/meshfiles_unused/body2.dae
[0.086s] -- Up-to-date symlink: /home/hisham/brokk_ws/install/brokk/share/brokk/description/brokk170_urdf/meshfiles_unused/body2.stl
[0.086s] -- Up-to-date symlink: /home/hisham/brokk_ws/install/brokk/share/brokk/description/brokk170_urdf/meshfiles_unused/body3.STL
[0.086s] -- Up-to-date symlink: /home/hisham/brokk_ws/install/brokk/share/brokk/description/brokk170_urdf/meshfiles_unused/body3.dae
[0.086s] -- Up-to-date symlink: /home/hisham/brokk_ws/install/brokk/share/brokk/description/brokk170_urdf/meshfiles_unused/body3.stl
[0.087s] -- Up-to-date symlink: /home/hisham/brokk_ws/install/brokk/share/brokk/description/brokk170_urdf/meshfiles_unused/body4.STL
[0.087s] -- Up-to-date symlink: /home/hisham/brokk_ws/install/brokk/share/brokk/description/brokk170_urdf/meshfiles_unused/body4.dae
[0.087s] -- Up-to-date symlink: /home/hisham/brokk_ws/install/brokk/share/brokk/description/brokk170_urdf/meshfiles_unused/body4.stl
[0.088s] -- Up-to-date symlink: /home/hisham/brokk_ws/install/brokk/share/brokk/description/brokk170_urdf/meshfiles_unused/body4_scaled.STL
[0.088s] -- Up-to-date symlink: /home/hisham/brokk_ws/install/brokk/share/brokk/description/brokk170_urdf/meshfiles_unused/brokk_arm.urdf
[0.088s] -- Up-to-date symlink: /home/hisham/brokk_ws/install/brokk/share/brokk/description/brokk170_urdf/meshfiles_unused/legs.stl
[0.088s] -- Up-to-date symlink: /home/hisham/brokk_ws/install/brokk/share/brokk/description/brokk170_urdf/meshfiles_unused/legs_final2.dae
[0.088s] -- Up-to-date symlink: /home/hisham/brokk_ws/install/brokk/share/brokk/description/brokk170_urdf/meshfiles_unused/legs_final2.stl
[0.088s] -- Up-to-date symlink: /home/hisham/brokk_ws/install/brokk/share/brokk/description/brokk170_urdf/meshfiles_unused/legs_reduced.dae
[0.090s] -- Up-to-date symlink: /home/hisham/brokk_ws/install/brokk/share/brokk/description/brokk170_urdf/meshfiles_unused/old_backup/back/base.STL
[0.090s] -- Up-to-date symlink: /home/hisham/brokk_ws/install/brokk/share/brokk/description/brokk170_urdf/meshfiles_unused/old_backup/back/body1.STL
[0.090s] -- Up-to-date symlink: /home/hisham/brokk_ws/install/brokk/share/brokk/description/brokk170_urdf/meshfiles_unused/old_backup/back/body2.STL
[0.091s] -- Up-to-date symlink: /home/hisham/brokk_ws/install/brokk/share/brokk/description/brokk170_urdf/meshfiles_unused/old_backup/back/body3.STL
[0.091s] -- Up-to-date symlink: /home/hisham/brokk_ws/install/brokk/share/brokk/description/brokk170_urdf/meshfiles_unused/old_backup/back/body4.STL
[0.091s] -- Up-to-date symlink: /home/hisham/brokk_ws/install/brokk/share/brokk/description/brokk170_urdf/meshfiles_unused/old_backup/back/legs.STL
[0.091s] -- Up-to-date symlink: /home/hisham/brokk_ws/install/brokk/share/brokk/description/brokk170_urdf/meshfiles_unused/old_backup/back/legs.dae
[0.092s] -- Up-to-date symlink: /home/hisham/brokk_ws/install/brokk/share/brokk/description/brokk170_urdf/meshfiles_unused/old_backup/base.dae
[0.094s] -- Up-to-date symlink: /home/hisham/brokk_ws/install/brokk/share/brokk/description/brokk170_urdf/meshfiles_unused/old_backup/base.stl
[0.094s] -- Up-to-date symlink: /home/hisham/brokk_ws/install/brokk/share/brokk/description/brokk170_urdf/meshfiles_unused/old_backup/legs.dae
[0.094s] -- Up-to-date symlink: /home/hisham/brokk_ws/install/brokk/share/brokk/description/brokk170_urdf/meshfiles_unused/old_backup/legs.stl
[0.095s] -- Up-to-date symlink: /home/hisham/brokk_ws/install/brokk/share/brokk/description/brokk170_urdf/meshfiles_unused/old_backup/tmp/base.STL
[0.095s] -- Up-to-date symlink: /home/hisham/brokk_ws/install/brokk/share/brokk/description/brokk170_urdf/meshfiles_unused/old_backup/tmp/body1.STL
[0.095s] -- Up-to-date symlink: /home/hisham/brokk_ws/install/brokk/share/brokk/description/brokk170_urdf/meshfiles_unused/old_backup/tmp/body2.STL
[0.095s] -- Up-to-date symlink: /home/hisham/brokk_ws/install/brokk/share/brokk/description/brokk170_urdf/meshfiles_unused/old_backup/tmp/body3.STL
[0.096s] -- Up-to-date symlink: /home/hisham/brokk_ws/install/brokk/share/brokk/description/brokk170_urdf/meshfiles_unused/old_backup/tmp/body4.STL
[0.096s] -- Up-to-date symlink: /home/hisham/brokk_ws/install/brokk/share/brokk/description/brokk170_urdf/meshfiles_unused/tip.STL
[0.096s] -- Up-to-date symlink: /home/hisham/brokk_ws/install/brokk/share/brokk/description/brokk170_urdf/urdf/.urdf
[0.096s] -- Up-to-date symlink: /home/hisham/brokk_ws/install/brokk/share/brokk/description/brokk170_urdf/urdf/archiv/base.STL
[0.097s] -- Up-to-date symlink: /home/hisham/brokk_ws/install/brokk/share/brokk/description/brokk170_urdf/urdf/archiv/brokk.urdf
[0.097s] -- Up-to-date symlink: /home/hisham/brokk_ws/install/brokk/share/brokk/description/brokk170_urdf/urdf/archiv/brokk_arm.urdf
[0.097s] -- Up-to-date symlink: /home/hisham/brokk_ws/install/brokk/share/brokk/description/brokk170_urdf/urdf/archiv/brokk_robot.urdf.xacro
[0.098s] -- Up-to-date symlink: /home/hisham/brokk_ws/install/brokk/share/brokk/description/brokk170_urdf/urdf/archiv/my_brokk.urdf
[0.098s] -- Up-to-date symlink: /home/hisham/brokk_ws/install/brokk/share/brokk/description/brokk170_urdf/urdf/back/brokk_arm.urdf
[0.098s] -- Up-to-date symlink: /home/hisham/brokk_ws/install/brokk/share/brokk/description/brokk170_urdf/urdf/base.STL
[0.098s] -- Up-to-date symlink: /home/hisham/brokk_ws/install/brokk/share/brokk/description/brokk170_urdf/urdf/base_big.STL
[0.098s] -- Up-to-date symlink: /home/hisham/brokk_ws/install/brokk/share/brokk/description/brokk170_urdf/urdf/body1.STL
[0.099s] -- Up-to-date symlink: /home/hisham/brokk_ws/install/brokk/share/brokk/description/brokk170_urdf/urdf/body2.STL
[0.099s] -- Up-to-date symlink: /home/hisham/brokk_ws/install/brokk/share/brokk/description/brokk170_urdf/urdf/body3.STL
[0.099s] -- Up-to-date symlink: /home/hisham/brokk_ws/install/brokk/share/brokk/description/brokk170_urdf/urdf/body4.STL
[0.102s] -- Up-to-date symlink: /home/hisham/brokk_ws/install/brokk/share/brokk/description/brokk170_urdf/urdf/brokk.urdf.xacro
[0.102s] -- Up-to-date symlink: /home/hisham/brokk_ws/install/brokk/share/brokk/description/brokk170_urdf/urdf/brokk.xml
[0.102s] -- Up-to-date symlink: /home/hisham/brokk_ws/install/brokk/share/brokk/description/brokk170_urdf/urdf/brokk_arm.dae
[0.102s] -- Up-to-date symlink: /home/hisham/brokk_ws/install/brokk/share/brokk/description/brokk170_urdf/urdf/brokk_arm.gazebo.xacro
[0.102s] -- Up-to-date symlink: /home/hisham/brokk_ws/install/brokk/share/brokk/description/brokk170_urdf/urdf/brokk_arm.transmission.xacro
[0.102s] -- Up-to-date symlink: /home/hisham/brokk_ws/install/brokk/share/brokk/description/brokk170_urdf/urdf/brokk_arm.urdf.xacro
[0.102s] -- Up-to-date symlink: /home/hisham/brokk_ws/install/brokk/share/brokk/description/brokk170_urdf/urdf/common.gazebo.xacro
[0.103s] -- Up-to-date symlink: /home/hisham/brokk_ws/install/brokk/share/brokk/description/brokk170_urdf/urdf/root.STL
[0.103s] -- Up-to-date symlink: /home/hisham/brokk_ws/install/brokk/share/brokk/description/brokk_hishversion/brokk_vH.urdf.xacro
[0.103s] -- Up-to-date symlink: /home/hisham/brokk_ws/install/brokk/share/brokk/description/brokk_hishversion/meshfiles/base.STL
[0.103s] -- Up-to-date symlink: /home/hisham/brokk_ws/install/brokk/share/brokk/description/brokk_hishversion/meshfiles/base.stl
[0.103s] -- Up-to-date symlink: /home/hisham/brokk_ws/install/brokk/share/brokk/description/brokk_hishversion/meshfiles/base_final2.dae
[0.103s] -- Up-to-date symlink: /home/hisham/brokk_ws/install/brokk/share/brokk/description/brokk_hishversion/meshfiles/base_final2.stl
[0.103s] -- Up-to-date symlink: /home/hisham/brokk_ws/install/brokk/share/brokk/description/brokk_hishversion/meshfiles/body1.STL
[0.104s] -- Up-to-date symlink: /home/hisham/brokk_ws/install/brokk/share/brokk/description/brokk_hishversion/meshfiles/body1.dae
[0.104s] -- Up-to-date symlink: /home/hisham/brokk_ws/install/brokk/share/brokk/description/brokk_hishversion/meshfiles/body1.stl
[0.104s] -- Up-to-date symlink: /home/hisham/brokk_ws/install/brokk/share/brokk/description/brokk_hishversion/meshfiles/body2.STL
[0.105s] -- Up-to-date symlink: /home/hisham/brokk_ws/install/brokk/share/brokk/description/brokk_hishversion/meshfiles/body2.dae
[0.105s] -- Up-to-date symlink: /home/hisham/brokk_ws/install/brokk/share/brokk/description/brokk_hishversion/meshfiles/body2.stl
[0.106s] -- Up-to-date symlink: /home/hisham/brokk_ws/install/brokk/share/brokk/description/brokk_hishversion/meshfiles/body3.STL
[0.106s] -- Up-to-date symlink: /home/hisham/brokk_ws/install/brokk/share/brokk/description/brokk_hishversion/meshfiles/body3.dae
[0.106s] -- Up-to-date symlink: /home/hisham/brokk_ws/install/brokk/share/brokk/description/brokk_hishversion/meshfiles/body3.stl
[0.106s] -- Up-to-date symlink: /home/hisham/brokk_ws/install/brokk/share/brokk/description/brokk_hishversion/meshfiles/body4.STL
[0.106s] -- Up-to-date symlink: /home/hisham/brokk_ws/install/brokk/share/brokk/description/brokk_hishversion/meshfiles/body4.dae
[0.107s] -- Up-to-date symlink: /home/hisham/brokk_ws/install/brokk/share/brokk/description/brokk_hishversion/meshfiles/body4.stl
[0.107s] -- Up-to-date symlink: /home/hisham/brokk_ws/install/brokk/share/brokk/description/brokk_hishversion/meshfiles/body4_scaled.STL
[0.107s] -- Up-to-date symlink: /home/hisham/brokk_ws/install/brokk/share/brokk/description/brokk_hishversion/meshfiles/brokk_arm.urdf
[0.109s] -- Up-to-date symlink: /home/hisham/brokk_ws/install/brokk/share/brokk/description/brokk_hishversion/meshfiles/legs.stl
[0.109s] -- Up-to-date symlink: /home/hisham/brokk_ws/install/brokk/share/brokk/description/brokk_hishversion/meshfiles/legs_final2.dae
[0.109s] -- Up-to-date symlink: /home/hisham/brokk_ws/install/brokk/share/brokk/description/brokk_hishversion/meshfiles/legs_final2.stl
[0.109s] -- Up-to-date symlink: /home/hisham/brokk_ws/install/brokk/share/brokk/description/brokk_hishversion/meshfiles/legs_reduced.dae
[0.110s] -- Up-to-date symlink: /home/hisham/brokk_ws/install/brokk/share/brokk/description/brokk_hishversion/meshfiles/old_backup/back/base.STL
[0.110s] -- Up-to-date symlink: /home/hisham/brokk_ws/install/brokk/share/brokk/description/brokk_hishversion/meshfiles/old_backup/back/body1.STL
[0.110s] -- Up-to-date symlink: /home/hisham/brokk_ws/install/brokk/share/brokk/description/brokk_hishversion/meshfiles/old_backup/back/body2.STL
[0.110s] -- Up-to-date symlink: /home/hisham/brokk_ws/install/brokk/share/brokk/description/brokk_hishversion/meshfiles/old_backup/back/body3.STL
[0.111s] -- Up-to-date symlink: /home/hisham/brokk_ws/install/brokk/share/brokk/description/brokk_hishversion/meshfiles/old_backup/back/body4.STL
[0.111s] -- Up-to-date symlink: /home/hisham/brokk_ws/install/brokk/share/brokk/description/brokk_hishversion/meshfiles/old_backup/back/legs.STL
[0.111s] -- Up-to-date symlink: /home/hisham/brokk_ws/install/brokk/share/brokk/description/brokk_hishversion/meshfiles/old_backup/back/legs.dae
[0.111s] -- Up-to-date symlink: /home/hisham/brokk_ws/install/brokk/share/brokk/description/brokk_hishversion/meshfiles/old_backup/base.dae
[0.111s] -- Up-to-date symlink: /home/hisham/brokk_ws/install/brokk/share/brokk/description/brokk_hishversion/meshfiles/old_backup/base.stl
[0.112s] -- Up-to-date symlink: /home/hisham/brokk_ws/install/brokk/share/brokk/description/brokk_hishversion/meshfiles/old_backup/legs.dae
[0.112s] -- Up-to-date symlink: /home/hisham/brokk_ws/install/brokk/share/brokk/description/brokk_hishversion/meshfiles/old_backup/legs.stl
[0.112s] -- Up-to-date symlink: /home/hisham/brokk_ws/install/brokk/share/brokk/description/brokk_hishversion/meshfiles/old_backup/tmp/base.STL
[0.112s] -- Up-to-date symlink: /home/hisham/brokk_ws/install/brokk/share/brokk/description/brokk_hishversion/meshfiles/old_backup/tmp/body1.STL
[0.114s] -- Up-to-date symlink: /home/hisham/brokk_ws/install/brokk/share/brokk/description/brokk_hishversion/meshfiles/old_backup/tmp/body2.STL
[0.116s] -- Up-to-date symlink: /home/hisham/brokk_ws/install/brokk/share/brokk/description/brokk_hishversion/meshfiles/old_backup/tmp/body3.STL
[0.116s] -- Up-to-date symlink: /home/hisham/brokk_ws/install/brokk/share/brokk/description/brokk_hishversion/meshfiles/old_backup/tmp/body4.STL
[0.117s] -- Up-to-date symlink: /home/hisham/brokk_ws/install/brokk/share/brokk/description/brokk_hishversion/meshfiles/tip.STL
[0.117s] -- Up-to-date symlink: /home/hisham/brokk_ws/install/brokk/share/brokk/description/brokk_v1.urdf.xacro
[0.117s] -- Up-to-date symlink: /home/hisham/brokk_ws/install/brokk/share/brokk/description/brokk_v1_gazebo.xacro
[0.117s] -- Up-to-date symlink: /home/hisham/brokk_ws/install/brokk/share/brokk/description/brokk_v2.urdf.xacro
[0.117s] -- Up-to-date symlink: /home/hisham/brokk_ws/install/brokk/share/brokk/description/brokk_v2_gazebo.xacro
[0.117s] -- Up-to-date symlink: /home/hisham/brokk_ws/install/brokk/share/brokk/description/brokk_v3.urdf
[0.119s] -- Up-to-date symlink: /home/hisham/brokk_ws/install/brokk/share/brokk/description/brokk_v3.urdf.xacro
[0.119s] -- Up-to-date symlink: /home/hisham/brokk_ws/install/brokk/share/brokk/description/brokk_v3_gazebo.xacro
[0.119s] -- Up-to-date symlink: /home/hisham/brokk_ws/install/brokk/share/brokk/description/brokk_v4.urdf.xacro
[0.119s] -- Up-to-date symlink: /home/hisham/brokk_ws/install/brokk/share/brokk/description/brokk_v4_gazebo.xacro
[0.119s] -- Up-to-date symlink: /home/hisham/brokk_ws/install/brokk/share/brokk/description/brokk_v5.urdf.xacro
[0.120s] -- Up-to-date symlink: /home/hisham/brokk_ws/install/brokk/share/brokk/description/brokk_v5_gazebo.xacro
[0.120s] -- Up-to-date symlink: /home/hisham/brokk_ws/install/brokk/share/brokk/description/common_properties.xacro
[0.120s] -- Up-to-date symlink: /home/hisham/brokk_ws/install/brokk/share/brokk/description/legs_final2.stl
[0.120s] -- Up-to-date symlink: /home/hisham/brokk_ws/install/brokk/share/brokk/description/meshes/legs_final2.stl
[0.120s] -- Up-to-date symlink: /home/hisham/brokk_ws/install/brokk/share/brokk/description/meshes/turtlebot_improv.dae
[0.120s] -- Up-to-date symlink: /home/hisham/brokk_ws/install/brokk/share/brokk/description/meshes/turtlebot_improv.stl
[0.120s] -- Up-to-date symlink: /home/hisham/brokk_ws/install/brokk/share/brokk/description/robot.urdf.xacro
[0.121s] -- Up-to-date symlink: /home/hisham/brokk_ws/install/brokk/share/brokk/description/simple.urdf.xacro
[0.121s] -- Up-to-date symlink: /home/hisham/brokk_ws/install/brokk/share/brokk/description/turtlebot3_prismatic.urdf.xacro
[0.123s] -- Up-to-date symlink: /home/hisham/brokk_ws/install/brokk/share/brokk/description/turtlebot_improv.dae
[0.123s] -- Up-to-date symlink: /home/hisham/brokk_ws/install/brokk/share/brokk/description/turtlebot_improv.gazebo.xacro
[0.123s] -- Up-to-date symlink: /home/hisham/brokk_ws/install/brokk/share/brokk/description/turtlebot_improv.stl
[0.123s] -- Up-to-date symlink: /home/hisham/brokk_ws/install/brokk/share/brokk/launch/rsp.launch.py
[0.123s] -- Up-to-date symlink: /home/hisham/brokk_ws/install/brokk/share/brokk/worlds/empty.world
[0.123s] -- Up-to-date symlink: /home/hisham/brokk_ws/install/brokk/share/brokk/description/meshes/meshes/legs_final2.stl
[0.124s] -- Up-to-date symlink: /home/hisham/brokk_ws/install/brokk/share/brokk/description/meshes/meshes/turtlebot_improv.dae
[0.124s] -- Up-to-date symlink: /home/hisham/brokk_ws/install/brokk/share/brokk/description/meshes/meshes/turtlebot_improv.stl
[0.124s] -- Up-to-date symlink: /home/hisham/brokk_ws/install/brokk/share/ament_index/resource_index/package_run_dependencies/brokk
[0.124s] -- Up-to-date symlink: /home/hisham/brokk_ws/install/brokk/share/ament_index/resource_index/parent_prefix_path/brokk
[0.125s] -- Up-to-date symlink: /home/hisham/brokk_ws/install/brokk/share/brokk/environment/ament_prefix_path.sh
[0.125s] -- Up-to-date symlink: /home/hisham/brokk_ws/install/brokk/share/brokk/environment/ament_prefix_path.dsv
[0.125s] -- Up-to-date symlink: /home/hisham/brokk_ws/install/brokk/share/brokk/environment/path.sh
[0.125s] -- Up-to-date symlink: /home/hisham/brokk_ws/install/brokk/share/brokk/environment/path.dsv
[0.125s] -- Up-to-date symlink: /home/hisham/brokk_ws/install/brokk/share/brokk/local_setup.bash
[0.125s] -- Up-to-date symlink: /home/hisham/brokk_ws/install/brokk/share/brokk/local_setup.sh
[0.125s] -- Up-to-date symlink: /home/hisham/brokk_ws/install/brokk/share/brokk/local_setup.zsh
[0.125s] -- Up-to-date symlink: /home/hisham/brokk_ws/install/brokk/share/brokk/local_setup.dsv
[0.125s] -- Symlinking: /home/hisham/brokk_ws/install/brokk/share/brokk/package.dsv
[0.125s] -- Up-to-date symlink: /home/hisham/brokk_ws/install/brokk/share/ament_index/resource_index/packages/brokk
[0.125s] -- Up-to-date symlink: /home/hisham/brokk_ws/install/brokk/share/brokk/cmake/brokkConfig.cmake
[0.125s] -- Up-to-date symlink: /home/hisham/brokk_ws/install/brokk/share/brokk/cmake/brokkConfig-version.cmake
[0.125s] -- Up-to-date symlink: /home/hisham/brokk_ws/install/brokk/share/brokk/package.xml
[0.126s] Invoked command in '/home/hisham/brokk_ws/build/brokk' returned '0': CMAKE_PREFIX_PATH=${CMAKE_PREFIX_PATH}:/home/hisham/turtlebot3_ws/install/turtlebot3_teleop:/home/hisham/turtlebot3_ws/install/turtlebot3_example:/opt/ros/humble /usr/bin/cmake --install /home/hisham/brokk_ws/build/brokk
