[0.011s] Invoking command in '/home/hisham/brokk_ws/build/brokk': CMAKE_PREFIX_PATH=${CMAKE_PREFIX_PATH}:/opt/ros/humble /usr/bin/cmake --build /home/hisham/brokk_ws/build/brokk -- -j12 -l12
[0.037s] Invoked command in '/home/hisham/brokk_ws/build/brokk' returned '0': CMAKE_PREFIX_PATH=${CMAKE_PREFIX_PATH}:/opt/ros/humble /usr/bin/cmake --build /home/hisham/brokk_ws/build/brokk -- -j12 -l12
[0.057s] Invoking command in '/home/hisham/brokk_ws/build/brokk': CMAKE_PREFIX_PATH=${CMAKE_PREFIX_PATH}:/opt/ros/humble /usr/bin/cmake --install /home/hisham/brokk_ws/build/brokk
[0.062s] -- Install configuration: ""
[0.063s] -- Up-to-date: /home/hisham/brokk_ws/install/brokk/share/brokk//launch
[0.063s] -- Up-to-date: /home/hisham/brokk_ws/install/brokk/share/brokk//launch/display.launch.py
[0.063s] -- Up-to-date: /home/hisham/brokk_ws/install/brokk/share/brokk//launch/gazebo.launch.py
[0.063s] -- Up-to-date: /home/hisham/brokk_ws/install/brokk/share/brokk//models
[0.063s] -- Up-to-date: /home/hisham/brokk_ws/install/brokk/share/brokk//models/model.config
[0.063s] -- Up-to-date: /home/hisham/brokk_ws/install/brokk/share/brokk//models/meshes
[0.064s] -- Up-to-date: /home/hisham/brokk_ws/install/brokk/share/brokk//models/meshes/brokk_base_collision.stl
[0.064s] -- Up-to-date: /home/hisham/brokk_ws/install/brokk/share/brokk//models/meshes/wheel.stl
[0.064s] -- Up-to-date: /home/hisham/brokk_ws/install/brokk/share/brokk//models/meshes/brokk_base_edit.stl
[0.064s] -- Up-to-date: /home/hisham/brokk_ws/install/brokk/share/brokk//rviz
[0.064s] -- Up-to-date: /home/hisham/brokk_ws/install/brokk/share/brokk//rviz/display.rviz
[0.064s] -- Up-to-date: /home/hisham/brokk_ws/install/brokk/share/brokk//urdf
[0.064s] -- Up-to-date: /home/hisham/brokk_ws/install/brokk/share/brokk//urdf/brokk170_gazebo.xacro
[0.064s] -- Up-to-date: /home/hisham/brokk_ws/install/brokk/share/brokk//urdf/brokk170_control.xacro
[0.064s] -- Installing: /home/hisham/brokk_ws/install/brokk/share/brokk//urdf/brokkmodel.xacro
[0.065s] -- Up-to-date: /home/hisham/brokk_ws/install/brokk/share/brokk//urdf/common_properties.xacro
[0.065s] -- Up-to-date: /home/hisham/brokk_ws/install/brokk/share/brokk//worlds
[0.065s] -- Up-to-date: /home/hisham/brokk_ws/install/brokk/include/
[0.065s] -- Up-to-date: /home/hisham/brokk_ws/install/brokk/share/ament_index/resource_index/package_run_dependencies/brokk
[0.065s] -- Up-to-date: /home/hisham/brokk_ws/install/brokk/share/ament_index/resource_index/parent_prefix_path/brokk
[0.065s] -- Up-to-date: /home/hisham/brokk_ws/install/brokk/share/brokk/environment/ament_prefix_path.sh
[0.065s] -- Up-to-date: /home/hisham/brokk_ws/install/brokk/share/brokk/environment/ament_prefix_path.dsv
[0.065s] -- Up-to-date: /home/hisham/brokk_ws/install/brokk/share/brokk/environment/path.sh
[0.065s] -- Up-to-date: /home/hisham/brokk_ws/install/brokk/share/brokk/environment/path.dsv
[0.065s] -- Up-to-date: /home/hisham/brokk_ws/install/brokk/share/brokk/local_setup.bash
[0.066s] -- Up-to-date: /home/hisham/brokk_ws/install/brokk/share/brokk/local_setup.sh
[0.066s] -- Up-to-date: /home/hisham/brokk_ws/install/brokk/share/brokk/local_setup.zsh
[0.066s] -- Up-to-date: /home/hisham/brokk_ws/install/brokk/share/brokk/local_setup.dsv
[0.066s] -- Installing: /home/hisham/brokk_ws/install/brokk/share/brokk/package.dsv
[0.067s] -- Up-to-date: /home/hisham/brokk_ws/install/brokk/share/ament_index/resource_index/packages/brokk
[0.067s] -- Up-to-date: /home/hisham/brokk_ws/install/brokk/share/brokk/cmake/ament_cmake_export_include_directories-extras.cmake
[0.067s] -- Up-to-date: /home/hisham/brokk_ws/install/brokk/share/brokk/cmake/ament_cmake_export_dependencies-extras.cmake
[0.067s] -- Up-to-date: /home/hisham/brokk_ws/install/brokk/share/brokk/cmake/brokkConfig.cmake
[0.068s] -- Up-to-date: /home/hisham/brokk_ws/install/brokk/share/brokk/cmake/brokkConfig-version.cmake
[0.068s] -- Up-to-date: /home/hisham/brokk_ws/install/brokk/share/brokk/package.xml
[0.068s] Invoked command in '/home/hisham/brokk_ws/build/brokk' returned '0': CMAKE_PREFIX_PATH=${CMAKE_PREFIX_PATH}:/opt/ros/humble /usr/bin/cmake --install /home/hisham/brokk_ws/build/brokk
