[0.010s] Invoking command in '/home/hisham/brokk_ws/build/brokk': CMAKE_PREFIX_PATH=${CMAKE_PREFIX_PATH}:/home/hisham/turtlebot3_ws/install/turtlebot3_teleop:/home/hisham/turtlebot3_ws/install/turtlebot3_example:/opt/ros/humble /usr/bin/cmake /home/hisham/brokk_ws/src/brokk -DCMAKE_INSTALL_PREFIX=/home/hisham/brokk_ws/install/brokk
[0.048s] -- The C compiler identification is GNU 11.4.0
[0.087s] -- The CXX compiler identification is GNU 11.4.0
[0.092s] -- Detecting C compiler ABI info
[0.138s] -- Detecting C compiler ABI info - done
[0.144s] -- Check for working C compiler: /usr/bin/cc - skipped
[0.144s] -- Detecting C compile features
[0.144s] -- Detecting C compile features - done
[0.147s] -- Detecting CXX compiler ABI info
[0.205s] -- Detecting CXX compiler ABI info - done
[0.211s] -- Check for working CXX compiler: /usr/bin/c++ - skipped
[0.211s] -- Detecting CXX compile features
[0.212s] -- Detecting CXX compile features - done
[0.214s] -- Found ament_cmake: 1.3.5 (/opt/ros/humble/share/ament_cmake/cmake)
[0.346s] -- Found Python3: /usr/bin/python3.10 (found version "3.10.12") found components: Interpreter 
[0.429s] -- Found ament_lint_auto: 0.12.7 (/opt/ros/humble/share/ament_lint_auto/cmake)
[0.502s] -- Added test 'copyright' to check source files copyright and LICENSE
[0.506s] -- Added test 'flake8' to check Python code syntax and style conventions
[0.507s] -- Added test 'lint_cmake' to check CMake code style
[0.507s] -- Added test 'pep257' to check Python code against some of the docstring style conventions in PEP 257
[0.510s] -- Added test 'xmllint' to check XML markup files
[0.511s] -- Configuring done
[0.513s] -- Generating done
[0.513s] -- Build files have been written to: /home/hisham/brokk_ws/build/brokk
[0.516s] Invoked command in '/home/hisham/brokk_ws/build/brokk' returned '0': CMAKE_PREFIX_PATH=${CMAKE_PREFIX_PATH}:/home/hisham/turtlebot3_ws/install/turtlebot3_teleop:/home/hisham/turtlebot3_ws/install/turtlebot3_example:/opt/ros/humble /usr/bin/cmake /home/hisham/brokk_ws/src/brokk -DCMAKE_INSTALL_PREFIX=/home/hisham/brokk_ws/install/brokk
[0.518s] Invoking command in '/home/hisham/brokk_ws/build/brokk': CMAKE_PREFIX_PATH=${CMAKE_PREFIX_PATH}:/home/hisham/turtlebot3_ws/install/turtlebot3_teleop:/home/hisham/turtlebot3_ws/install/turtlebot3_example:/opt/ros/humble /usr/bin/cmake --build /home/hisham/brokk_ws/build/brokk -- -j12 -l12
[0.543s] Invoked command in '/home/hisham/brokk_ws/build/brokk' returned '0': CMAKE_PREFIX_PATH=${CMAKE_PREFIX_PATH}:/home/hisham/turtlebot3_ws/install/turtlebot3_teleop:/home/hisham/turtlebot3_ws/install/turtlebot3_example:/opt/ros/humble /usr/bin/cmake --build /home/hisham/brokk_ws/build/brokk -- -j12 -l12
[0.564s] Invoking command in '/home/hisham/brokk_ws/build/brokk': CMAKE_PREFIX_PATH=${CMAKE_PREFIX_PATH}:/home/hisham/turtlebot3_ws/install/turtlebot3_teleop:/home/hisham/turtlebot3_ws/install/turtlebot3_example:/opt/ros/humble /usr/bin/cmake --install /home/hisham/brokk_ws/build/brokk
[0.569s] -- Install configuration: ""
[0.569s] -- Installing: /home/hisham/brokk_ws/install/brokk/share/brokk/config
[0.569s] -- Installing: /home/hisham/brokk_ws/install/brokk/share/brokk/config/empty.yaml
[0.569s] -- Installing: /home/hisham/brokk_ws/install/brokk/share/brokk/description
[0.569s] -- Installing: /home/hisham/brokk_ws/install/brokk/share/brokk/description/robot.urdf.xacro
[0.569s] -- Installing: /home/hisham/brokk_ws/install/brokk/share/brokk/launch
[0.570s] -- Installing: /home/hisham/brokk_ws/install/brokk/share/brokk/launch/rsp.launch.py
[0.570s] -- Installing: /home/hisham/brokk_ws/install/brokk/share/brokk/worlds
[0.570s] -- Installing: /home/hisham/brokk_ws/install/brokk/share/brokk/worlds/empty.world
[0.570s] -- Installing: /home/hisham/brokk_ws/install/brokk/share/ament_index/resource_index/package_run_dependencies/brokk
[0.570s] -- Installing: /home/hisham/brokk_ws/install/brokk/share/ament_index/resource_index/parent_prefix_path/brokk
[0.570s] -- Installing: /home/hisham/brokk_ws/install/brokk/share/brokk/environment/ament_prefix_path.sh
[0.570s] -- Installing: /home/hisham/brokk_ws/install/brokk/share/brokk/environment/ament_prefix_path.dsv
[0.570s] -- Installing: /home/hisham/brokk_ws/install/brokk/share/brokk/environment/path.sh
[0.570s] -- Installing: /home/hisham/brokk_ws/install/brokk/share/brokk/environment/path.dsv
[0.570s] -- Installing: /home/hisham/brokk_ws/install/brokk/share/brokk/local_setup.bash
[0.570s] -- Installing: /home/hisham/brokk_ws/install/brokk/share/brokk/local_setup.sh
[0.571s] -- Installing: /home/hisham/brokk_ws/install/brokk/share/brokk/local_setup.zsh
[0.571s] -- Installing: /home/hisham/brokk_ws/install/brokk/share/brokk/local_setup.dsv
[0.571s] -- Installing: /home/hisham/brokk_ws/install/brokk/share/brokk/package.dsv
[0.571s] -- Installing: /home/hisham/brokk_ws/install/brokk/share/ament_index/resource_index/packages/brokk
[0.571s] -- Installing: /home/hisham/brokk_ws/install/brokk/share/brokk/cmake/brokkConfig.cmake
[0.571s] -- Installing: /home/hisham/brokk_ws/install/brokk/share/brokk/cmake/brokkConfig-version.cmake
[0.571s] -- Installing: /home/hisham/brokk_ws/install/brokk/share/brokk/package.xml
[0.572s] Invoked command in '/home/hisham/brokk_ws/build/brokk' returned '0': CMAKE_PREFIX_PATH=${CMAKE_PREFIX_PATH}:/home/hisham/turtlebot3_ws/install/turtlebot3_teleop:/home/hisham/turtlebot3_ws/install/turtlebot3_example:/opt/ros/humble /usr/bin/cmake --install /home/hisham/brokk_ws/build/brokk
