[0.010s] Invoking command in '/home/hisham/brokk_ws/build/brokk': CMAKE_PREFIX_PATH=${CMAKE_PREFIX_PATH}:/opt/ros/humble /usr/bin/cmake /home/hisham/brokk_ws/src/brokk -DCMAKE_INSTALL_PREFIX=/home/hisham/brokk_ws/install/brokk
[0.047s] -- The C compiler identification is GNU 11.4.0
[0.085s] -- The CXX compiler identification is GNU 11.4.0
[0.090s] -- Detecting C compiler ABI info
[0.136s] -- Detecting C compiler ABI info - done
[0.142s] -- Check for working C compiler: /usr/bin/cc - skipped
[0.142s] -- Detecting C compile features
[0.143s] -- Detecting C compile features - done
[0.145s] -- Detecting CXX compiler ABI info
[0.200s] -- Detecting CXX compiler ABI info - done
[0.206s] -- Check for working CXX compiler: /usr/bin/c++ - skipped
[0.206s] -- Detecting CXX compile features
[0.207s] -- Detecting CXX compile features - done
[0.208s] -- Found ament_cmake: 1.3.5 (/opt/ros/humble/share/ament_cmake/cmake)
[0.333s] -- Found Python3: /usr/bin/python3.10 (found version "3.10.12") found components: Interpreter 
[0.402s] -- Found ament_lint_auto: 0.12.7 (/opt/ros/humble/share/ament_lint_auto/cmake)
[0.472s] -- Added test 'copyright' to check source files copyright and LICENSE
[0.474s] -- Added test 'flake8' to check Python code syntax and style conventions
[0.474s] -- Added test 'lint_cmake' to check CMake code style
[0.475s] -- Added test 'pep257' to check Python code against some of the docstring style conventions in PEP 257
[0.476s] -- Added test 'xmllint' to check XML markup files
[0.477s] -- Configuring done
[0.480s] -- Generating done
[0.481s] -- Build files have been written to: /home/hisham/brokk_ws/build/brokk
[0.485s] Invoked command in '/home/hisham/brokk_ws/build/brokk' returned '0': CMAKE_PREFIX_PATH=${CMAKE_PREFIX_PATH}:/opt/ros/humble /usr/bin/cmake /home/hisham/brokk_ws/src/brokk -DCMAKE_INSTALL_PREFIX=/home/hisham/brokk_ws/install/brokk
[0.485s] Invoking command in '/home/hisham/brokk_ws/build/brokk': CMAKE_PREFIX_PATH=${CMAKE_PREFIX_PATH}:/opt/ros/humble /usr/bin/cmake --build /home/hisham/brokk_ws/build/brokk -- -j12 -l12
[0.512s] Invoked command in '/home/hisham/brokk_ws/build/brokk' returned '0': CMAKE_PREFIX_PATH=${CMAKE_PREFIX_PATH}:/opt/ros/humble /usr/bin/cmake --build /home/hisham/brokk_ws/build/brokk -- -j12 -l12
[0.533s] Invoking command in '/home/hisham/brokk_ws/build/brokk': CMAKE_PREFIX_PATH=${CMAKE_PREFIX_PATH}:/opt/ros/humble /usr/bin/cmake --install /home/hisham/brokk_ws/build/brokk
[0.539s] -- Install configuration: ""
[0.539s] -- Installing: /home/hisham/brokk_ws/install/brokk/share/brokk//launch
[0.539s] -- Installing: /home/hisham/brokk_ws/install/brokk/share/brokk//launch/display.launch.py
[0.539s] -- Installing: /home/hisham/brokk_ws/install/brokk/share/brokk//launch/gazebo.launch.py
[0.539s] -- Installing: /home/hisham/brokk_ws/install/brokk/share/brokk//models
[0.539s] -- Installing: /home/hisham/brokk_ws/install/brokk/share/brokk//models/model.config
[0.539s] -- Installing: /home/hisham/brokk_ws/install/brokk/share/brokk//models/meshes
[0.539s] -- Installing: /home/hisham/brokk_ws/install/brokk/share/brokk//models/meshes/brokk_base_collision.stl
[0.539s] -- Installing: /home/hisham/brokk_ws/install/brokk/share/brokk//models/meshes/brokk_base_edit.stl
[0.540s] -- Installing: /home/hisham/brokk_ws/install/brokk/share/brokk//rviz
[0.540s] -- Installing: /home/hisham/brokk_ws/install/brokk/share/brokk//rviz/display.rviz
[0.540s] -- Installing: /home/hisham/brokk_ws/install/brokk/share/brokk//urdf
[0.540s] -- Installing: /home/hisham/brokk_ws/install/brokk/share/brokk//urdf/brokk170_gazebo.xacro
[0.540s] -- Installing: /home/hisham/brokk_ws/install/brokk/share/brokk//urdf/brokk170_control.xacro
[0.540s] -- Installing: /home/hisham/brokk_ws/install/brokk/share/brokk//urdf/brokkmodel.xacro
[0.540s] -- Installing: /home/hisham/brokk_ws/install/brokk/share/brokk//urdf/brokk_base_collision.stl
[0.540s] -- Installing: /home/hisham/brokk_ws/install/brokk/share/brokk//urdf/common_properties.xacro
[0.540s] -- Installing: /home/hisham/brokk_ws/install/brokk/share/brokk//urdf/brokk_base_edit.stl
[0.541s] -- Installing: /home/hisham/brokk_ws/install/brokk/share/brokk//worlds
[0.541s] -- Installing: /home/hisham/brokk_ws/install/brokk/include/
[0.541s] -- Installing: /home/hisham/brokk_ws/install/brokk/share/ament_index/resource_index/package_run_dependencies/brokk
[0.541s] -- Installing: /home/hisham/brokk_ws/install/brokk/share/ament_index/resource_index/parent_prefix_path/brokk
[0.541s] -- Installing: /home/hisham/brokk_ws/install/brokk/share/brokk/environment/ament_prefix_path.sh
[0.541s] -- Installing: /home/hisham/brokk_ws/install/brokk/share/brokk/environment/ament_prefix_path.dsv
[0.541s] -- Installing: /home/hisham/brokk_ws/install/brokk/share/brokk/environment/path.sh
[0.542s] -- Installing: /home/hisham/brokk_ws/install/brokk/share/brokk/environment/path.dsv
[0.542s] -- Installing: /home/hisham/brokk_ws/install/brokk/share/brokk/local_setup.bash
[0.542s] -- Installing: /home/hisham/brokk_ws/install/brokk/share/brokk/local_setup.sh
[0.542s] -- Installing: /home/hisham/brokk_ws/install/brokk/share/brokk/local_setup.zsh
[0.542s] -- Installing: /home/hisham/brokk_ws/install/brokk/share/brokk/local_setup.dsv
[0.542s] -- Installing: /home/hisham/brokk_ws/install/brokk/share/brokk/package.dsv
[0.542s] -- Installing: /home/hisham/brokk_ws/install/brokk/share/ament_index/resource_index/packages/brokk
[0.542s] -- Installing: /home/hisham/brokk_ws/install/brokk/share/brokk/cmake/ament_cmake_export_include_directories-extras.cmake
[0.542s] -- Installing: /home/hisham/brokk_ws/install/brokk/share/brokk/cmake/ament_cmake_export_dependencies-extras.cmake
[0.542s] -- Installing: /home/hisham/brokk_ws/install/brokk/share/brokk/cmake/brokkConfig.cmake
[0.542s] -- Installing: /home/hisham/brokk_ws/install/brokk/share/brokk/cmake/brokkConfig-version.cmake
[0.542s] -- Installing: /home/hisham/brokk_ws/install/brokk/share/brokk/package.xml
[0.545s] Invoked command in '/home/hisham/brokk_ws/build/brokk' returned '0': CMAKE_PREFIX_PATH=${CMAKE_PREFIX_PATH}:/opt/ros/humble /usr/bin/cmake --install /home/hisham/brokk_ws/build/brokk
