[0.236s] Invoking command in '/home/hisham/brokk_ws/build/brokk_gazebo': CMAKE_PREFIX_PATH=${CMAKE_PREFIX_PATH}:/home/hisham/turtlebot3_ws/install/turtlebot3_teleop:/home/hisham/turtlebot3_ws/install/turtlebot3_example:/opt/ros/humble /usr/bin/cmake --build /home/hisham/brokk_ws/build/brokk_gazebo -- -j12 -l12
[0.264s] Invoked command in '/home/hisham/brokk_ws/build/brokk_gazebo' returned '0': CMAKE_PREFIX_PATH=${CMAKE_PREFIX_PATH}:/home/hisham/turtlebot3_ws/install/turtlebot3_teleop:/home/hisham/turtlebot3_ws/install/turtlebot3_example:/opt/ros/humble /usr/bin/cmake --build /home/hisham/brokk_ws/build/brokk_gazebo -- -j12 -l12
[0.282s] Invoking command in '/home/hisham/brokk_ws/build/brokk_gazebo': CMAKE_PREFIX_PATH=${CMAKE_PREFIX_PATH}:/home/hisham/turtlebot3_ws/install/turtlebot3_teleop:/home/hisham/turtlebot3_ws/install/turtlebot3_example:/opt/ros/humble /usr/bin/cmake --install /home/hisham/brokk_ws/build/brokk_gazebo
[0.287s] -- Install configuration: ""
[0.288s] -- Up-to-date: /home/hisham/brokk_ws/install/brokk_gazebo/share/brokk_gazebo/config
[0.288s] -- Up-to-date: /home/hisham/brokk_ws/install/brokk_gazebo/share/brokk_gazebo/description
[0.288s] -- Up-to-date: /home/hisham/brokk_ws/install/brokk_gazebo/share/brokk_gazebo/launch
[0.288s] -- Up-to-date: /home/hisham/brokk_ws/install/brokk_gazebo/share/brokk_gazebo/launch/launch_robot.py
[0.288s] -- Up-to-date: /home/hisham/brokk_ws/install/brokk_gazebo/share/brokk_gazebo/worlds
[0.288s] -- Up-to-date: /home/hisham/brokk_ws/install/brokk_gazebo/share/ament_index/resource_index/package_run_dependencies/brokk_gazebo
[0.289s] -- Up-to-date: /home/hisham/brokk_ws/install/brokk_gazebo/share/ament_index/resource_index/parent_prefix_path/brokk_gazebo
[0.289s] -- Up-to-date: /home/hisham/brokk_ws/install/brokk_gazebo/share/brokk_gazebo/environment/ament_prefix_path.sh
[0.289s] -- Up-to-date: /home/hisham/brokk_ws/install/brokk_gazebo/share/brokk_gazebo/environment/ament_prefix_path.dsv
[0.289s] -- Up-to-date: /home/hisham/brokk_ws/install/brokk_gazebo/share/brokk_gazebo/environment/path.sh
[0.289s] -- Up-to-date: /home/hisham/brokk_ws/install/brokk_gazebo/share/brokk_gazebo/environment/path.dsv
[0.289s] -- Up-to-date: /home/hisham/brokk_ws/install/brokk_gazebo/share/brokk_gazebo/local_setup.bash
[0.290s] -- Up-to-date: /home/hisham/brokk_ws/install/brokk_gazebo/share/brokk_gazebo/local_setup.sh
[0.290s] -- Up-to-date: /home/hisham/brokk_ws/install/brokk_gazebo/share/brokk_gazebo/local_setup.zsh
[0.290s] -- Up-to-date: /home/hisham/brokk_ws/install/brokk_gazebo/share/brokk_gazebo/local_setup.dsv
[0.290s] -- Installing: /home/hisham/brokk_ws/install/brokk_gazebo/share/brokk_gazebo/package.dsv
[0.290s] -- Up-to-date: /home/hisham/brokk_ws/install/brokk_gazebo/share/ament_index/resource_index/packages/brokk_gazebo
[0.290s] -- Up-to-date: /home/hisham/brokk_ws/install/brokk_gazebo/share/brokk_gazebo/cmake/brokk_gazeboConfig.cmake
[0.290s] -- Up-to-date: /home/hisham/brokk_ws/install/brokk_gazebo/share/brokk_gazebo/cmake/brokk_gazeboConfig-version.cmake
[0.292s] -- Up-to-date: /home/hisham/brokk_ws/install/brokk_gazebo/share/brokk_gazebo/package.xml
[0.300s] Invoked command in '/home/hisham/brokk_ws/build/brokk_gazebo' returned '0': CMAKE_PREFIX_PATH=${CMAKE_PREFIX_PATH}:/home/hisham/turtlebot3_ws/install/turtlebot3_teleop:/home/hisham/turtlebot3_ws/install/turtlebot3_example:/opt/ros/humble /usr/bin/cmake --install /home/hisham/brokk_ws/build/brokk_gazebo
