[0.269s] DEBUG:colcon:Command line arguments: ['/usr/bin/colcon', 'build']
[0.269s] DEBUG:colcon:Parsed command line arguments: Namespace(log_base=None, log_level=None, verb_name='build', build_base='build', install_base='install', merge_install=False, symlink_install=False, test_result_base=None, continue_on_error=False, executor='parallel', parallel_workers=12, event_handlers=None, ignore_user_meta=False, metas=['./colcon.meta'], base_paths=['.'], packages_ignore=None, packages_ignore_regex=None, paths=None, packages_up_to=None, packages_up_to_regex=None, packages_above=None, packages_above_and_dependencies=None, packages_above_depth=None, packages_select_by_dep=None, packages_skip_by_dep=None, packages_skip_up_to=None, packages_select_build_failed=False, packages_skip_build_finished=False, packages_select_test_failures=False, packages_skip_test_passed=False, packages_select=None, packages_skip=None, packages_select_regex=None, packages_skip_regex=None, packages_start=None, packages_end=None, allow_overriding=[], cmake_args=None, cmake_target=None, cmake_target_skip_unavailable=False, cmake_clean_cache=False, cmake_clean_first=False, cmake_force_configure=False, ament_cmake_args=None, catkin_cmake_args=None, catkin_skip_building_tests=False, verb_parser=<colcon_defaults.argument_parser.defaults.DefaultArgumentsDecorator object at 0x7fec6ecf65f0>, verb_extension=<colcon_core.verb.build.BuildVerb object at 0x7fec6f4b18d0>, main=<bound method BuildVerb.main of <colcon_core.verb.build.BuildVerb object at 0x7fec6f4b18d0>>)
[0.288s] Level 1:colcon.colcon_core.package_discovery:discover_packages(colcon_meta) check parameters
[0.288s] Level 1:colcon.colcon_core.package_discovery:discover_packages(recursive) check parameters
[0.288s] Level 1:colcon.colcon_core.package_discovery:discover_packages(ignore) check parameters
[0.288s] Level 1:colcon.colcon_core.package_discovery:discover_packages(path) check parameters
[0.288s] Level 1:colcon.colcon_core.package_discovery:discover_packages(colcon_meta) discover
[0.288s] Level 1:colcon.colcon_core.package_discovery:discover_packages(recursive) discover
[0.288s] INFO:colcon.colcon_core.package_discovery:Crawling recursively for packages in '/home/hisham/brokk_ws'
[0.288s] Level 1:colcon.colcon_core.package_identification:_identify(.) by extensions ['ignore', 'ignore_ament_install']
[0.288s] Level 1:colcon.colcon_core.package_identification:_identify(.) by extension 'ignore'
[0.288s] Level 1:colcon.colcon_core.package_identification:_identify(.) by extension 'ignore_ament_install'
[0.289s] Level 1:colcon.colcon_core.package_identification:_identify(.) by extensions ['colcon_pkg']
[0.289s] Level 1:colcon.colcon_core.package_identification:_identify(.) by extension 'colcon_pkg'
[0.289s] Level 1:colcon.colcon_core.package_identification:_identify(.) by extensions ['colcon_meta']
[0.289s] Level 1:colcon.colcon_core.package_identification:_identify(.) by extension 'colcon_meta'
[0.289s] Level 1:colcon.colcon_core.package_identification:_identify(.) by extensions ['ros']
[0.289s] Level 1:colcon.colcon_core.package_identification:_identify(.) by extension 'ros'
[0.297s] Level 1:colcon.colcon_core.package_identification:_identify(.) by extensions ['cmake', 'python']
[0.297s] Level 1:colcon.colcon_core.package_identification:_identify(.) by extension 'cmake'
[0.297s] Level 1:colcon.colcon_core.package_identification:_identify(.) by extension 'python'
[0.297s] Level 1:colcon.colcon_core.package_identification:_identify(.) by extensions ['python_setup_py']
[0.297s] Level 1:colcon.colcon_core.package_identification:_identify(.) by extension 'python_setup_py'
[0.297s] Level 1:colcon.colcon_core.package_identification:_identify(build) by extensions ['ignore', 'ignore_ament_install']
[0.297s] Level 1:colcon.colcon_core.package_identification:_identify(build) by extension 'ignore'
[0.297s] Level 1:colcon.colcon_core.package_identification:_identify(build) ignored
[0.297s] Level 1:colcon.colcon_core.package_identification:_identify(install) by extensions ['ignore', 'ignore_ament_install']
[0.297s] Level 1:colcon.colcon_core.package_identification:_identify(install) by extension 'ignore'
[0.297s] Level 1:colcon.colcon_core.package_identification:_identify(install) ignored
[0.298s] Level 1:colcon.colcon_core.package_identification:_identify(log) by extensions ['ignore', 'ignore_ament_install']
[0.298s] Level 1:colcon.colcon_core.package_identification:_identify(log) by extension 'ignore'
[0.298s] Level 1:colcon.colcon_core.package_identification:_identify(log) ignored
[0.298s] Level 1:colcon.colcon_core.package_identification:_identify(src) by extensions ['ignore', 'ignore_ament_install']
[0.298s] Level 1:colcon.colcon_core.package_identification:_identify(src) by extension 'ignore'
[0.298s] Level 1:colcon.colcon_core.package_identification:_identify(src) by extension 'ignore_ament_install'
[0.298s] Level 1:colcon.colcon_core.package_identification:_identify(src) by extensions ['colcon_pkg']
[0.298s] Level 1:colcon.colcon_core.package_identification:_identify(src) by extension 'colcon_pkg'
[0.298s] Level 1:colcon.colcon_core.package_identification:_identify(src) by extensions ['colcon_meta']
[0.298s] Level 1:colcon.colcon_core.package_identification:_identify(src) by extension 'colcon_meta'
[0.298s] Level 1:colcon.colcon_core.package_identification:_identify(src) by extensions ['ros']
[0.298s] Level 1:colcon.colcon_core.package_identification:_identify(src) by extension 'ros'
[0.298s] Level 1:colcon.colcon_core.package_identification:_identify(src) by extensions ['cmake', 'python']
[0.298s] Level 1:colcon.colcon_core.package_identification:_identify(src) by extension 'cmake'
[0.298s] Level 1:colcon.colcon_core.package_identification:_identify(src) by extension 'python'
[0.298s] Level 1:colcon.colcon_core.package_identification:_identify(src) by extensions ['python_setup_py']
[0.298s] Level 1:colcon.colcon_core.package_identification:_identify(src) by extension 'python_setup_py'
[0.298s] Level 1:colcon.colcon_core.package_identification:_identify(src/brokk) by extensions ['ignore', 'ignore_ament_install']
[0.298s] Level 1:colcon.colcon_core.package_identification:_identify(src/brokk) by extension 'ignore'
[0.299s] Level 1:colcon.colcon_core.package_identification:_identify(src/brokk) by extension 'ignore_ament_install'
[0.299s] Level 1:colcon.colcon_core.package_identification:_identify(src/brokk) by extensions ['colcon_pkg']
[0.299s] Level 1:colcon.colcon_core.package_identification:_identify(src/brokk) by extension 'colcon_pkg'
[0.299s] Level 1:colcon.colcon_core.package_identification:_identify(src/brokk) by extensions ['colcon_meta']
[0.299s] Level 1:colcon.colcon_core.package_identification:_identify(src/brokk) by extension 'colcon_meta'
[0.299s] Level 1:colcon.colcon_core.package_identification:_identify(src/brokk) by extensions ['ros']
[0.299s] Level 1:colcon.colcon_core.package_identification:_identify(src/brokk) by extension 'ros'
[0.300s] DEBUG:colcon.colcon_core.package_identification:Package 'src/brokk' with type 'ros.ament_cmake' and name 'brokk'
[0.300s] Level 1:colcon.colcon_core.package_identification:_identify(src/brokk_gazebo) by extensions ['ignore', 'ignore_ament_install']
[0.301s] Level 1:colcon.colcon_core.package_identification:_identify(src/brokk_gazebo) by extension 'ignore'
[0.301s] Level 1:colcon.colcon_core.package_identification:_identify(src/brokk_gazebo) by extension 'ignore_ament_install'
[0.301s] Level 1:colcon.colcon_core.package_identification:_identify(src/brokk_gazebo) by extensions ['colcon_pkg']
[0.301s] Level 1:colcon.colcon_core.package_identification:_identify(src/brokk_gazebo) by extension 'colcon_pkg'
[0.301s] Level 1:colcon.colcon_core.package_identification:_identify(src/brokk_gazebo) by extensions ['colcon_meta']
[0.301s] Level 1:colcon.colcon_core.package_identification:_identify(src/brokk_gazebo) by extension 'colcon_meta'
[0.301s] Level 1:colcon.colcon_core.package_identification:_identify(src/brokk_gazebo) by extensions ['ros']
[0.301s] Level 1:colcon.colcon_core.package_identification:_identify(src/brokk_gazebo) by extension 'ros'
[0.301s] DEBUG:colcon.colcon_core.package_identification:Package 'src/brokk_gazebo' with type 'ros.ament_cmake' and name 'brokk_gazebo'
[0.301s] Level 1:colcon.colcon_core.package_identification:_identify(src/description) by extensions ['ignore', 'ignore_ament_install']
[0.301s] Level 1:colcon.colcon_core.package_identification:_identify(src/description) by extension 'ignore'
[0.301s] Level 1:colcon.colcon_core.package_identification:_identify(src/description) by extension 'ignore_ament_install'
[0.301s] Level 1:colcon.colcon_core.package_identification:_identify(src/description) by extensions ['colcon_pkg']
[0.301s] Level 1:colcon.colcon_core.package_identification:_identify(src/description) by extension 'colcon_pkg'
[0.301s] Level 1:colcon.colcon_core.package_identification:_identify(src/description) by extensions ['colcon_meta']
[0.302s] Level 1:colcon.colcon_core.package_identification:_identify(src/description) by extension 'colcon_meta'
[0.302s] Level 1:colcon.colcon_core.package_identification:_identify(src/description) by extensions ['ros']
[0.302s] Level 1:colcon.colcon_core.package_identification:_identify(src/description) by extension 'ros'
[0.302s] Level 1:colcon.colcon_core.package_identification:_identify(src/description) by extensions ['cmake', 'python']
[0.302s] Level 1:colcon.colcon_core.package_identification:_identify(src/description) by extension 'cmake'
[0.302s] Level 1:colcon.colcon_core.package_identification:_identify(src/description) by extension 'python'
[0.302s] Level 1:colcon.colcon_core.package_identification:_identify(src/description) by extensions ['python_setup_py']
[0.302s] Level 1:colcon.colcon_core.package_identification:_identify(src/description) by extension 'python_setup_py'
[0.302s] Level 1:colcon.colcon_core.package_identification:_identify(src/description/launch) by extensions ['ignore', 'ignore_ament_install']
[0.302s] Level 1:colcon.colcon_core.package_identification:_identify(src/description/launch) by extension 'ignore'
[0.302s] Level 1:colcon.colcon_core.package_identification:_identify(src/description/launch) by extension 'ignore_ament_install'
[0.302s] Level 1:colcon.colcon_core.package_identification:_identify(src/description/launch) by extensions ['colcon_pkg']
[0.302s] Level 1:colcon.colcon_core.package_identification:_identify(src/description/launch) by extension 'colcon_pkg'
[0.302s] Level 1:colcon.colcon_core.package_identification:_identify(src/description/launch) by extensions ['colcon_meta']
[0.302s] Level 1:colcon.colcon_core.package_identification:_identify(src/description/launch) by extension 'colcon_meta'
[0.302s] Level 1:colcon.colcon_core.package_identification:_identify(src/description/launch) by extensions ['ros']
[0.302s] Level 1:colcon.colcon_core.package_identification:_identify(src/description/launch) by extension 'ros'
[0.302s] Level 1:colcon.colcon_core.package_identification:_identify(src/description/launch) by extensions ['cmake', 'python']
[0.302s] Level 1:colcon.colcon_core.package_identification:_identify(src/description/launch) by extension 'cmake'
[0.302s] Level 1:colcon.colcon_core.package_identification:_identify(src/description/launch) by extension 'python'
[0.302s] Level 1:colcon.colcon_core.package_identification:_identify(src/description/launch) by extensions ['python_setup_py']
[0.302s] Level 1:colcon.colcon_core.package_identification:_identify(src/description/launch) by extension 'python_setup_py'
[0.302s] Level 1:colcon.colcon_core.package_identification:_identify(src/description/meshes) by extensions ['ignore', 'ignore_ament_install']
[0.303s] Level 1:colcon.colcon_core.package_identification:_identify(src/description/meshes) by extension 'ignore'
[0.303s] Level 1:colcon.colcon_core.package_identification:_identify(src/description/meshes) by extension 'ignore_ament_install'
[0.303s] Level 1:colcon.colcon_core.package_identification:_identify(src/description/meshes) by extensions ['colcon_pkg']
[0.303s] Level 1:colcon.colcon_core.package_identification:_identify(src/description/meshes) by extension 'colcon_pkg'
[0.303s] Level 1:colcon.colcon_core.package_identification:_identify(src/description/meshes) by extensions ['colcon_meta']
[0.303s] Level 1:colcon.colcon_core.package_identification:_identify(src/description/meshes) by extension 'colcon_meta'
[0.303s] Level 1:colcon.colcon_core.package_identification:_identify(src/description/meshes) by extensions ['ros']
[0.303s] Level 1:colcon.colcon_core.package_identification:_identify(src/description/meshes) by extension 'ros'
[0.303s] Level 1:colcon.colcon_core.package_identification:_identify(src/description/meshes) by extensions ['cmake', 'python']
[0.303s] Level 1:colcon.colcon_core.package_identification:_identify(src/description/meshes) by extension 'cmake'
[0.303s] Level 1:colcon.colcon_core.package_identification:_identify(src/description/meshes) by extension 'python'
[0.303s] Level 1:colcon.colcon_core.package_identification:_identify(src/description/meshes) by extensions ['python_setup_py']
[0.303s] Level 1:colcon.colcon_core.package_identification:_identify(src/description/meshes) by extension 'python_setup_py'
[0.303s] Level 1:colcon.colcon_core.package_identification:_identify(src/description/urdf) by extensions ['ignore', 'ignore_ament_install']
[0.303s] Level 1:colcon.colcon_core.package_identification:_identify(src/description/urdf) by extension 'ignore'
[0.303s] Level 1:colcon.colcon_core.package_identification:_identify(src/description/urdf) by extension 'ignore_ament_install'
[0.303s] Level 1:colcon.colcon_core.package_identification:_identify(src/description/urdf) by extensions ['colcon_pkg']
[0.303s] Level 1:colcon.colcon_core.package_identification:_identify(src/description/urdf) by extension 'colcon_pkg'
[0.303s] Level 1:colcon.colcon_core.package_identification:_identify(src/description/urdf) by extensions ['colcon_meta']
[0.303s] Level 1:colcon.colcon_core.package_identification:_identify(src/description/urdf) by extension 'colcon_meta'
[0.303s] Level 1:colcon.colcon_core.package_identification:_identify(src/description/urdf) by extensions ['ros']
[0.303s] Level 1:colcon.colcon_core.package_identification:_identify(src/description/urdf) by extension 'ros'
[0.303s] Level 1:colcon.colcon_core.package_identification:_identify(src/description/urdf) by extensions ['cmake', 'python']
[0.303s] Level 1:colcon.colcon_core.package_identification:_identify(src/description/urdf) by extension 'cmake'
[0.303s] Level 1:colcon.colcon_core.package_identification:_identify(src/description/urdf) by extension 'python'
[0.303s] Level 1:colcon.colcon_core.package_identification:_identify(src/description/urdf) by extensions ['python_setup_py']
[0.303s] Level 1:colcon.colcon_core.package_identification:_identify(src/description/urdf) by extension 'python_setup_py'
[0.304s] Level 1:colcon.colcon_core.package_discovery:discover_packages(recursive) using defaults
[0.304s] Level 1:colcon.colcon_core.package_discovery:discover_packages(ignore) discover
[0.304s] Level 1:colcon.colcon_core.package_discovery:discover_packages(ignore) using defaults
[0.304s] Level 1:colcon.colcon_core.package_discovery:discover_packages(path) discover
[0.304s] Level 1:colcon.colcon_core.package_discovery:discover_packages(path) using defaults
[0.323s] Level 1:colcon.colcon_core.package_discovery:discover_packages(prefix_path) check parameters
[0.323s] Level 1:colcon.colcon_core.package_discovery:discover_packages(prefix_path) discover
[0.326s] DEBUG:colcon.colcon_installed_package_information.package_discovery:Found 3 installed packages in /home/hisham/brokk_ws/install
[0.327s] DEBUG:colcon.colcon_installed_package_information.package_discovery:Found 15 installed packages in /home/hisham/turtlebot3_ws/install
[0.328s] DEBUG:colcon.colcon_installed_package_information.package_discovery:Found 453 installed packages in /opt/ros/humble
[0.331s] Level 1:colcon.colcon_core.package_discovery:discover_packages(prefix_path) using defaults
[0.396s] Level 5:colcon.colcon_core.verb:set package 'brokk' build argument 'cmake_args' from command line to 'None'
[0.396s] Level 5:colcon.colcon_core.verb:set package 'brokk' build argument 'cmake_target' from command line to 'None'
[0.396s] Level 5:colcon.colcon_core.verb:set package 'brokk' build argument 'cmake_target_skip_unavailable' from command line to 'False'
[0.396s] Level 5:colcon.colcon_core.verb:set package 'brokk' build argument 'cmake_clean_cache' from command line to 'False'
[0.396s] Level 5:colcon.colcon_core.verb:set package 'brokk' build argument 'cmake_clean_first' from command line to 'False'
[0.396s] Level 5:colcon.colcon_core.verb:set package 'brokk' build argument 'cmake_force_configure' from command line to 'False'
[0.396s] Level 5:colcon.colcon_core.verb:set package 'brokk' build argument 'ament_cmake_args' from command line to 'None'
[0.396s] Level 5:colcon.colcon_core.verb:set package 'brokk' build argument 'catkin_cmake_args' from command line to 'None'
[0.396s] Level 5:colcon.colcon_core.verb:set package 'brokk' build argument 'catkin_skip_building_tests' from command line to 'False'
[0.397s] DEBUG:colcon.colcon_core.verb:Building package 'brokk' with the following arguments: {'ament_cmake_args': None, 'build_base': '/home/hisham/brokk_ws/build/brokk', 'catkin_cmake_args': None, 'catkin_skip_building_tests': False, 'cmake_args': None, 'cmake_clean_cache': False, 'cmake_clean_first': False, 'cmake_force_configure': False, 'cmake_target': None, 'cmake_target_skip_unavailable': False, 'install_base': '/home/hisham/brokk_ws/install/brokk', 'merge_install': False, 'path': '/home/hisham/brokk_ws/src/brokk', 'symlink_install': False, 'test_result_base': None}
[0.397s] Level 5:colcon.colcon_core.verb:set package 'brokk_gazebo' build argument 'cmake_args' from command line to 'None'
[0.397s] Level 5:colcon.colcon_core.verb:set package 'brokk_gazebo' build argument 'cmake_target' from command line to 'None'
[0.397s] Level 5:colcon.colcon_core.verb:set package 'brokk_gazebo' build argument 'cmake_target_skip_unavailable' from command line to 'False'
[0.397s] Level 5:colcon.colcon_core.verb:set package 'brokk_gazebo' build argument 'cmake_clean_cache' from command line to 'False'
[0.397s] Level 5:colcon.colcon_core.verb:set package 'brokk_gazebo' build argument 'cmake_clean_first' from command line to 'False'
[0.397s] Level 5:colcon.colcon_core.verb:set package 'brokk_gazebo' build argument 'cmake_force_configure' from command line to 'False'
[0.397s] Level 5:colcon.colcon_core.verb:set package 'brokk_gazebo' build argument 'ament_cmake_args' from command line to 'None'
[0.397s] Level 5:colcon.colcon_core.verb:set package 'brokk_gazebo' build argument 'catkin_cmake_args' from command line to 'None'
[0.398s] Level 5:colcon.colcon_core.verb:set package 'brokk_gazebo' build argument 'catkin_skip_building_tests' from command line to 'False'
[0.398s] DEBUG:colcon.colcon_core.verb:Building package 'brokk_gazebo' with the following arguments: {'ament_cmake_args': None, 'build_base': '/home/hisham/brokk_ws/build/brokk_gazebo', 'catkin_cmake_args': None, 'catkin_skip_building_tests': False, 'cmake_args': None, 'cmake_clean_cache': False, 'cmake_clean_first': False, 'cmake_force_configure': False, 'cmake_target': None, 'cmake_target_skip_unavailable': False, 'install_base': '/home/hisham/brokk_ws/install/brokk_gazebo', 'merge_install': False, 'path': '/home/hisham/brokk_ws/src/brokk_gazebo', 'symlink_install': False, 'test_result_base': None}
[0.398s] INFO:colcon.colcon_core.executor:Executing jobs using 'parallel' executor
[0.401s] DEBUG:colcon.colcon_parallel_executor.executor.parallel:run_until_complete
[0.401s] INFO:colcon.colcon_ros.task.ament_cmake.build:Building ROS package in '/home/hisham/brokk_ws/src/brokk' with build type 'ament_cmake'
[0.401s] INFO:colcon.colcon_cmake.task.cmake.build:Building CMake package in '/home/hisham/brokk_ws/src/brokk'
[0.404s] INFO:colcon.colcon_core.plugin_system:Skipping extension 'colcon_core.shell.bat': Not used on non-Windows systems
[0.404s] INFO:colcon.colcon_core.shell:Skip shell extension 'powershell' for command environment: Not usable outside of PowerShell
[0.404s] DEBUG:colcon.colcon_core.shell:Skip shell extension 'dsv' for command environment
[0.409s] INFO:colcon.colcon_ros.task.ament_cmake.build:Building ROS package in '/home/hisham/brokk_ws/src/brokk_gazebo' with build type 'ament_cmake'
[0.409s] INFO:colcon.colcon_cmake.task.cmake.build:Building CMake package in '/home/hisham/brokk_ws/src/brokk_gazebo'
[0.411s] INFO:colcon.colcon_core.shell:Skip shell extension 'powershell' for command environment: Not usable outside of PowerShell
[0.411s] DEBUG:colcon.colcon_core.shell:Skip shell extension 'dsv' for command environment
[0.420s] DEBUG:colcon.colcon_core.event_handler.log_command:Invoking command in '/home/hisham/brokk_ws/build/brokk': CMAKE_PREFIX_PATH=${CMAKE_PREFIX_PATH}:/home/hisham/brokk_ws/install/brokk70:/home/hisham/turtlebot3_ws/install/turtlebot3_teleop:/home/hisham/turtlebot3_ws/install/turtlebot3_example:/opt/ros/humble /usr/bin/cmake --build /home/hisham/brokk_ws/build/brokk -- -j12 -l12
[0.423s] DEBUG:colcon.colcon_core.event_handler.log_command:Invoking command in '/home/hisham/brokk_ws/build/brokk_gazebo': CMAKE_PREFIX_PATH=${CMAKE_PREFIX_PATH}:/home/hisham/brokk_ws/install/brokk70:/home/hisham/turtlebot3_ws/install/turtlebot3_teleop:/home/hisham/turtlebot3_ws/install/turtlebot3_example:/opt/ros/humble /usr/bin/cmake --build /home/hisham/brokk_ws/build/brokk_gazebo -- -j12 -l12
[0.447s] DEBUG:colcon.colcon_core.event_handler.log_command:Invoked command in '/home/hisham/brokk_ws/build/brokk' returned '0': CMAKE_PREFIX_PATH=${CMAKE_PREFIX_PATH}:/home/hisham/brokk_ws/install/brokk70:/home/hisham/turtlebot3_ws/install/turtlebot3_teleop:/home/hisham/turtlebot3_ws/install/turtlebot3_example:/opt/ros/humble /usr/bin/cmake --build /home/hisham/brokk_ws/build/brokk -- -j12 -l12
[0.448s] DEBUG:colcon.colcon_core.event_handler.log_command:Invoked command in '/home/hisham/brokk_ws/build/brokk_gazebo' returned '0': CMAKE_PREFIX_PATH=${CMAKE_PREFIX_PATH}:/home/hisham/brokk_ws/install/brokk70:/home/hisham/turtlebot3_ws/install/turtlebot3_teleop:/home/hisham/turtlebot3_ws/install/turtlebot3_example:/opt/ros/humble /usr/bin/cmake --build /home/hisham/brokk_ws/build/brokk_gazebo -- -j12 -l12
[0.469s] DEBUG:colcon.colcon_core.event_handler.log_command:Invoking command in '/home/hisham/brokk_ws/build/brokk': CMAKE_PREFIX_PATH=${CMAKE_PREFIX_PATH}:/home/hisham/brokk_ws/install/brokk70:/home/hisham/turtlebot3_ws/install/turtlebot3_teleop:/home/hisham/turtlebot3_ws/install/turtlebot3_example:/opt/ros/humble /usr/bin/cmake --install /home/hisham/brokk_ws/build/brokk
[0.472s] DEBUG:colcon.colcon_core.event_handler.log_command:Invoking command in '/home/hisham/brokk_ws/build/brokk_gazebo': CMAKE_PREFIX_PATH=${CMAKE_PREFIX_PATH}:/home/hisham/brokk_ws/install/brokk70:/home/hisham/turtlebot3_ws/install/turtlebot3_teleop:/home/hisham/turtlebot3_ws/install/turtlebot3_example:/opt/ros/humble /usr/bin/cmake --install /home/hisham/brokk_ws/build/brokk_gazebo
[0.480s] Level 1:colcon.colcon_core.environment:create_environment_scripts_only(brokk_gazebo)
[0.487s] DEBUG:colcon.colcon_core.event_handler.log_command:Invoked command in '/home/hisham/brokk_ws/build/brokk_gazebo' returned '0': CMAKE_PREFIX_PATH=${CMAKE_PREFIX_PATH}:/home/hisham/brokk_ws/install/brokk70:/home/hisham/turtlebot3_ws/install/turtlebot3_teleop:/home/hisham/turtlebot3_ws/install/turtlebot3_example:/opt/ros/humble /usr/bin/cmake --install /home/hisham/brokk_ws/build/brokk_gazebo
[0.490s] Level 1:colcon.colcon_core.environment:checking '/home/hisham/brokk_ws/install/brokk_gazebo' for CMake module files
[0.491s] Level 1:colcon.colcon_core.environment:checking '/home/hisham/brokk_ws/install/brokk_gazebo' for CMake config files
[0.492s] Level 1:colcon.colcon_core.shell:create_environment_hook('brokk_gazebo', 'cmake_prefix_path')
[0.493s] INFO:colcon.colcon_core.shell:Creating environment hook '/home/hisham/brokk_ws/install/brokk_gazebo/share/brokk_gazebo/hook/cmake_prefix_path.ps1'
[0.494s] INFO:colcon.colcon_core.shell:Creating environment descriptor '/home/hisham/brokk_ws/install/brokk_gazebo/share/brokk_gazebo/hook/cmake_prefix_path.dsv'
[0.494s] INFO:colcon.colcon_core.shell:Creating environment hook '/home/hisham/brokk_ws/install/brokk_gazebo/share/brokk_gazebo/hook/cmake_prefix_path.sh'
[0.495s] Level 1:colcon.colcon_core.environment:checking '/home/hisham/brokk_ws/install/brokk_gazebo/bin'
[0.495s] Level 1:colcon.colcon_core.environment:checking '/home/hisham/brokk_ws/install/brokk_gazebo/lib/pkgconfig/brokk_gazebo.pc'
[0.495s] Level 1:colcon.colcon_core.environment:checking '/home/hisham/brokk_ws/install/brokk_gazebo/lib/python3.10/site-packages'
[0.496s] Level 1:colcon.colcon_core.environment:checking '/home/hisham/brokk_ws/install/brokk_gazebo/bin'
[0.497s] INFO:colcon.colcon_core.shell:Creating package script '/home/hisham/brokk_ws/install/brokk_gazebo/share/brokk_gazebo/package.ps1'
[0.497s] INFO:colcon.colcon_core.shell:Creating package descriptor '/home/hisham/brokk_ws/install/brokk_gazebo/share/brokk_gazebo/package.dsv'
[0.498s] INFO:colcon.colcon_core.shell:Creating package script '/home/hisham/brokk_ws/install/brokk_gazebo/share/brokk_gazebo/package.sh'
[0.498s] INFO:colcon.colcon_core.shell:Creating package script '/home/hisham/brokk_ws/install/brokk_gazebo/share/brokk_gazebo/package.bash'
[0.499s] INFO:colcon.colcon_core.shell:Creating package script '/home/hisham/brokk_ws/install/brokk_gazebo/share/brokk_gazebo/package.zsh'
[0.499s] Level 1:colcon.colcon_core.environment:create_file_with_runtime_dependencies(/home/hisham/brokk_ws/install/brokk_gazebo/share/colcon-core/packages/brokk_gazebo)
[0.500s] Level 1:colcon.colcon_core.environment:create_environment_scripts_only(brokk)
[0.502s] Level 1:colcon.colcon_core.environment:checking '/home/hisham/brokk_ws/install/brokk' for CMake module files
[0.502s] DEBUG:colcon.colcon_core.event_handler.log_command:Invoked command in '/home/hisham/brokk_ws/build/brokk' returned '0': CMAKE_PREFIX_PATH=${CMAKE_PREFIX_PATH}:/home/hisham/brokk_ws/install/brokk70:/home/hisham/turtlebot3_ws/install/turtlebot3_teleop:/home/hisham/turtlebot3_ws/install/turtlebot3_example:/opt/ros/humble /usr/bin/cmake --install /home/hisham/brokk_ws/build/brokk
[0.503s] Level 1:colcon.colcon_core.environment:checking '/home/hisham/brokk_ws/install/brokk' for CMake config files
[0.503s] Level 1:colcon.colcon_core.shell:create_environment_hook('brokk', 'cmake_prefix_path')
[0.504s] INFO:colcon.colcon_core.shell:Creating environment hook '/home/hisham/brokk_ws/install/brokk/share/brokk/hook/cmake_prefix_path.ps1'
[0.504s] INFO:colcon.colcon_core.shell:Creating environment descriptor '/home/hisham/brokk_ws/install/brokk/share/brokk/hook/cmake_prefix_path.dsv'
[0.505s] INFO:colcon.colcon_core.shell:Creating environment hook '/home/hisham/brokk_ws/install/brokk/share/brokk/hook/cmake_prefix_path.sh'
[0.505s] Level 1:colcon.colcon_core.environment:checking '/home/hisham/brokk_ws/install/brokk/lib'
[0.505s] Level 1:colcon.colcon_core.environment:checking '/home/hisham/brokk_ws/install/brokk/bin'
[0.505s] Level 1:colcon.colcon_core.environment:checking '/home/hisham/brokk_ws/install/brokk/lib/pkgconfig/brokk.pc'
[0.505s] Level 1:colcon.colcon_core.environment:checking '/home/hisham/brokk_ws/install/brokk/lib/python3.10/site-packages'
[0.506s] Level 1:colcon.colcon_core.environment:checking '/home/hisham/brokk_ws/install/brokk/bin'
[0.507s] INFO:colcon.colcon_core.shell:Creating package script '/home/hisham/brokk_ws/install/brokk/share/brokk/package.ps1'
[0.507s] INFO:colcon.colcon_core.shell:Creating package descriptor '/home/hisham/brokk_ws/install/brokk/share/brokk/package.dsv'
[0.508s] INFO:colcon.colcon_core.shell:Creating package script '/home/hisham/brokk_ws/install/brokk/share/brokk/package.sh'
[0.508s] INFO:colcon.colcon_core.shell:Creating package script '/home/hisham/brokk_ws/install/brokk/share/brokk/package.bash'
[0.508s] INFO:colcon.colcon_core.shell:Creating package script '/home/hisham/brokk_ws/install/brokk/share/brokk/package.zsh'
[0.508s] Level 1:colcon.colcon_core.environment:create_file_with_runtime_dependencies(/home/hisham/brokk_ws/install/brokk/share/colcon-core/packages/brokk)
[0.515s] Level 1:colcon.colcon_core.environment:create_environment_scripts_only(brokk_gazebo)
[0.517s] Level 1:colcon.colcon_core.environment:checking '/home/hisham/brokk_ws/install/brokk_gazebo' for CMake module files
[0.517s] Level 1:colcon.colcon_core.environment:checking '/home/hisham/brokk_ws/install/brokk_gazebo' for CMake config files
[0.517s] Level 1:colcon.colcon_core.shell:create_environment_hook('brokk_gazebo', 'cmake_prefix_path')
[0.518s] INFO:colcon.colcon_core.shell:Creating environment hook '/home/hisham/brokk_ws/install/brokk_gazebo/share/brokk_gazebo/hook/cmake_prefix_path.ps1'
[0.519s] INFO:colcon.colcon_core.shell:Creating environment descriptor '/home/hisham/brokk_ws/install/brokk_gazebo/share/brokk_gazebo/hook/cmake_prefix_path.dsv'
[0.519s] INFO:colcon.colcon_core.shell:Creating environment hook '/home/hisham/brokk_ws/install/brokk_gazebo/share/brokk_gazebo/hook/cmake_prefix_path.sh'
[0.519s] Level 1:colcon.colcon_core.environment:checking '/home/hisham/brokk_ws/install/brokk_gazebo/bin'
[0.519s] Level 1:colcon.colcon_core.environment:checking '/home/hisham/brokk_ws/install/brokk_gazebo/lib/pkgconfig/brokk_gazebo.pc'
[0.520s] Level 1:colcon.colcon_core.environment:checking '/home/hisham/brokk_ws/install/brokk_gazebo/lib/python3.10/site-packages'
[0.520s] Level 1:colcon.colcon_core.environment:checking '/home/hisham/brokk_ws/install/brokk_gazebo/bin'
[0.521s] INFO:colcon.colcon_core.shell:Creating package script '/home/hisham/brokk_ws/install/brokk_gazebo/share/brokk_gazebo/package.ps1'
[0.521s] INFO:colcon.colcon_core.shell:Creating package descriptor '/home/hisham/brokk_ws/install/brokk_gazebo/share/brokk_gazebo/package.dsv'
[0.521s] INFO:colcon.colcon_core.shell:Creating package script '/home/hisham/brokk_ws/install/brokk_gazebo/share/brokk_gazebo/package.sh'
[0.522s] INFO:colcon.colcon_core.shell:Creating package script '/home/hisham/brokk_ws/install/brokk_gazebo/share/brokk_gazebo/package.bash'
[0.522s] INFO:colcon.colcon_core.shell:Creating package script '/home/hisham/brokk_ws/install/brokk_gazebo/share/brokk_gazebo/package.zsh'
[0.522s] Level 1:colcon.colcon_core.environment:create_file_with_runtime_dependencies(/home/hisham/brokk_ws/install/brokk_gazebo/share/colcon-core/packages/brokk_gazebo)
[0.524s] Level 1:colcon.colcon_core.environment:create_environment_scripts_only(brokk)
[0.526s] Level 1:colcon.colcon_core.environment:checking '/home/hisham/brokk_ws/install/brokk' for CMake module files
[0.526s] Level 1:colcon.colcon_core.environment:checking '/home/hisham/brokk_ws/install/brokk' for CMake config files
[0.526s] Level 1:colcon.colcon_core.shell:create_environment_hook('brokk', 'cmake_prefix_path')
[0.527s] INFO:colcon.colcon_core.shell:Creating environment hook '/home/hisham/brokk_ws/install/brokk/share/brokk/hook/cmake_prefix_path.ps1'
[0.528s] INFO:colcon.colcon_core.shell:Creating environment descriptor '/home/hisham/brokk_ws/install/brokk/share/brokk/hook/cmake_prefix_path.dsv'
[0.528s] INFO:colcon.colcon_core.shell:Creating environment hook '/home/hisham/brokk_ws/install/brokk/share/brokk/hook/cmake_prefix_path.sh'
[0.528s] Level 1:colcon.colcon_core.environment:checking '/home/hisham/brokk_ws/install/brokk/lib'
[0.528s] Level 1:colcon.colcon_core.environment:checking '/home/hisham/brokk_ws/install/brokk/bin'
[0.528s] Level 1:colcon.colcon_core.environment:checking '/home/hisham/brokk_ws/install/brokk/lib/pkgconfig/brokk.pc'
[0.529s] Level 1:colcon.colcon_core.environment:checking '/home/hisham/brokk_ws/install/brokk/lib/python3.10/site-packages'
[0.529s] Level 1:colcon.colcon_core.environment:checking '/home/hisham/brokk_ws/install/brokk/bin'
[0.530s] INFO:colcon.colcon_core.shell:Creating package script '/home/hisham/brokk_ws/install/brokk/share/brokk/package.ps1'
[0.530s] INFO:colcon.colcon_core.shell:Creating package descriptor '/home/hisham/brokk_ws/install/brokk/share/brokk/package.dsv'
[0.531s] INFO:colcon.colcon_core.shell:Creating package script '/home/hisham/brokk_ws/install/brokk/share/brokk/package.sh'
[0.531s] INFO:colcon.colcon_core.shell:Creating package script '/home/hisham/brokk_ws/install/brokk/share/brokk/package.bash'
[0.531s] INFO:colcon.colcon_core.shell:Creating package script '/home/hisham/brokk_ws/install/brokk/share/brokk/package.zsh'
[0.531s] Level 1:colcon.colcon_core.environment:create_file_with_runtime_dependencies(/home/hisham/brokk_ws/install/brokk/share/colcon-core/packages/brokk)
[0.532s] DEBUG:colcon.colcon_parallel_executor.executor.parallel:closing loop
[0.532s] DEBUG:colcon.colcon_parallel_executor.executor.parallel:loop closed
[0.532s] DEBUG:colcon.colcon_parallel_executor.executor.parallel:run_until_complete finished with '0'
[0.532s] DEBUG:colcon.colcon_core.event_reactor:joining thread
[0.536s] INFO:colcon.colcon_core.plugin_system:Skipping extension 'colcon_notification.desktop_notification.terminal_notifier': Not used on non-Darwin systems
[0.536s] INFO:colcon.colcon_core.plugin_system:Skipping extension 'colcon_notification.desktop_notification.win32': Not used on non-Windows systems
[0.536s] INFO:colcon.colcon_notification.desktop_notification:Sending desktop notification using 'notify2'
[0.548s] DEBUG:colcon.colcon_core.event_reactor:joined thread
[0.549s] INFO:colcon.colcon_core.shell:Creating prefix script '/home/hisham/brokk_ws/install/local_setup.ps1'
[0.550s] INFO:colcon.colcon_core.shell:Creating prefix util module '/home/hisham/brokk_ws/install/_local_setup_util_ps1.py'
[0.551s] INFO:colcon.colcon_core.shell:Creating prefix chain script '/home/hisham/brokk_ws/install/setup.ps1'
[0.553s] INFO:colcon.colcon_core.shell:Creating prefix script '/home/hisham/brokk_ws/install/local_setup.sh'
[0.553s] INFO:colcon.colcon_core.shell:Creating prefix util module '/home/hisham/brokk_ws/install/_local_setup_util_sh.py'
[0.553s] INFO:colcon.colcon_core.shell:Creating prefix chain script '/home/hisham/brokk_ws/install/setup.sh'
[0.555s] INFO:colcon.colcon_core.shell:Creating prefix script '/home/hisham/brokk_ws/install/local_setup.bash'
[0.555s] INFO:colcon.colcon_core.shell:Creating prefix chain script '/home/hisham/brokk_ws/install/setup.bash'
[0.557s] INFO:colcon.colcon_core.shell:Creating prefix script '/home/hisham/brokk_ws/install/local_setup.zsh'
[0.557s] INFO:colcon.colcon_core.shell:Creating prefix chain script '/home/hisham/brokk_ws/install/setup.zsh'
