/home/hisham/brokk_ws/install/brokk70/lib/python3.10/site-packages/brokk70/__init__.py
/home/hisham/brokk_ws/install/brokk70/lib/python3.10/site-packages/brokk70/__pycache__/__init__.cpython-310.pyc
/home/hisham/brokk_ws/install/brokk70/share/ament_index/resource_index/packages/brokk70
/home/hisham/brokk_ws/install/brokk70/share/brokk70/package.xml
/home/hisham/brokk_ws/install/brokk70/share/brokk70/launch/display.launch.py
/home/hisham/brokk_ws/install/brokk70/share/brokk70/launch/gazebo.launch.py
/home/hisham/brokk_ws/install/brokk70/share/brokk70/urdf/inertial_macros.xacro
/home/hisham/brokk_ws/install/brokk70/share/brokk70/urdf/brokk70.xacro
/home/hisham/brokk_ws/install/brokk70/share/brokk70/urdf/lidar.xacro
/home/hisham/brokk_ws/install/brokk70/share/brokk70/urdf/brokk70_control.xacro
/home/hisham/brokk_ws/install/brokk70/share/brokk70/urdf/materials.xacro
/home/hisham/brokk_ws/install/brokk70/share/brokk70/urdf/brokk70.gazebo
/home/hisham/brokk_ws/install/brokk70/share/brokk70/meshes/left_wheel_1.stl
/home/hisham/brokk_ws/install/brokk70/share/brokk70/meshes/leg_hl_1.stl
/home/hisham/brokk_ws/install/brokk70/share/brokk70/meshes/wheel_l_1.stl
/home/hisham/brokk_ws/install/brokk70/share/brokk70/meshes/wheel_r_1.stl
/home/hisham/brokk_ws/install/brokk70/share/brokk70/meshes/base_link_vis.stl
/home/hisham/brokk_ws/install/brokk70/share/brokk70/meshes/track_r_1.stl
/home/hisham/brokk_ws/install/brokk70/share/brokk70/meshes/leg_vr_1.stl
/home/hisham/brokk_ws/install/brokk70/share/brokk70/meshes/right_wheel_1.stl
/home/hisham/brokk_ws/install/brokk70/share/brokk70/meshes/base_link.stl
/home/hisham/brokk_ws/install/brokk70/share/brokk70/meshes/leg_hr_1.stl
/home/hisham/brokk_ws/install/brokk70/share/brokk70/meshes/effector_base_1.stl
/home/hisham/brokk_ws/install/brokk70/share/brokk70/meshes/track_l_1.stl
/home/hisham/brokk_ws/install/brokk70/share/brokk70/meshes/leg_vl_1.stl
/home/hisham/brokk_ws/install/brokk70/share/brokk70/config/display.rviz
/home/hisham/brokk_ws/install/brokk70/lib/python3.10/site-packages/brokk70-0.0.0-py3.10.egg-info/PKG-INFO
/home/hisham/brokk_ws/install/brokk70/lib/python3.10/site-packages/brokk70-0.0.0-py3.10.egg-info/requires.txt
/home/hisham/brokk_ws/install/brokk70/lib/python3.10/site-packages/brokk70-0.0.0-py3.10.egg-info/top_level.txt
/home/hisham/brokk_ws/install/brokk70/lib/python3.10/site-packages/brokk70-0.0.0-py3.10.egg-info/entry_points.txt
/home/hisham/brokk_ws/install/brokk70/lib/python3.10/site-packages/brokk70-0.0.0-py3.10.egg-info/SOURCES.txt
/home/hisham/brokk_ws/install/brokk70/lib/python3.10/site-packages/brokk70-0.0.0-py3.10.egg-info/zip-safe
/home/hisham/brokk_ws/install/brokk70/lib/python3.10/site-packages/brokk70-0.0.0-py3.10.egg-info/dependency_links.txt
