[0.009s] Invoking command in '/home/hisham/brokk_ws/build/brokk_gazebo': /usr/bin/cmake --build /home/hisham/brokk_ws/build/brokk_gazebo -- -j12 -l12
[0.032s] Invoked command in '/home/hisham/brokk_ws/build/brokk_gazebo' returned '0': /usr/bin/cmake --build /home/hisham/brokk_ws/build/brokk_gazebo -- -j12 -l12
[0.050s] Invoking command in '/home/hisham/brokk_ws/build/brokk_gazebo': /usr/bin/cmake --install /home/hisham/brokk_ws/build/brokk_gazebo
[0.055s] -- Install configuration: ""
[0.055s] -- Up-to-date: /home/hisham/brokk_ws/install/brokk_gazebo/share/brokk_gazebo/config
[0.055s] -- Up-to-date: /home/hisham/brokk_ws/install/brokk_gazebo/share/brokk_gazebo/description
[0.056s] -- Up-to-date: /home/hisham/brokk_ws/install/brokk_gazebo/share/brokk_gazebo/launch
[0.056s] -- Up-to-date: /home/hisham/brokk_ws/install/brokk_gazebo/share/brokk_gazebo/launch/launch_robot.py
[0.056s] -- Up-to-date: /home/hisham/brokk_ws/install/brokk_gazebo/share/brokk_gazebo/worlds
[0.056s] -- Up-to-date: /home/hisham/brokk_ws/install/brokk_gazebo/share/ament_index/resource_index/package_run_dependencies/brokk_gazebo
[0.056s] -- Up-to-date: /home/hisham/brokk_ws/install/brokk_gazebo/share/ament_index/resource_index/parent_prefix_path/brokk_gazebo
[0.056s] -- Up-to-date: /home/hisham/brokk_ws/install/brokk_gazebo/share/brokk_gazebo/environment/ament_prefix_path.sh
[0.057s] -- Up-to-date: /home/hisham/brokk_ws/install/brokk_gazebo/share/brokk_gazebo/environment/ament_prefix_path.dsv
[0.057s] -- Up-to-date: /home/hisham/brokk_ws/install/brokk_gazebo/share/brokk_gazebo/environment/path.sh
[0.058s] -- Up-to-date: /home/hisham/brokk_ws/install/brokk_gazebo/share/brokk_gazebo/environment/path.dsv
[0.058s] -- Up-to-date: /home/hisham/brokk_ws/install/brokk_gazebo/share/brokk_gazebo/local_setup.bash
[0.059s] -- Up-to-date: /home/hisham/brokk_ws/install/brokk_gazebo/share/brokk_gazebo/local_setup.sh
[0.060s] -- Up-to-date: /home/hisham/brokk_ws/install/brokk_gazebo/share/brokk_gazebo/local_setup.zsh
[0.060s] -- Up-to-date: /home/hisham/brokk_ws/install/brokk_gazebo/share/brokk_gazebo/local_setup.dsv
[0.060s] -- Installing: /home/hisham/brokk_ws/install/brokk_gazebo/share/brokk_gazebo/package.dsv
[0.061s] -- Up-to-date: /home/hisham/brokk_ws/install/brokk_gazebo/share/ament_index/resource_index/packages/brokk_gazebo
[0.062s] -- Up-to-date: /home/hisham/brokk_ws/install/brokk_gazebo/share/brokk_gazebo/cmake/brokk_gazeboConfig.cmake
[0.062s] -- Up-to-date: /home/hisham/brokk_ws/install/brokk_gazebo/share/brokk_gazebo/cmake/brokk_gazeboConfig-version.cmake
[0.062s] -- Up-to-date: /home/hisham/brokk_ws/install/brokk_gazebo/share/brokk_gazebo/package.xml
[0.066s] Invoked command in '/home/hisham/brokk_ws/build/brokk_gazebo' returned '0': /usr/bin/cmake --install /home/hisham/brokk_ws/build/brokk_gazebo
