-- Install configuration: ""
-- Up-to-date: /home/hisham/brokk_ws/install/brokk_gazebo/share/brokk_gazebo/config
-- Up-to-date: /home/hisham/brokk_ws/install/brokk_gazebo/share/brokk_gazebo/description
-- Up-to-date: /home/hisham/brokk_ws/install/brokk_gazebo/share/brokk_gazebo/launch
-- Up-to-date: /home/hisham/brokk_ws/install/brokk_gazebo/share/brokk_gazebo/launch/launch_robot.py
-- Up-to-date: /home/hisham/brokk_ws/install/brokk_gazebo/share/brokk_gazebo/worlds
-- Up-to-date: /home/hisham/brokk_ws/install/brokk_gazebo/share/ament_index/resource_index/package_run_dependencies/brokk_gazebo
-- Up-to-date: /home/hisham/brokk_ws/install/brokk_gazebo/share/ament_index/resource_index/parent_prefix_path/brokk_gazebo
-- Up-to-date: /home/hisham/brokk_ws/install/brokk_gazebo/share/brokk_gazebo/environment/ament_prefix_path.sh
-- Up-to-date: /home/hisham/brokk_ws/install/brokk_gazebo/share/brokk_gazebo/environment/ament_prefix_path.dsv
-- Up-to-date: /home/hisham/brokk_ws/install/brokk_gazebo/share/brokk_gazebo/environment/path.sh
-- Up-to-date: /home/hisham/brokk_ws/install/brokk_gazebo/share/brokk_gazebo/environment/path.dsv
-- Up-to-date: /home/hisham/brokk_ws/install/brokk_gazebo/share/brokk_gazebo/local_setup.bash
-- Up-to-date: /home/hisham/brokk_ws/install/brokk_gazebo/share/brokk_gazebo/local_setup.sh
-- Up-to-date: /home/hisham/brokk_ws/install/brokk_gazebo/share/brokk_gazebo/local_setup.zsh
-- Up-to-date: /home/hisham/brokk_ws/install/brokk_gazebo/share/brokk_gazebo/local_setup.dsv
-- Installing: /home/hisham/brokk_ws/install/brokk_gazebo/share/brokk_gazebo/package.dsv
-- Up-to-date: /home/hisham/brokk_ws/install/brokk_gazebo/share/ament_index/resource_index/packages/brokk_gazebo
-- Up-to-date: /home/hisham/brokk_ws/install/brokk_gazebo/share/brokk_gazebo/cmake/brokk_gazeboConfig.cmake
-- Up-to-date: /home/hisham/brokk_ws/install/brokk_gazebo/share/brokk_gazebo/cmake/brokk_gazeboConfig-version.cmake
-- Up-to-date: /home/hisham/brokk_ws/install/brokk_gazebo/share/brokk_gazebo/package.xml
