-- Found ament_cmake: 1.3.5 (/opt/ros/humble/share/ament_cmake/cmake)
-- Override CMake install command with custom implementation using symlinks instead of copying resources
-- Found ament_lint_auto: 0.12.7 (/opt/ros/humble/share/ament_lint_auto/cmake)
-- Added test 'copyright' to check source files copyright and LICENSE
-- Added test 'flake8' to check Python code syntax and style conventions
-- Added test 'lint_cmake' to check CMake code style
-- Added test 'pep257' to check Python code against some of the docstring style conventions in PEP 257
-- Added test 'xmllint' to check XML markup files
-- Configuring done
-- Generating done
-- Build files have been written to: /home/hisham/brokk_ws/build/brokk
-- Install configuration: ""
-- Execute custom install script
-- Symlinking: /home/hisham/brokk_ws/install/brokk/share/brokk/config/empty.yaml
-- Symlinking: /home/hisham/brokk_ws/install/brokk/share/brokk/description/robot.urdf.xacro
-- Symlinking: /home/hisham/brokk_ws/install/brokk/share/brokk/launch/rsp.launch.py
-- Symlinking: /home/hisham/brokk_ws/install/brokk/share/brokk/worlds/empty.world
-- Symlinking: /home/hisham/brokk_ws/install/brokk/share/ament_index/resource_index/package_run_dependencies/brokk
-- Symlinking: /home/hisham/brokk_ws/install/brokk/share/ament_index/resource_index/parent_prefix_path/brokk
-- Symlinking: /home/hisham/brokk_ws/install/brokk/share/brokk/environment/ament_prefix_path.sh
-- Symlinking: /home/hisham/brokk_ws/install/brokk/share/brokk/environment/ament_prefix_path.dsv
-- Symlinking: /home/hisham/brokk_ws/install/brokk/share/brokk/environment/path.sh
-- Symlinking: /home/hisham/brokk_ws/install/brokk/share/brokk/environment/path.dsv
-- Symlinking: /home/hisham/brokk_ws/install/brokk/share/brokk/local_setup.bash
-- Symlinking: /home/hisham/brokk_ws/install/brokk/share/brokk/local_setup.sh
-- Symlinking: /home/hisham/brokk_ws/install/brokk/share/brokk/local_setup.zsh
-- Symlinking: /home/hisham/brokk_ws/install/brokk/share/brokk/local_setup.dsv
-- Symlinking: /home/hisham/brokk_ws/install/brokk/share/brokk/package.dsv
-- Symlinking: /home/hisham/brokk_ws/install/brokk/share/ament_index/resource_index/packages/brokk
-- Symlinking: /home/hisham/brokk_ws/install/brokk/share/brokk/cmake/brokkConfig.cmake
-- Symlinking: /home/hisham/brokk_ws/install/brokk/share/brokk/cmake/brokkConfig-version.cmake
-- Symlinking: /home/hisham/brokk_ws/install/brokk/share/brokk/package.xml
