[0.011s] Invoking command in '/home/hisham/brokk_ws/build/brokk': CMAKE_PREFIX_PATH=${CMAKE_PREFIX_PATH}:/home/hisham/turtlebot3_ws/install/turtlebot3_teleop:/home/hisham/turtlebot3_ws/install/turtlebot3_example:/opt/ros/humble /usr/bin/cmake /home/hisham/brokk_ws/src/brokk -DAMENT_CMAKE_SYMLINK_INSTALL=1 -DCMAKE_INSTALL_PREFIX=/home/hisham/brokk_ws/install/brokk
[0.019s] -- Found ament_cmake: 1.3.5 (/opt/ros/humble/share/ament_cmake/cmake)
[0.123s] -- Override CMake install command with custom implementation using symlinks instead of copying resources
[0.129s] -- Found ament_lint_auto: 0.12.7 (/opt/ros/humble/share/ament_lint_auto/cmake)
[0.182s] -- Added test 'copyright' to check source files copyright and LICENSE
[0.185s] -- Added test 'flake8' to check Python code syntax and style conventions
[0.186s] -- Added test 'lint_cmake' to check CMake code style
[0.186s] -- Added test 'pep257' to check Python code against some of the docstring style conventions in PEP 257
[0.188s] -- Added test 'xmllint' to check XML markup files
[0.189s] -- Configuring done
[0.190s] -- Generating done
[0.191s] -- Build files have been written to: /home/hisham/brokk_ws/build/brokk
[0.194s] Invoked command in '/home/hisham/brokk_ws/build/brokk' returned '0': CMAKE_PREFIX_PATH=${CMAKE_PREFIX_PATH}:/home/hisham/turtlebot3_ws/install/turtlebot3_teleop:/home/hisham/turtlebot3_ws/install/turtlebot3_example:/opt/ros/humble /usr/bin/cmake /home/hisham/brokk_ws/src/brokk -DAMENT_CMAKE_SYMLINK_INSTALL=1 -DCMAKE_INSTALL_PREFIX=/home/hisham/brokk_ws/install/brokk
[0.195s] Invoking command in '/home/hisham/brokk_ws/build/brokk': CMAKE_PREFIX_PATH=${CMAKE_PREFIX_PATH}:/home/hisham/turtlebot3_ws/install/turtlebot3_teleop:/home/hisham/turtlebot3_ws/install/turtlebot3_example:/opt/ros/humble /usr/bin/cmake --build /home/hisham/brokk_ws/build/brokk -- -j12 -l12
[0.218s] Invoked command in '/home/hisham/brokk_ws/build/brokk' returned '0': CMAKE_PREFIX_PATH=${CMAKE_PREFIX_PATH}:/home/hisham/turtlebot3_ws/install/turtlebot3_teleop:/home/hisham/turtlebot3_ws/install/turtlebot3_example:/opt/ros/humble /usr/bin/cmake --build /home/hisham/brokk_ws/build/brokk -- -j12 -l12
[0.239s] Invoking command in '/home/hisham/brokk_ws/build/brokk': CMAKE_PREFIX_PATH=${CMAKE_PREFIX_PATH}:/home/hisham/turtlebot3_ws/install/turtlebot3_teleop:/home/hisham/turtlebot3_ws/install/turtlebot3_example:/opt/ros/humble /usr/bin/cmake --install /home/hisham/brokk_ws/build/brokk
[0.244s] -- Install configuration: ""
[0.244s] -- Execute custom install script
[0.244s] -- Symlinking: /home/hisham/brokk_ws/install/brokk/share/brokk/config/empty.yaml
[0.250s] -- Symlinking: /home/hisham/brokk_ws/install/brokk/share/brokk/description/robot.urdf.xacro
[0.256s] -- Symlinking: /home/hisham/brokk_ws/install/brokk/share/brokk/launch/rsp.launch.py
[0.261s] -- Symlinking: /home/hisham/brokk_ws/install/brokk/share/brokk/worlds/empty.world
[0.267s] -- Symlinking: /home/hisham/brokk_ws/install/brokk/share/ament_index/resource_index/package_run_dependencies/brokk
[0.273s] -- Symlinking: /home/hisham/brokk_ws/install/brokk/share/ament_index/resource_index/parent_prefix_path/brokk
[0.278s] -- Symlinking: /home/hisham/brokk_ws/install/brokk/share/brokk/environment/ament_prefix_path.sh
[0.284s] -- Symlinking: /home/hisham/brokk_ws/install/brokk/share/brokk/environment/ament_prefix_path.dsv
[0.290s] -- Symlinking: /home/hisham/brokk_ws/install/brokk/share/brokk/environment/path.sh
[0.296s] -- Symlinking: /home/hisham/brokk_ws/install/brokk/share/brokk/environment/path.dsv
[0.301s] -- Symlinking: /home/hisham/brokk_ws/install/brokk/share/brokk/local_setup.bash
[0.307s] -- Symlinking: /home/hisham/brokk_ws/install/brokk/share/brokk/local_setup.sh
[0.313s] -- Symlinking: /home/hisham/brokk_ws/install/brokk/share/brokk/local_setup.zsh
[0.319s] -- Symlinking: /home/hisham/brokk_ws/install/brokk/share/brokk/local_setup.dsv
[0.324s] -- Symlinking: /home/hisham/brokk_ws/install/brokk/share/brokk/package.dsv
[0.330s] -- Symlinking: /home/hisham/brokk_ws/install/brokk/share/ament_index/resource_index/packages/brokk
[0.336s] -- Symlinking: /home/hisham/brokk_ws/install/brokk/share/brokk/cmake/brokkConfig.cmake
[0.342s] -- Symlinking: /home/hisham/brokk_ws/install/brokk/share/brokk/cmake/brokkConfig-version.cmake
[0.347s] -- Symlinking: /home/hisham/brokk_ws/install/brokk/share/brokk/package.xml
[0.355s] Invoked command in '/home/hisham/brokk_ws/build/brokk' returned '0': CMAKE_PREFIX_PATH=${CMAKE_PREFIX_PATH}:/home/hisham/turtlebot3_ws/install/turtlebot3_teleop:/home/hisham/turtlebot3_ws/install/turtlebot3_example:/opt/ros/humble /usr/bin/cmake --install /home/hisham/brokk_ws/build/brokk
