[0.018s] Invoking command in '/home/hisham/brokk_ws/build/brokk': CMAKE_PREFIX_PATH=${CMAKE_PREFIX_PATH}:/home/hisham/turtlebot3_ws/install/turtlebot3_teleop:/home/hisham/turtlebot3_ws/install/turtlebot3_example:/opt/ros/humble /usr/bin/cmake --build /home/hisham/brokk_ws/build/brokk -- -j12 -l12
[0.047s] Invoked command in '/home/hisham/brokk_ws/build/brokk' returned '0': CMAKE_PREFIX_PATH=${CMAKE_PREFIX_PATH}:/home/hisham/turtlebot3_ws/install/turtlebot3_teleop:/home/hisham/turtlebot3_ws/install/turtlebot3_example:/opt/ros/humble /usr/bin/cmake --build /home/hisham/brokk_ws/build/brokk -- -j12 -l12
[0.070s] Invoking command in '/home/hisham/brokk_ws/build/brokk': CMAKE_PREFIX_PATH=${CMAKE_PREFIX_PATH}:/home/hisham/turtlebot3_ws/install/turtlebot3_teleop:/home/hisham/turtlebot3_ws/install/turtlebot3_example:/opt/ros/humble /usr/bin/cmake --install /home/hisham/brokk_ws/build/brokk
[0.075s] -- Install configuration: ""
[0.076s] -- Execute custom install script
[0.076s] -- Up-to-date symlink: /home/hisham/brokk_ws/install/brokk/share/brokk/config/empty.yaml
[0.076s] -- Up-to-date symlink: /home/hisham/brokk_ws/install/brokk/share/brokk/config/view_brokk.rviz
[0.077s] -- Symlinking: /home/hisham/brokk_ws/install/brokk/share/brokk/description/archiv/brokk_v2.urdf.xacro
[0.084s] -- Symlinking: /home/hisham/brokk_ws/install/brokk/share/brokk/description/archiv/brokk_v2_gazebo.xacro
[0.090s] -- Symlinking: /home/hisham/brokk_ws/install/brokk/share/brokk/description/archiv/brokk_v3.urdf
[0.095s] -- Symlinking: /home/hisham/brokk_ws/install/brokk/share/brokk/description/archiv/brokk_v3.urdf.xacro
[0.102s] -- Symlinking: /home/hisham/brokk_ws/install/brokk/share/brokk/description/archiv/brokk_v3_gazebo.xacro
[0.109s] -- Symlinking: /home/hisham/brokk_ws/install/brokk/share/brokk/description/archiv/brokk_v4.urdf.xacro
[0.114s] -- Symlinking: /home/hisham/brokk_ws/install/brokk/share/brokk/description/archiv/brokk_v4_gazebo.xacro
[0.120s] -- Symlinking: /home/hisham/brokk_ws/install/brokk/share/brokk/description/archiv/brokk_v5.urdf.xacro
[0.126s] -- Symlinking: /home/hisham/brokk_ws/install/brokk/share/brokk/description/archiv/brokk_v5_gazebo.xacro
[0.133s] -- Symlinking: /home/hisham/brokk_ws/install/brokk/share/brokk/description/archiv/robot.urdf.xacro
[0.139s] -- Symlinking: /home/hisham/brokk_ws/install/brokk/share/brokk/description/archiv/simple.urdf.xacro
[0.145s] -- Symlinking: /home/hisham/brokk_ws/install/brokk/share/brokk/description/archiv/turtlebot3_prismatic.urdf.xacro
[0.151s] -- Symlinking: /home/hisham/brokk_ws/install/brokk/share/brokk/description/archiv/turtlebot_improv.dae
[0.157s] -- Up-to-date symlink: /home/hisham/brokk_ws/install/brokk/share/brokk/description/brokk_hishversion/brokk_vH.urdf.xacro
[0.157s] -- Up-to-date symlink: /home/hisham/brokk_ws/install/brokk/share/brokk/description/brokk_hishversion/meshfiles/base.STL
[0.157s] -- Up-to-date symlink: /home/hisham/brokk_ws/install/brokk/share/brokk/description/brokk_hishversion/meshfiles/base.stl
[0.157s] -- Up-to-date symlink: /home/hisham/brokk_ws/install/brokk/share/brokk/description/brokk_hishversion/meshfiles/base_final2.dae
[0.157s] -- Up-to-date symlink: /home/hisham/brokk_ws/install/brokk/share/brokk/description/brokk_hishversion/meshfiles/base_final2.stl
[0.157s] -- Up-to-date symlink: /home/hisham/brokk_ws/install/brokk/share/brokk/description/brokk_hishversion/meshfiles/body1.STL
[0.157s] -- Up-to-date symlink: /home/hisham/brokk_ws/install/brokk/share/brokk/description/brokk_hishversion/meshfiles/body1.dae
[0.157s] -- Up-to-date symlink: /home/hisham/brokk_ws/install/brokk/share/brokk/description/brokk_hishversion/meshfiles/body1.stl
[0.157s] -- Up-to-date symlink: /home/hisham/brokk_ws/install/brokk/share/brokk/description/brokk_hishversion/meshfiles/body2.STL
[0.157s] -- Up-to-date symlink: /home/hisham/brokk_ws/install/brokk/share/brokk/description/brokk_hishversion/meshfiles/body2.dae
[0.157s] -- Up-to-date symlink: /home/hisham/brokk_ws/install/brokk/share/brokk/description/brokk_hishversion/meshfiles/body2.stl
[0.157s] -- Up-to-date symlink: /home/hisham/brokk_ws/install/brokk/share/brokk/description/brokk_hishversion/meshfiles/body3.STL
[0.157s] -- Up-to-date symlink: /home/hisham/brokk_ws/install/brokk/share/brokk/description/brokk_hishversion/meshfiles/body3.dae
[0.157s] -- Up-to-date symlink: /home/hisham/brokk_ws/install/brokk/share/brokk/description/brokk_hishversion/meshfiles/body3.stl
[0.158s] -- Up-to-date symlink: /home/hisham/brokk_ws/install/brokk/share/brokk/description/brokk_hishversion/meshfiles/body4.STL
[0.158s] -- Up-to-date symlink: /home/hisham/brokk_ws/install/brokk/share/brokk/description/brokk_hishversion/meshfiles/body4.dae
[0.158s] -- Up-to-date symlink: /home/hisham/brokk_ws/install/brokk/share/brokk/description/brokk_hishversion/meshfiles/body4.stl
[0.158s] -- Up-to-date symlink: /home/hisham/brokk_ws/install/brokk/share/brokk/description/brokk_hishversion/meshfiles/body4_scaled.STL
[0.158s] -- Up-to-date symlink: /home/hisham/brokk_ws/install/brokk/share/brokk/description/brokk_hishversion/meshfiles/brokk_arm.urdf
[0.158s] -- Up-to-date symlink: /home/hisham/brokk_ws/install/brokk/share/brokk/description/brokk_hishversion/meshfiles/legs.stl
[0.158s] -- Up-to-date symlink: /home/hisham/brokk_ws/install/brokk/share/brokk/description/brokk_hishversion/meshfiles/legs_final2.dae
[0.158s] -- Up-to-date symlink: /home/hisham/brokk_ws/install/brokk/share/brokk/description/brokk_hishversion/meshfiles/legs_final2.stl
[0.158s] -- Up-to-date symlink: /home/hisham/brokk_ws/install/brokk/share/brokk/description/brokk_hishversion/meshfiles/legs_reduced.dae
[0.158s] -- Up-to-date symlink: /home/hisham/brokk_ws/install/brokk/share/brokk/description/brokk_hishversion/meshfiles/old_backup/back/base.STL
[0.158s] -- Up-to-date symlink: /home/hisham/brokk_ws/install/brokk/share/brokk/description/brokk_hishversion/meshfiles/old_backup/back/body1.STL
[0.158s] -- Up-to-date symlink: /home/hisham/brokk_ws/install/brokk/share/brokk/description/brokk_hishversion/meshfiles/old_backup/back/body2.STL
[0.158s] -- Up-to-date symlink: /home/hisham/brokk_ws/install/brokk/share/brokk/description/brokk_hishversion/meshfiles/old_backup/back/body3.STL
[0.158s] -- Up-to-date symlink: /home/hisham/brokk_ws/install/brokk/share/brokk/description/brokk_hishversion/meshfiles/old_backup/back/body4.STL
[0.159s] -- Up-to-date symlink: /home/hisham/brokk_ws/install/brokk/share/brokk/description/brokk_hishversion/meshfiles/old_backup/back/legs.STL
[0.159s] -- Up-to-date symlink: /home/hisham/brokk_ws/install/brokk/share/brokk/description/brokk_hishversion/meshfiles/old_backup/back/legs.dae
[0.159s] -- Up-to-date symlink: /home/hisham/brokk_ws/install/brokk/share/brokk/description/brokk_hishversion/meshfiles/old_backup/base.dae
[0.159s] -- Up-to-date symlink: /home/hisham/brokk_ws/install/brokk/share/brokk/description/brokk_hishversion/meshfiles/old_backup/base.stl
[0.159s] -- Up-to-date symlink: /home/hisham/brokk_ws/install/brokk/share/brokk/description/brokk_hishversion/meshfiles/old_backup/legs.dae
[0.159s] -- Up-to-date symlink: /home/hisham/brokk_ws/install/brokk/share/brokk/description/brokk_hishversion/meshfiles/old_backup/legs.stl
[0.159s] -- Up-to-date symlink: /home/hisham/brokk_ws/install/brokk/share/brokk/description/brokk_hishversion/meshfiles/old_backup/tmp/base.STL
[0.159s] -- Up-to-date symlink: /home/hisham/brokk_ws/install/brokk/share/brokk/description/brokk_hishversion/meshfiles/old_backup/tmp/body1.STL
[0.159s] -- Up-to-date symlink: /home/hisham/brokk_ws/install/brokk/share/brokk/description/brokk_hishversion/meshfiles/old_backup/tmp/body2.STL
[0.159s] -- Up-to-date symlink: /home/hisham/brokk_ws/install/brokk/share/brokk/description/brokk_hishversion/meshfiles/old_backup/tmp/body3.STL
[0.159s] -- Up-to-date symlink: /home/hisham/brokk_ws/install/brokk/share/brokk/description/brokk_hishversion/meshfiles/old_backup/tmp/body4.STL
[0.159s] -- Up-to-date symlink: /home/hisham/brokk_ws/install/brokk/share/brokk/description/brokk_hishversion/meshfiles/tip.STL
[0.159s] -- Up-to-date symlink: /home/hisham/brokk_ws/install/brokk/share/brokk/description/brokk_hishversion/testurdf
[0.160s] -- Up-to-date symlink: /home/hisham/brokk_ws/install/brokk/share/brokk/description/brokk_hishversion/testurdf.urdf.xacro
[0.160s] -- Up-to-date symlink: /home/hisham/brokk_ws/install/brokk/share/brokk/description/brokk_v1.urdf.xacro
[0.160s] -- Up-to-date symlink: /home/hisham/brokk_ws/install/brokk/share/brokk/description/brokk_v1_gazebo.xacro
[0.160s] -- Symlinking: /home/hisham/brokk_ws/install/brokk/share/brokk/description/brokk_vH.urdf.xacro
[0.166s] -- Up-to-date symlink: /home/hisham/brokk_ws/install/brokk/share/brokk/description/common_properties.xacro
[0.166s] -- Up-to-date symlink: /home/hisham/brokk_ws/install/brokk/share/brokk/description/legs_final2.stl
[0.166s] -- Symlinking: /home/hisham/brokk_ws/install/brokk/share/brokk/description/meshes/base.STL
[0.172s] -- Symlinking: /home/hisham/brokk_ws/install/brokk/share/brokk/description/meshes/base.stl
[0.178s] -- Symlinking: /home/hisham/brokk_ws/install/brokk/share/brokk/description/meshes/base_final2.dae
[0.184s] -- Symlinking: /home/hisham/brokk_ws/install/brokk/share/brokk/description/meshes/base_final2.stl
[0.190s] -- Symlinking: /home/hisham/brokk_ws/install/brokk/share/brokk/description/meshes/body1.STL
[0.196s] -- Symlinking: /home/hisham/brokk_ws/install/brokk/share/brokk/description/meshes/body1.dae
[0.202s] -- Symlinking: /home/hisham/brokk_ws/install/brokk/share/brokk/description/meshes/body1.stl
[0.207s] -- Symlinking: /home/hisham/brokk_ws/install/brokk/share/brokk/description/meshes/body2.STL
[0.213s] -- Symlinking: /home/hisham/brokk_ws/install/brokk/share/brokk/description/meshes/body2.dae
[0.220s] -- Symlinking: /home/hisham/brokk_ws/install/brokk/share/brokk/description/meshes/body2.stl
[0.226s] -- Symlinking: /home/hisham/brokk_ws/install/brokk/share/brokk/description/meshes/body3.STL
[0.232s] -- Symlinking: /home/hisham/brokk_ws/install/brokk/share/brokk/description/meshes/body3.dae
[0.238s] -- Symlinking: /home/hisham/brokk_ws/install/brokk/share/brokk/description/meshes/body3.stl
[0.244s] -- Symlinking: /home/hisham/brokk_ws/install/brokk/share/brokk/description/meshes/body4.STL
[0.250s] -- Symlinking: /home/hisham/brokk_ws/install/brokk/share/brokk/description/meshes/body4.dae
[0.256s] -- Symlinking: /home/hisham/brokk_ws/install/brokk/share/brokk/description/meshes/body4.stl
[0.261s] -- Symlinking: /home/hisham/brokk_ws/install/brokk/share/brokk/description/meshes/body4_scaled.STL
[0.267s] -- Symlinking: /home/hisham/brokk_ws/install/brokk/share/brokk/description/meshes/brokk_arm.urdf
[0.273s] -- Symlinking: /home/hisham/brokk_ws/install/brokk/share/brokk/description/meshes/legs.stl
[0.278s] -- Symlinking: /home/hisham/brokk_ws/install/brokk/share/brokk/description/meshes/legs_final2.dae
[0.284s] -- Up-to-date symlink: /home/hisham/brokk_ws/install/brokk/share/brokk/description/meshes/legs_final2.stl
[0.284s] -- Symlinking: /home/hisham/brokk_ws/install/brokk/share/brokk/description/meshes/legs_reduced.dae
[0.290s] -- Symlinking: /home/hisham/brokk_ws/install/brokk/share/brokk/description/meshes/tip.STL
[0.296s] -- Up-to-date symlink: /home/hisham/brokk_ws/install/brokk/share/brokk/description/meshes/turtlebot_improv.dae
[0.296s] -- Up-to-date symlink: /home/hisham/brokk_ws/install/brokk/share/brokk/description/meshes/turtlebot_improv.stl
[0.296s] -- Up-to-date symlink: /home/hisham/brokk_ws/install/brokk/share/brokk/description/testurdf.urdf.xacro
[0.296s] -- Up-to-date symlink: /home/hisham/brokk_ws/install/brokk/share/brokk/description/turtlebot_improv.gazebo.xacro
[0.296s] -- Up-to-date symlink: /home/hisham/brokk_ws/install/brokk/share/brokk/description/turtlebot_improv.stl
[0.296s] -- Up-to-date symlink: /home/hisham/brokk_ws/install/brokk/share/brokk/launch/rsp.launch.py
[0.296s] -- Up-to-date symlink: /home/hisham/brokk_ws/install/brokk/share/brokk/launch/rsp.launch_brokk.py
[0.297s] -- Up-to-date symlink: /home/hisham/brokk_ws/install/brokk/share/brokk/worlds/empty.world
[0.297s] -- Symlinking: /home/hisham/brokk_ws/install/brokk/share/brokk/description/meshes/meshes/base.STL
[0.303s] -- Symlinking: /home/hisham/brokk_ws/install/brokk/share/brokk/description/meshes/meshes/base.stl
[0.309s] -- Symlinking: /home/hisham/brokk_ws/install/brokk/share/brokk/description/meshes/meshes/base_final2.dae
[0.314s] -- Symlinking: /home/hisham/brokk_ws/install/brokk/share/brokk/description/meshes/meshes/base_final2.stl
[0.320s] -- Symlinking: /home/hisham/brokk_ws/install/brokk/share/brokk/description/meshes/meshes/body1.STL
[0.325s] -- Symlinking: /home/hisham/brokk_ws/install/brokk/share/brokk/description/meshes/meshes/body1.dae
[0.332s] -- Symlinking: /home/hisham/brokk_ws/install/brokk/share/brokk/description/meshes/meshes/body1.stl
[0.338s] -- Symlinking: /home/hisham/brokk_ws/install/brokk/share/brokk/description/meshes/meshes/body2.STL
[0.344s] -- Symlinking: /home/hisham/brokk_ws/install/brokk/share/brokk/description/meshes/meshes/body2.dae
[0.350s] -- Symlinking: /home/hisham/brokk_ws/install/brokk/share/brokk/description/meshes/meshes/body2.stl
[0.356s] -- Symlinking: /home/hisham/brokk_ws/install/brokk/share/brokk/description/meshes/meshes/body3.STL
[0.362s] -- Symlinking: /home/hisham/brokk_ws/install/brokk/share/brokk/description/meshes/meshes/body3.dae
[0.368s] -- Symlinking: /home/hisham/brokk_ws/install/brokk/share/brokk/description/meshes/meshes/body3.stl
[0.374s] -- Symlinking: /home/hisham/brokk_ws/install/brokk/share/brokk/description/meshes/meshes/body4.STL
[0.379s] -- Symlinking: /home/hisham/brokk_ws/install/brokk/share/brokk/description/meshes/meshes/body4.dae
[0.385s] -- Symlinking: /home/hisham/brokk_ws/install/brokk/share/brokk/description/meshes/meshes/body4.stl
[0.391s] -- Symlinking: /home/hisham/brokk_ws/install/brokk/share/brokk/description/meshes/meshes/body4_scaled.STL
[0.397s] -- Symlinking: /home/hisham/brokk_ws/install/brokk/share/brokk/description/meshes/meshes/brokk_arm.urdf
[0.402s] -- Symlinking: /home/hisham/brokk_ws/install/brokk/share/brokk/description/meshes/meshes/legs.stl
[0.408s] -- Symlinking: /home/hisham/brokk_ws/install/brokk/share/brokk/description/meshes/meshes/legs_final2.dae
[0.414s] -- Up-to-date symlink: /home/hisham/brokk_ws/install/brokk/share/brokk/description/meshes/meshes/legs_final2.stl
[0.414s] -- Symlinking: /home/hisham/brokk_ws/install/brokk/share/brokk/description/meshes/meshes/legs_reduced.dae
[0.419s] -- Symlinking: /home/hisham/brokk_ws/install/brokk/share/brokk/description/meshes/meshes/tip.STL
[0.425s] -- Up-to-date symlink: /home/hisham/brokk_ws/install/brokk/share/brokk/description/meshes/meshes/turtlebot_improv.dae
[0.425s] -- Up-to-date symlink: /home/hisham/brokk_ws/install/brokk/share/brokk/description/meshes/meshes/turtlebot_improv.stl
[0.426s] -- Up-to-date symlink: /home/hisham/brokk_ws/install/brokk/share/ament_index/resource_index/package_run_dependencies/brokk
[0.426s] -- Up-to-date symlink: /home/hisham/brokk_ws/install/brokk/share/ament_index/resource_index/parent_prefix_path/brokk
[0.426s] -- Up-to-date symlink: /home/hisham/brokk_ws/install/brokk/share/brokk/environment/ament_prefix_path.sh
[0.426s] -- Up-to-date symlink: /home/hisham/brokk_ws/install/brokk/share/brokk/environment/ament_prefix_path.dsv
[0.426s] -- Up-to-date symlink: /home/hisham/brokk_ws/install/brokk/share/brokk/environment/path.sh
[0.426s] -- Up-to-date symlink: /home/hisham/brokk_ws/install/brokk/share/brokk/environment/path.dsv
[0.426s] -- Up-to-date symlink: /home/hisham/brokk_ws/install/brokk/share/brokk/local_setup.bash
[0.427s] -- Up-to-date symlink: /home/hisham/brokk_ws/install/brokk/share/brokk/local_setup.sh
[0.427s] -- Up-to-date symlink: /home/hisham/brokk_ws/install/brokk/share/brokk/local_setup.zsh
[0.427s] -- Up-to-date symlink: /home/hisham/brokk_ws/install/brokk/share/brokk/local_setup.dsv
[0.427s] -- Symlinking: /home/hisham/brokk_ws/install/brokk/share/brokk/package.dsv
[0.434s] -- Up-to-date symlink: /home/hisham/brokk_ws/install/brokk/share/ament_index/resource_index/packages/brokk
[0.434s] -- Up-to-date symlink: /home/hisham/brokk_ws/install/brokk/share/brokk/cmake/brokkConfig.cmake
[0.434s] -- Up-to-date symlink: /home/hisham/brokk_ws/install/brokk/share/brokk/cmake/brokkConfig-version.cmake
[0.434s] -- Up-to-date symlink: /home/hisham/brokk_ws/install/brokk/share/brokk/package.xml
[0.437s] Invoked command in '/home/hisham/brokk_ws/build/brokk' returned '0': CMAKE_PREFIX_PATH=${CMAKE_PREFIX_PATH}:/home/hisham/turtlebot3_ws/install/turtlebot3_teleop:/home/hisham/turtlebot3_ws/install/turtlebot3_example:/opt/ros/humble /usr/bin/cmake --install /home/hisham/brokk_ws/build/brokk
