[0.012s] Invoking command in '/home/hisham/brokk_ws/build/brokk_gazebo': CMAKE_PREFIX_PATH=${CMAKE_PREFIX_PATH}:/home/hisham/turtlebot3_ws/install/turtlebot3_teleop:/home/hisham/turtlebot3_ws/install/turtlebot3_example:/opt/ros/humble /usr/bin/cmake --build /home/hisham/brokk_ws/build/brokk_gazebo -- -j12 -l12
[0.035s] -- Found ament_cmake: 1.3.5 (/opt/ros/humble/share/ament_cmake/cmake)
[0.167s] -- Found ament_lint_auto: 0.12.7 (/opt/ros/humble/share/ament_lint_auto/cmake)
[0.241s] -- Added test 'copyright' to check source files copyright and LICENSE
[0.243s] -- Added test 'flake8' to check Python code syntax and style conventions
[0.243s] -- Added test 'lint_cmake' to check CMake code style
[0.244s] -- Added test 'pep257' to check Python code against some of the docstring style conventions in PEP 257
[0.245s] -- Added test 'xmllint' to check XML markup files
[0.246s] -- Configuring done
[0.249s] -- Generating done
[0.250s] -- Build files have been written to: /home/hisham/brokk_ws/build/brokk_gazebo
[0.264s] Invoked command in '/home/hisham/brokk_ws/build/brokk_gazebo' returned '0': CMAKE_PREFIX_PATH=${CMAKE_PREFIX_PATH}:/home/hisham/turtlebot3_ws/install/turtlebot3_teleop:/home/hisham/turtlebot3_ws/install/turtlebot3_example:/opt/ros/humble /usr/bin/cmake --build /home/hisham/brokk_ws/build/brokk_gazebo -- -j12 -l12
[0.286s] Invoking command in '/home/hisham/brokk_ws/build/brokk_gazebo': CMAKE_PREFIX_PATH=${CMAKE_PREFIX_PATH}:/home/hisham/turtlebot3_ws/install/turtlebot3_teleop:/home/hisham/turtlebot3_ws/install/turtlebot3_example:/opt/ros/humble /usr/bin/cmake --install /home/hisham/brokk_ws/build/brokk_gazebo
[0.292s] -- Install configuration: ""
[0.292s] -- Up-to-date: /home/hisham/brokk_ws/install/brokk_gazebo/share/brokk_gazebo/config
[0.292s] -- Up-to-date: /home/hisham/brokk_ws/install/brokk_gazebo/share/brokk_gazebo/description
[0.292s] -- Up-to-date: /home/hisham/brokk_ws/install/brokk_gazebo/share/brokk_gazebo/launch
[0.292s] -- Up-to-date: /home/hisham/brokk_ws/install/brokk_gazebo/share/brokk_gazebo/launch/launch_robot.py
[0.292s] -- Up-to-date: /home/hisham/brokk_ws/install/brokk_gazebo/share/brokk_gazebo/worlds
[0.292s] -- Up-to-date: /home/hisham/brokk_ws/install/brokk_gazebo/share/ament_index/resource_index/package_run_dependencies/brokk_gazebo
[0.292s] -- Installing: /home/hisham/brokk_ws/install/brokk_gazebo/share/ament_index/resource_index/parent_prefix_path/brokk_gazebo
[0.292s] -- Up-to-date: /home/hisham/brokk_ws/install/brokk_gazebo/share/brokk_gazebo/environment/ament_prefix_path.sh
[0.292s] -- Installing: /home/hisham/brokk_ws/install/brokk_gazebo/share/brokk_gazebo/environment/ament_prefix_path.dsv
[0.292s] -- Up-to-date: /home/hisham/brokk_ws/install/brokk_gazebo/share/brokk_gazebo/environment/path.sh
[0.293s] -- Installing: /home/hisham/brokk_ws/install/brokk_gazebo/share/brokk_gazebo/environment/path.dsv
[0.293s] -- Up-to-date: /home/hisham/brokk_ws/install/brokk_gazebo/share/brokk_gazebo/local_setup.bash
[0.293s] -- Up-to-date: /home/hisham/brokk_ws/install/brokk_gazebo/share/brokk_gazebo/local_setup.sh
[0.293s] -- Up-to-date: /home/hisham/brokk_ws/install/brokk_gazebo/share/brokk_gazebo/local_setup.zsh
[0.293s] -- Installing: /home/hisham/brokk_ws/install/brokk_gazebo/share/brokk_gazebo/local_setup.dsv
[0.293s] -- Installing: /home/hisham/brokk_ws/install/brokk_gazebo/share/brokk_gazebo/package.dsv
[0.293s] -- Up-to-date: /home/hisham/brokk_ws/install/brokk_gazebo/share/ament_index/resource_index/packages/brokk_gazebo
[0.293s] -- Up-to-date: /home/hisham/brokk_ws/install/brokk_gazebo/share/brokk_gazebo/cmake/brokk_gazeboConfig.cmake
[0.293s] -- Up-to-date: /home/hisham/brokk_ws/install/brokk_gazebo/share/brokk_gazebo/cmake/brokk_gazeboConfig-version.cmake
[0.293s] -- Up-to-date: /home/hisham/brokk_ws/install/brokk_gazebo/share/brokk_gazebo/package.xml
[0.294s] Invoked command in '/home/hisham/brokk_ws/build/brokk_gazebo' returned '0': CMAKE_PREFIX_PATH=${CMAKE_PREFIX_PATH}:/home/hisham/turtlebot3_ws/install/turtlebot3_teleop:/home/hisham/turtlebot3_ws/install/turtlebot3_example:/opt/ros/humble /usr/bin/cmake --install /home/hisham/brokk_ws/build/brokk_gazebo
