[0.264s] DEBUG:colcon:Command line arguments: ['/usr/bin/colcon', 'build']
[0.264s] DEBUG:colcon:Parsed command line arguments: Namespace(log_base=None, log_level=None, verb_name='build', build_base='build', install_base='install', merge_install=False, symlink_install=False, test_result_base=None, continue_on_error=False, executor='parallel', parallel_workers=12, event_handlers=None, ignore_user_meta=False, metas=['./colcon.meta'], base_paths=['.'], packages_ignore=None, packages_ignore_regex=None, paths=None, packages_up_to=None, packages_up_to_regex=None, packages_above=None, packages_above_and_dependencies=None, packages_above_depth=None, packages_select_by_dep=None, packages_skip_by_dep=None, packages_skip_up_to=None, packages_select_build_failed=False, packages_skip_build_finished=False, packages_select_test_failures=False, packages_skip_test_passed=False, packages_select=None, packages_skip=None, packages_select_regex=None, packages_skip_regex=None, packages_start=None, packages_end=None, allow_overriding=[], cmake_args=None, cmake_target=None, cmake_target_skip_unavailable=False, cmake_clean_cache=False, cmake_clean_first=False, cmake_force_configure=False, ament_cmake_args=None, catkin_cmake_args=None, catkin_skip_building_tests=False, verb_parser=<colcon_defaults.argument_parser.defaults.DefaultArgumentsDecorator object at 0x7f289be06770>, verb_extension=<colcon_core.verb.build.BuildVerb object at 0x7f289c8319f0>, main=<bound method BuildVerb.main of <colcon_core.verb.build.BuildVerb object at 0x7f289c8319f0>>)
[0.283s] Level 1:colcon.colcon_core.package_discovery:discover_packages(colcon_meta) check parameters
[0.283s] Level 1:colcon.colcon_core.package_discovery:discover_packages(recursive) check parameters
[0.283s] Level 1:colcon.colcon_core.package_discovery:discover_packages(ignore) check parameters
[0.283s] Level 1:colcon.colcon_core.package_discovery:discover_packages(path) check parameters
[0.283s] Level 1:colcon.colcon_core.package_discovery:discover_packages(colcon_meta) discover
[0.283s] Level 1:colcon.colcon_core.package_discovery:discover_packages(recursive) discover
[0.283s] INFO:colcon.colcon_core.package_discovery:Crawling recursively for packages in '/home/hisham/brokk_ws'
[0.283s] Level 1:colcon.colcon_core.package_identification:_identify(.) by extensions ['ignore', 'ignore_ament_install']
[0.284s] Level 1:colcon.colcon_core.package_identification:_identify(.) by extension 'ignore'
[0.284s] Level 1:colcon.colcon_core.package_identification:_identify(.) by extension 'ignore_ament_install'
[0.284s] Level 1:colcon.colcon_core.package_identification:_identify(.) by extensions ['colcon_pkg']
[0.284s] Level 1:colcon.colcon_core.package_identification:_identify(.) by extension 'colcon_pkg'
[0.284s] Level 1:colcon.colcon_core.package_identification:_identify(.) by extensions ['colcon_meta']
[0.284s] Level 1:colcon.colcon_core.package_identification:_identify(.) by extension 'colcon_meta'
[0.284s] Level 1:colcon.colcon_core.package_identification:_identify(.) by extensions ['ros']
[0.284s] Level 1:colcon.colcon_core.package_identification:_identify(.) by extension 'ros'
[0.292s] Level 1:colcon.colcon_core.package_identification:_identify(.) by extensions ['cmake', 'python']
[0.292s] Level 1:colcon.colcon_core.package_identification:_identify(.) by extension 'cmake'
[0.292s] Level 1:colcon.colcon_core.package_identification:_identify(.) by extension 'python'
[0.292s] Level 1:colcon.colcon_core.package_identification:_identify(.) by extensions ['python_setup_py']
[0.292s] Level 1:colcon.colcon_core.package_identification:_identify(.) by extension 'python_setup_py'
[0.292s] Level 1:colcon.colcon_core.package_identification:_identify(build) by extensions ['ignore', 'ignore_ament_install']
[0.292s] Level 1:colcon.colcon_core.package_identification:_identify(build) by extension 'ignore'
[0.293s] Level 1:colcon.colcon_core.package_identification:_identify(build) ignored
[0.293s] Level 1:colcon.colcon_core.package_identification:_identify(install) by extensions ['ignore', 'ignore_ament_install']
[0.293s] Level 1:colcon.colcon_core.package_identification:_identify(install) by extension 'ignore'
[0.293s] Level 1:colcon.colcon_core.package_identification:_identify(install) ignored
[0.293s] Level 1:colcon.colcon_core.package_identification:_identify(log) by extensions ['ignore', 'ignore_ament_install']
[0.293s] Level 1:colcon.colcon_core.package_identification:_identify(log) by extension 'ignore'
[0.293s] Level 1:colcon.colcon_core.package_identification:_identify(log) ignored
[0.293s] Level 1:colcon.colcon_core.package_identification:_identify(src) by extensions ['ignore', 'ignore_ament_install']
[0.293s] Level 1:colcon.colcon_core.package_identification:_identify(src) by extension 'ignore'
[0.293s] Level 1:colcon.colcon_core.package_identification:_identify(src) by extension 'ignore_ament_install'
[0.293s] Level 1:colcon.colcon_core.package_identification:_identify(src) by extensions ['colcon_pkg']
[0.293s] Level 1:colcon.colcon_core.package_identification:_identify(src) by extension 'colcon_pkg'
[0.293s] Level 1:colcon.colcon_core.package_identification:_identify(src) by extensions ['colcon_meta']
[0.293s] Level 1:colcon.colcon_core.package_identification:_identify(src) by extension 'colcon_meta'
[0.293s] Level 1:colcon.colcon_core.package_identification:_identify(src) by extensions ['ros']
[0.293s] Level 1:colcon.colcon_core.package_identification:_identify(src) by extension 'ros'
[0.293s] Level 1:colcon.colcon_core.package_identification:_identify(src) by extensions ['cmake', 'python']
[0.293s] Level 1:colcon.colcon_core.package_identification:_identify(src) by extension 'cmake'
[0.293s] Level 1:colcon.colcon_core.package_identification:_identify(src) by extension 'python'
[0.294s] Level 1:colcon.colcon_core.package_identification:_identify(src) by extensions ['python_setup_py']
[0.294s] Level 1:colcon.colcon_core.package_identification:_identify(src) by extension 'python_setup_py'
[0.294s] Level 1:colcon.colcon_core.package_identification:_identify(src/brokk) by extensions ['ignore', 'ignore_ament_install']
[0.294s] Level 1:colcon.colcon_core.package_identification:_identify(src/brokk) by extension 'ignore'
[0.294s] Level 1:colcon.colcon_core.package_identification:_identify(src/brokk) by extension 'ignore_ament_install'
[0.294s] Level 1:colcon.colcon_core.package_identification:_identify(src/brokk) by extensions ['colcon_pkg']
[0.294s] Level 1:colcon.colcon_core.package_identification:_identify(src/brokk) by extension 'colcon_pkg'
[0.294s] Level 1:colcon.colcon_core.package_identification:_identify(src/brokk) by extensions ['colcon_meta']
[0.294s] Level 1:colcon.colcon_core.package_identification:_identify(src/brokk) by extension 'colcon_meta'
[0.294s] Level 1:colcon.colcon_core.package_identification:_identify(src/brokk) by extensions ['ros']
[0.294s] Level 1:colcon.colcon_core.package_identification:_identify(src/brokk) by extension 'ros'
[0.296s] DEBUG:colcon.colcon_core.package_identification:Package 'src/brokk' with type 'ros.ament_cmake' and name 'brokk'
[0.296s] Level 1:colcon.colcon_core.package_identification:_identify(src/brokk70) by extensions ['ignore', 'ignore_ament_install']
[0.296s] Level 1:colcon.colcon_core.package_identification:_identify(src/brokk70) by extension 'ignore'
[0.296s] Level 1:colcon.colcon_core.package_identification:_identify(src/brokk70) by extension 'ignore_ament_install'
[0.296s] Level 1:colcon.colcon_core.package_identification:_identify(src/brokk70) by extensions ['colcon_pkg']
[0.296s] Level 1:colcon.colcon_core.package_identification:_identify(src/brokk70) by extension 'colcon_pkg'
[0.296s] Level 1:colcon.colcon_core.package_identification:_identify(src/brokk70) by extensions ['colcon_meta']
[0.296s] Level 1:colcon.colcon_core.package_identification:_identify(src/brokk70) by extension 'colcon_meta'
[0.296s] Level 1:colcon.colcon_core.package_identification:_identify(src/brokk70) by extensions ['ros']
[0.296s] Level 1:colcon.colcon_core.package_identification:_identify(src/brokk70) by extension 'ros'
[0.297s] DEBUG:colcon.colcon_core.package_identification:Package 'src/brokk70' with type 'ros.ament_python' and name 'brokk70'
[0.297s] Level 1:colcon.colcon_core.package_identification:_identify(src/brokk_gazebo) by extensions ['ignore', 'ignore_ament_install']
[0.297s] Level 1:colcon.colcon_core.package_identification:_identify(src/brokk_gazebo) by extension 'ignore'
[0.297s] Level 1:colcon.colcon_core.package_identification:_identify(src/brokk_gazebo) by extension 'ignore_ament_install'
[0.297s] Level 1:colcon.colcon_core.package_identification:_identify(src/brokk_gazebo) by extensions ['colcon_pkg']
[0.297s] Level 1:colcon.colcon_core.package_identification:_identify(src/brokk_gazebo) by extension 'colcon_pkg'
[0.297s] Level 1:colcon.colcon_core.package_identification:_identify(src/brokk_gazebo) by extensions ['colcon_meta']
[0.297s] Level 1:colcon.colcon_core.package_identification:_identify(src/brokk_gazebo) by extension 'colcon_meta'
[0.297s] Level 1:colcon.colcon_core.package_identification:_identify(src/brokk_gazebo) by extensions ['ros']
[0.297s] Level 1:colcon.colcon_core.package_identification:_identify(src/brokk_gazebo) by extension 'ros'
[0.297s] DEBUG:colcon.colcon_core.package_identification:Package 'src/brokk_gazebo' with type 'ros.ament_cmake' and name 'brokk_gazebo'
[0.297s] Level 1:colcon.colcon_core.package_identification:_identify(src/description) by extensions ['ignore', 'ignore_ament_install']
[0.297s] Level 1:colcon.colcon_core.package_identification:_identify(src/description) by extension 'ignore'
[0.298s] Level 1:colcon.colcon_core.package_identification:_identify(src/description) by extension 'ignore_ament_install'
[0.298s] Level 1:colcon.colcon_core.package_identification:_identify(src/description) by extensions ['colcon_pkg']
[0.298s] Level 1:colcon.colcon_core.package_identification:_identify(src/description) by extension 'colcon_pkg'
[0.298s] Level 1:colcon.colcon_core.package_identification:_identify(src/description) by extensions ['colcon_meta']
[0.298s] Level 1:colcon.colcon_core.package_identification:_identify(src/description) by extension 'colcon_meta'
[0.298s] Level 1:colcon.colcon_core.package_identification:_identify(src/description) by extensions ['ros']
[0.298s] Level 1:colcon.colcon_core.package_identification:_identify(src/description) by extension 'ros'
[0.298s] Level 1:colcon.colcon_core.package_identification:_identify(src/description) by extensions ['cmake', 'python']
[0.298s] Level 1:colcon.colcon_core.package_identification:_identify(src/description) by extension 'cmake'
[0.298s] Level 1:colcon.colcon_core.package_identification:_identify(src/description) by extension 'python'
[0.298s] Level 1:colcon.colcon_core.package_identification:_identify(src/description) by extensions ['python_setup_py']
[0.298s] Level 1:colcon.colcon_core.package_identification:_identify(src/description) by extension 'python_setup_py'
[0.298s] Level 1:colcon.colcon_core.package_identification:_identify(src/description/launch) by extensions ['ignore', 'ignore_ament_install']
[0.298s] Level 1:colcon.colcon_core.package_identification:_identify(src/description/launch) by extension 'ignore'
[0.298s] Level 1:colcon.colcon_core.package_identification:_identify(src/description/launch) by extension 'ignore_ament_install'
[0.298s] Level 1:colcon.colcon_core.package_identification:_identify(src/description/launch) by extensions ['colcon_pkg']
[0.298s] Level 1:colcon.colcon_core.package_identification:_identify(src/description/launch) by extension 'colcon_pkg'
[0.298s] Level 1:colcon.colcon_core.package_identification:_identify(src/description/launch) by extensions ['colcon_meta']
[0.298s] Level 1:colcon.colcon_core.package_identification:_identify(src/description/launch) by extension 'colcon_meta'
[0.298s] Level 1:colcon.colcon_core.package_identification:_identify(src/description/launch) by extensions ['ros']
[0.298s] Level 1:colcon.colcon_core.package_identification:_identify(src/description/launch) by extension 'ros'
[0.298s] Level 1:colcon.colcon_core.package_identification:_identify(src/description/launch) by extensions ['cmake', 'python']
[0.298s] Level 1:colcon.colcon_core.package_identification:_identify(src/description/launch) by extension 'cmake'
[0.298s] Level 1:colcon.colcon_core.package_identification:_identify(src/description/launch) by extension 'python'
[0.298s] Level 1:colcon.colcon_core.package_identification:_identify(src/description/launch) by extensions ['python_setup_py']
[0.299s] Level 1:colcon.colcon_core.package_identification:_identify(src/description/launch) by extension 'python_setup_py'
[0.299s] Level 1:colcon.colcon_core.package_identification:_identify(src/description/meshes) by extensions ['ignore', 'ignore_ament_install']
[0.299s] Level 1:colcon.colcon_core.package_identification:_identify(src/description/meshes) by extension 'ignore'
[0.299s] Level 1:colcon.colcon_core.package_identification:_identify(src/description/meshes) by extension 'ignore_ament_install'
[0.299s] Level 1:colcon.colcon_core.package_identification:_identify(src/description/meshes) by extensions ['colcon_pkg']
[0.299s] Level 1:colcon.colcon_core.package_identification:_identify(src/description/meshes) by extension 'colcon_pkg'
[0.299s] Level 1:colcon.colcon_core.package_identification:_identify(src/description/meshes) by extensions ['colcon_meta']
[0.299s] Level 1:colcon.colcon_core.package_identification:_identify(src/description/meshes) by extension 'colcon_meta'
[0.299s] Level 1:colcon.colcon_core.package_identification:_identify(src/description/meshes) by extensions ['ros']
[0.299s] Level 1:colcon.colcon_core.package_identification:_identify(src/description/meshes) by extension 'ros'
[0.299s] Level 1:colcon.colcon_core.package_identification:_identify(src/description/meshes) by extensions ['cmake', 'python']
[0.299s] Level 1:colcon.colcon_core.package_identification:_identify(src/description/meshes) by extension 'cmake'
[0.299s] Level 1:colcon.colcon_core.package_identification:_identify(src/description/meshes) by extension 'python'
[0.299s] Level 1:colcon.colcon_core.package_identification:_identify(src/description/meshes) by extensions ['python_setup_py']
[0.299s] Level 1:colcon.colcon_core.package_identification:_identify(src/description/meshes) by extension 'python_setup_py'
[0.299s] Level 1:colcon.colcon_core.package_identification:_identify(src/description/urdf) by extensions ['ignore', 'ignore_ament_install']
[0.299s] Level 1:colcon.colcon_core.package_identification:_identify(src/description/urdf) by extension 'ignore'
[0.299s] Level 1:colcon.colcon_core.package_identification:_identify(src/description/urdf) by extension 'ignore_ament_install'
[0.299s] Level 1:colcon.colcon_core.package_identification:_identify(src/description/urdf) by extensions ['colcon_pkg']
[0.299s] Level 1:colcon.colcon_core.package_identification:_identify(src/description/urdf) by extension 'colcon_pkg'
[0.299s] Level 1:colcon.colcon_core.package_identification:_identify(src/description/urdf) by extensions ['colcon_meta']
[0.299s] Level 1:colcon.colcon_core.package_identification:_identify(src/description/urdf) by extension 'colcon_meta'
[0.299s] Level 1:colcon.colcon_core.package_identification:_identify(src/description/urdf) by extensions ['ros']
[0.299s] Level 1:colcon.colcon_core.package_identification:_identify(src/description/urdf) by extension 'ros'
[0.299s] Level 1:colcon.colcon_core.package_identification:_identify(src/description/urdf) by extensions ['cmake', 'python']
[0.300s] Level 1:colcon.colcon_core.package_identification:_identify(src/description/urdf) by extension 'cmake'
[0.300s] Level 1:colcon.colcon_core.package_identification:_identify(src/description/urdf) by extension 'python'
[0.300s] Level 1:colcon.colcon_core.package_identification:_identify(src/description/urdf) by extensions ['python_setup_py']
[0.300s] Level 1:colcon.colcon_core.package_identification:_identify(src/description/urdf) by extension 'python_setup_py'
[0.300s] Level 1:colcon.colcon_core.package_discovery:discover_packages(recursive) using defaults
[0.300s] Level 1:colcon.colcon_core.package_discovery:discover_packages(ignore) discover
[0.300s] Level 1:colcon.colcon_core.package_discovery:discover_packages(ignore) using defaults
[0.300s] Level 1:colcon.colcon_core.package_discovery:discover_packages(path) discover
[0.300s] Level 1:colcon.colcon_core.package_discovery:discover_packages(path) using defaults
[0.318s] Level 1:colcon.colcon_core.package_discovery:discover_packages(prefix_path) check parameters
[0.318s] Level 1:colcon.colcon_core.package_discovery:discover_packages(prefix_path) discover
[0.321s] DEBUG:colcon.colcon_installed_package_information.package_discovery:Found 3 installed packages in /home/hisham/brokk_ws/install
[0.322s] DEBUG:colcon.colcon_installed_package_information.package_discovery:Found 15 installed packages in /home/hisham/turtlebot3_ws/install
[0.323s] DEBUG:colcon.colcon_installed_package_information.package_discovery:Found 453 installed packages in /opt/ros/humble
[0.325s] Level 1:colcon.colcon_core.package_discovery:discover_packages(prefix_path) using defaults
[0.390s] Level 5:colcon.colcon_core.verb:set package 'brokk' build argument 'cmake_args' from command line to 'None'
[0.390s] Level 5:colcon.colcon_core.verb:set package 'brokk' build argument 'cmake_target' from command line to 'None'
[0.390s] Level 5:colcon.colcon_core.verb:set package 'brokk' build argument 'cmake_target_skip_unavailable' from command line to 'False'
[0.390s] Level 5:colcon.colcon_core.verb:set package 'brokk' build argument 'cmake_clean_cache' from command line to 'False'
[0.390s] Level 5:colcon.colcon_core.verb:set package 'brokk' build argument 'cmake_clean_first' from command line to 'False'
[0.390s] Level 5:colcon.colcon_core.verb:set package 'brokk' build argument 'cmake_force_configure' from command line to 'False'
[0.390s] Level 5:colcon.colcon_core.verb:set package 'brokk' build argument 'ament_cmake_args' from command line to 'None'
[0.390s] Level 5:colcon.colcon_core.verb:set package 'brokk' build argument 'catkin_cmake_args' from command line to 'None'
[0.390s] Level 5:colcon.colcon_core.verb:set package 'brokk' build argument 'catkin_skip_building_tests' from command line to 'False'
[0.391s] DEBUG:colcon.colcon_core.verb:Building package 'brokk' with the following arguments: {'ament_cmake_args': None, 'build_base': '/home/hisham/brokk_ws/build/brokk', 'catkin_cmake_args': None, 'catkin_skip_building_tests': False, 'cmake_args': None, 'cmake_clean_cache': False, 'cmake_clean_first': False, 'cmake_force_configure': False, 'cmake_target': None, 'cmake_target_skip_unavailable': False, 'install_base': '/home/hisham/brokk_ws/install/brokk', 'merge_install': False, 'path': '/home/hisham/brokk_ws/src/brokk', 'symlink_install': False, 'test_result_base': None}
[0.391s] Level 5:colcon.colcon_core.verb:set package 'brokk70' build argument 'cmake_args' from command line to 'None'
[0.391s] Level 5:colcon.colcon_core.verb:set package 'brokk70' build argument 'cmake_target' from command line to 'None'
[0.391s] Level 5:colcon.colcon_core.verb:set package 'brokk70' build argument 'cmake_target_skip_unavailable' from command line to 'False'
[0.391s] Level 5:colcon.colcon_core.verb:set package 'brokk70' build argument 'cmake_clean_cache' from command line to 'False'
[0.391s] Level 5:colcon.colcon_core.verb:set package 'brokk70' build argument 'cmake_clean_first' from command line to 'False'
[0.391s] Level 5:colcon.colcon_core.verb:set package 'brokk70' build argument 'cmake_force_configure' from command line to 'False'
[0.391s] Level 5:colcon.colcon_core.verb:set package 'brokk70' build argument 'ament_cmake_args' from command line to 'None'
[0.392s] Level 5:colcon.colcon_core.verb:set package 'brokk70' build argument 'catkin_cmake_args' from command line to 'None'
[0.392s] Level 5:colcon.colcon_core.verb:set package 'brokk70' build argument 'catkin_skip_building_tests' from command line to 'False'
[0.392s] DEBUG:colcon.colcon_core.verb:Building package 'brokk70' with the following arguments: {'ament_cmake_args': None, 'build_base': '/home/hisham/brokk_ws/build/brokk70', 'catkin_cmake_args': None, 'catkin_skip_building_tests': False, 'cmake_args': None, 'cmake_clean_cache': False, 'cmake_clean_first': False, 'cmake_force_configure': False, 'cmake_target': None, 'cmake_target_skip_unavailable': False, 'install_base': '/home/hisham/brokk_ws/install/brokk70', 'merge_install': False, 'path': '/home/hisham/brokk_ws/src/brokk70', 'symlink_install': False, 'test_result_base': None}
[0.392s] Level 5:colcon.colcon_core.verb:set package 'brokk_gazebo' build argument 'cmake_args' from command line to 'None'
[0.392s] Level 5:colcon.colcon_core.verb:set package 'brokk_gazebo' build argument 'cmake_target' from command line to 'None'
[0.392s] Level 5:colcon.colcon_core.verb:set package 'brokk_gazebo' build argument 'cmake_target_skip_unavailable' from command line to 'False'
[0.392s] Level 5:colcon.colcon_core.verb:set package 'brokk_gazebo' build argument 'cmake_clean_cache' from command line to 'False'
[0.392s] Level 5:colcon.colcon_core.verb:set package 'brokk_gazebo' build argument 'cmake_clean_first' from command line to 'False'
[0.392s] Level 5:colcon.colcon_core.verb:set package 'brokk_gazebo' build argument 'cmake_force_configure' from command line to 'False'
[0.393s] Level 5:colcon.colcon_core.verb:set package 'brokk_gazebo' build argument 'ament_cmake_args' from command line to 'None'
[0.393s] Level 5:colcon.colcon_core.verb:set package 'brokk_gazebo' build argument 'catkin_cmake_args' from command line to 'None'
[0.393s] Level 5:colcon.colcon_core.verb:set package 'brokk_gazebo' build argument 'catkin_skip_building_tests' from command line to 'False'
[0.393s] DEBUG:colcon.colcon_core.verb:Building package 'brokk_gazebo' with the following arguments: {'ament_cmake_args': None, 'build_base': '/home/hisham/brokk_ws/build/brokk_gazebo', 'catkin_cmake_args': None, 'catkin_skip_building_tests': False, 'cmake_args': None, 'cmake_clean_cache': False, 'cmake_clean_first': False, 'cmake_force_configure': False, 'cmake_target': None, 'cmake_target_skip_unavailable': False, 'install_base': '/home/hisham/brokk_ws/install/brokk_gazebo', 'merge_install': False, 'path': '/home/hisham/brokk_ws/src/brokk_gazebo', 'symlink_install': False, 'test_result_base': None}
[0.393s] INFO:colcon.colcon_core.executor:Executing jobs using 'parallel' executor
[0.395s] DEBUG:colcon.colcon_parallel_executor.executor.parallel:run_until_complete
[0.396s] INFO:colcon.colcon_ros.task.ament_cmake.build:Building ROS package in '/home/hisham/brokk_ws/src/brokk' with build type 'ament_cmake'
[0.396s] INFO:colcon.colcon_cmake.task.cmake.build:Building CMake package in '/home/hisham/brokk_ws/src/brokk'
[0.399s] INFO:colcon.colcon_core.plugin_system:Skipping extension 'colcon_core.shell.bat': Not used on non-Windows systems
[0.399s] INFO:colcon.colcon_core.shell:Skip shell extension 'powershell' for command environment: Not usable outside of PowerShell
[0.399s] DEBUG:colcon.colcon_core.shell:Skip shell extension 'dsv' for command environment
[0.405s] INFO:colcon.colcon_ros.task.ament_python.build:Building ROS package in '/home/hisham/brokk_ws/src/brokk70' with build type 'ament_python'
[0.405s] Level 1:colcon.colcon_core.shell:create_environment_hook('brokk70', 'ament_prefix_path')
[0.406s] INFO:colcon.colcon_core.shell:Creating environment hook '/home/hisham/brokk_ws/install/brokk70/share/brokk70/hook/ament_prefix_path.ps1'
[0.407s] INFO:colcon.colcon_core.shell:Creating environment descriptor '/home/hisham/brokk_ws/install/brokk70/share/brokk70/hook/ament_prefix_path.dsv'
[0.407s] INFO:colcon.colcon_core.shell:Creating environment hook '/home/hisham/brokk_ws/install/brokk70/share/brokk70/hook/ament_prefix_path.sh'
[0.408s] INFO:colcon.colcon_core.shell:Skip shell extension 'powershell' for command environment: Not usable outside of PowerShell
[0.408s] DEBUG:colcon.colcon_core.shell:Skip shell extension 'dsv' for command environment
[0.413s] INFO:colcon.colcon_ros.task.ament_cmake.build:Building ROS package in '/home/hisham/brokk_ws/src/brokk_gazebo' with build type 'ament_cmake'
[0.414s] INFO:colcon.colcon_cmake.task.cmake.build:Building CMake package in '/home/hisham/brokk_ws/src/brokk_gazebo'
[0.414s] INFO:colcon.colcon_core.shell:Skip shell extension 'powershell' for command environment: Not usable outside of PowerShell
[0.415s] DEBUG:colcon.colcon_core.shell:Skip shell extension 'dsv' for command environment
[0.424s] DEBUG:colcon.colcon_core.event_handler.log_command:Invoking command in '/home/hisham/brokk_ws/build/brokk': CMAKE_PREFIX_PATH=${CMAKE_PREFIX_PATH}:/home/hisham/brokk_ws/install/brokk70:/home/hisham/turtlebot3_ws/install/turtlebot3_teleop:/home/hisham/turtlebot3_ws/install/turtlebot3_example:/opt/ros/humble /usr/bin/cmake --build /home/hisham/brokk_ws/build/brokk -- -j12 -l12
[0.635s] INFO:colcon.colcon_core.task.python.build:Building Python package in '/home/hisham/brokk_ws/src/brokk70'
[0.636s] INFO:colcon.colcon_core.shell:Skip shell extension 'powershell' for command environment: Not usable outside of PowerShell
[0.636s] DEBUG:colcon.colcon_core.shell:Skip shell extension 'dsv' for command environment
[0.644s] DEBUG:colcon.colcon_core.event_handler.log_command:Invoked command in '/home/hisham/brokk_ws/build/brokk' returned '0': CMAKE_PREFIX_PATH=${CMAKE_PREFIX_PATH}:/home/hisham/brokk_ws/install/brokk70:/home/hisham/turtlebot3_ws/install/turtlebot3_teleop:/home/hisham/turtlebot3_ws/install/turtlebot3_example:/opt/ros/humble /usr/bin/cmake --build /home/hisham/brokk_ws/build/brokk -- -j12 -l12
[0.647s] DEBUG:colcon.colcon_core.event_handler.log_command:Invoking command in '/home/hisham/brokk_ws/build/brokk_gazebo': CMAKE_PREFIX_PATH=${CMAKE_PREFIX_PATH}:/home/hisham/brokk_ws/install/brokk70:/home/hisham/turtlebot3_ws/install/turtlebot3_teleop:/home/hisham/turtlebot3_ws/install/turtlebot3_example:/opt/ros/humble /usr/bin/cmake --build /home/hisham/brokk_ws/build/brokk_gazebo -- -j12 -l12
[0.668s] DEBUG:colcon.colcon_core.event_handler.log_command:Invoking command in '/home/hisham/brokk_ws/build/brokk': CMAKE_PREFIX_PATH=${CMAKE_PREFIX_PATH}:/home/hisham/brokk_ws/install/brokk70:/home/hisham/turtlebot3_ws/install/turtlebot3_teleop:/home/hisham/turtlebot3_ws/install/turtlebot3_example:/opt/ros/humble /usr/bin/cmake --install /home/hisham/brokk_ws/build/brokk
[0.675s] DEBUG:colcon.colcon_core.event_handler.log_command:Invoked command in '/home/hisham/brokk_ws/build/brokk_gazebo' returned '0': CMAKE_PREFIX_PATH=${CMAKE_PREFIX_PATH}:/home/hisham/brokk_ws/install/brokk70:/home/hisham/turtlebot3_ws/install/turtlebot3_teleop:/home/hisham/turtlebot3_ws/install/turtlebot3_example:/opt/ros/humble /usr/bin/cmake --build /home/hisham/brokk_ws/build/brokk_gazebo -- -j12 -l12
[0.690s] Level 1:colcon.colcon_core.environment:create_environment_scripts_only(brokk)
[0.692s] DEBUG:colcon.colcon_core.event_handler.log_command:Invoked command in '/home/hisham/brokk_ws/build/brokk' returned '0': CMAKE_PREFIX_PATH=${CMAKE_PREFIX_PATH}:/home/hisham/brokk_ws/install/brokk70:/home/hisham/turtlebot3_ws/install/turtlebot3_teleop:/home/hisham/turtlebot3_ws/install/turtlebot3_example:/opt/ros/humble /usr/bin/cmake --install /home/hisham/brokk_ws/build/brokk
[0.696s] Level 1:colcon.colcon_core.environment:checking '/home/hisham/brokk_ws/install/brokk' for CMake module files
[0.697s] Level 1:colcon.colcon_core.environment:checking '/home/hisham/brokk_ws/install/brokk' for CMake config files
[0.697s] Level 1:colcon.colcon_core.shell:create_environment_hook('brokk', 'cmake_prefix_path')
[0.699s] INFO:colcon.colcon_core.shell:Creating environment hook '/home/hisham/brokk_ws/install/brokk/share/brokk/hook/cmake_prefix_path.ps1'
[0.699s] INFO:colcon.colcon_core.shell:Creating environment descriptor '/home/hisham/brokk_ws/install/brokk/share/brokk/hook/cmake_prefix_path.dsv'
[0.700s] INFO:colcon.colcon_core.shell:Creating environment hook '/home/hisham/brokk_ws/install/brokk/share/brokk/hook/cmake_prefix_path.sh'
[0.700s] Level 1:colcon.colcon_core.environment:checking '/home/hisham/brokk_ws/install/brokk/lib'
[0.700s] Level 1:colcon.colcon_core.environment:checking '/home/hisham/brokk_ws/install/brokk/bin'
[0.701s] Level 1:colcon.colcon_core.environment:checking '/home/hisham/brokk_ws/install/brokk/lib/pkgconfig/brokk.pc'
[0.701s] Level 1:colcon.colcon_core.environment:checking '/home/hisham/brokk_ws/install/brokk/lib/python3.10/site-packages'
[0.701s] Level 1:colcon.colcon_core.environment:checking '/home/hisham/brokk_ws/install/brokk/bin'
[0.703s] INFO:colcon.colcon_core.shell:Creating package script '/home/hisham/brokk_ws/install/brokk/share/brokk/package.ps1'
[0.704s] INFO:colcon.colcon_core.shell:Creating package descriptor '/home/hisham/brokk_ws/install/brokk/share/brokk/package.dsv'
[0.705s] INFO:colcon.colcon_core.shell:Creating package script '/home/hisham/brokk_ws/install/brokk/share/brokk/package.sh'
[0.706s] INFO:colcon.colcon_core.shell:Creating package script '/home/hisham/brokk_ws/install/brokk/share/brokk/package.bash'
[0.707s] INFO:colcon.colcon_core.shell:Creating package script '/home/hisham/brokk_ws/install/brokk/share/brokk/package.zsh'
[0.707s] Level 1:colcon.colcon_core.environment:create_file_with_runtime_dependencies(/home/hisham/brokk_ws/install/brokk/share/colcon-core/packages/brokk)
[0.710s] DEBUG:colcon.colcon_core.event_handler.log_command:Invoking command in '/home/hisham/brokk_ws/build/brokk_gazebo': CMAKE_PREFIX_PATH=${CMAKE_PREFIX_PATH}:/home/hisham/brokk_ws/install/brokk70:/home/hisham/turtlebot3_ws/install/turtlebot3_teleop:/home/hisham/turtlebot3_ws/install/turtlebot3_example:/opt/ros/humble /usr/bin/cmake --install /home/hisham/brokk_ws/build/brokk_gazebo
[0.717s] Level 1:colcon.colcon_core.environment:create_environment_scripts_only(brokk_gazebo)
[0.719s] Level 1:colcon.colcon_core.environment:checking '/home/hisham/brokk_ws/install/brokk_gazebo' for CMake module files
[0.719s] DEBUG:colcon.colcon_core.event_handler.log_command:Invoked command in '/home/hisham/brokk_ws/build/brokk_gazebo' returned '0': CMAKE_PREFIX_PATH=${CMAKE_PREFIX_PATH}:/home/hisham/brokk_ws/install/brokk70:/home/hisham/turtlebot3_ws/install/turtlebot3_teleop:/home/hisham/turtlebot3_ws/install/turtlebot3_example:/opt/ros/humble /usr/bin/cmake --install /home/hisham/brokk_ws/build/brokk_gazebo
[0.720s] Level 1:colcon.colcon_core.environment:checking '/home/hisham/brokk_ws/install/brokk_gazebo' for CMake config files
[0.720s] Level 1:colcon.colcon_core.shell:create_environment_hook('brokk_gazebo', 'cmake_prefix_path')
[0.721s] INFO:colcon.colcon_core.shell:Creating environment hook '/home/hisham/brokk_ws/install/brokk_gazebo/share/brokk_gazebo/hook/cmake_prefix_path.ps1'
[0.721s] INFO:colcon.colcon_core.shell:Creating environment descriptor '/home/hisham/brokk_ws/install/brokk_gazebo/share/brokk_gazebo/hook/cmake_prefix_path.dsv'
[0.722s] INFO:colcon.colcon_core.shell:Creating environment hook '/home/hisham/brokk_ws/install/brokk_gazebo/share/brokk_gazebo/hook/cmake_prefix_path.sh'
[0.722s] Level 1:colcon.colcon_core.environment:checking '/home/hisham/brokk_ws/install/brokk_gazebo/bin'
[0.722s] Level 1:colcon.colcon_core.environment:checking '/home/hisham/brokk_ws/install/brokk_gazebo/lib/pkgconfig/brokk_gazebo.pc'
[0.723s] Level 1:colcon.colcon_core.environment:checking '/home/hisham/brokk_ws/install/brokk_gazebo/lib/python3.10/site-packages'
[0.723s] Level 1:colcon.colcon_core.environment:checking '/home/hisham/brokk_ws/install/brokk_gazebo/bin'
[0.724s] INFO:colcon.colcon_core.shell:Creating package script '/home/hisham/brokk_ws/install/brokk_gazebo/share/brokk_gazebo/package.ps1'
[0.725s] INFO:colcon.colcon_core.shell:Creating package descriptor '/home/hisham/brokk_ws/install/brokk_gazebo/share/brokk_gazebo/package.dsv'
[0.725s] INFO:colcon.colcon_core.shell:Creating package script '/home/hisham/brokk_ws/install/brokk_gazebo/share/brokk_gazebo/package.sh'
[0.725s] INFO:colcon.colcon_core.shell:Creating package script '/home/hisham/brokk_ws/install/brokk_gazebo/share/brokk_gazebo/package.bash'
[0.725s] INFO:colcon.colcon_core.shell:Creating package script '/home/hisham/brokk_ws/install/brokk_gazebo/share/brokk_gazebo/package.zsh'
[0.726s] Level 1:colcon.colcon_core.environment:create_file_with_runtime_dependencies(/home/hisham/brokk_ws/install/brokk_gazebo/share/colcon-core/packages/brokk_gazebo)
[0.728s] Level 1:colcon.colcon_core.environment:create_environment_scripts_only(brokk)
[0.730s] Level 1:colcon.colcon_core.environment:checking '/home/hisham/brokk_ws/install/brokk' for CMake module files
[0.730s] Level 1:colcon.colcon_core.environment:checking '/home/hisham/brokk_ws/install/brokk' for CMake config files
[0.730s] Level 1:colcon.colcon_core.shell:create_environment_hook('brokk', 'cmake_prefix_path')
[0.731s] INFO:colcon.colcon_core.shell:Creating environment hook '/home/hisham/brokk_ws/install/brokk/share/brokk/hook/cmake_prefix_path.ps1'
[0.731s] INFO:colcon.colcon_core.shell:Creating environment descriptor '/home/hisham/brokk_ws/install/brokk/share/brokk/hook/cmake_prefix_path.dsv'
[0.732s] INFO:colcon.colcon_core.shell:Creating environment hook '/home/hisham/brokk_ws/install/brokk/share/brokk/hook/cmake_prefix_path.sh'
[0.732s] Level 1:colcon.colcon_core.environment:checking '/home/hisham/brokk_ws/install/brokk/lib'
[0.732s] Level 1:colcon.colcon_core.environment:checking '/home/hisham/brokk_ws/install/brokk/bin'
[0.732s] Level 1:colcon.colcon_core.environment:checking '/home/hisham/brokk_ws/install/brokk/lib/pkgconfig/brokk.pc'
[0.732s] Level 1:colcon.colcon_core.environment:checking '/home/hisham/brokk_ws/install/brokk/lib/python3.10/site-packages'
[0.733s] Level 1:colcon.colcon_core.environment:checking '/home/hisham/brokk_ws/install/brokk/bin'
[0.734s] INFO:colcon.colcon_core.shell:Creating package script '/home/hisham/brokk_ws/install/brokk/share/brokk/package.ps1'
[0.734s] INFO:colcon.colcon_core.shell:Creating package descriptor '/home/hisham/brokk_ws/install/brokk/share/brokk/package.dsv'
[0.735s] INFO:colcon.colcon_core.shell:Creating package script '/home/hisham/brokk_ws/install/brokk/share/brokk/package.sh'
[0.735s] INFO:colcon.colcon_core.shell:Creating package script '/home/hisham/brokk_ws/install/brokk/share/brokk/package.bash'
[0.735s] INFO:colcon.colcon_core.shell:Creating package script '/home/hisham/brokk_ws/install/brokk/share/brokk/package.zsh'
[0.736s] Level 1:colcon.colcon_core.environment:create_file_with_runtime_dependencies(/home/hisham/brokk_ws/install/brokk/share/colcon-core/packages/brokk)
[0.743s] Level 1:colcon.colcon_core.environment:create_environment_scripts_only(brokk_gazebo)
[0.746s] Level 1:colcon.colcon_core.environment:checking '/home/hisham/brokk_ws/install/brokk_gazebo' for CMake module files
[0.746s] Level 1:colcon.colcon_core.environment:checking '/home/hisham/brokk_ws/install/brokk_gazebo' for CMake config files
[0.746s] Level 1:colcon.colcon_core.shell:create_environment_hook('brokk_gazebo', 'cmake_prefix_path')
[0.747s] INFO:colcon.colcon_core.shell:Creating environment hook '/home/hisham/brokk_ws/install/brokk_gazebo/share/brokk_gazebo/hook/cmake_prefix_path.ps1'
[0.748s] INFO:colcon.colcon_core.shell:Creating environment descriptor '/home/hisham/brokk_ws/install/brokk_gazebo/share/brokk_gazebo/hook/cmake_prefix_path.dsv'
[0.748s] INFO:colcon.colcon_core.shell:Creating environment hook '/home/hisham/brokk_ws/install/brokk_gazebo/share/brokk_gazebo/hook/cmake_prefix_path.sh'
[0.748s] Level 1:colcon.colcon_core.environment:checking '/home/hisham/brokk_ws/install/brokk_gazebo/bin'
[0.748s] Level 1:colcon.colcon_core.environment:checking '/home/hisham/brokk_ws/install/brokk_gazebo/lib/pkgconfig/brokk_gazebo.pc'
[0.749s] Level 1:colcon.colcon_core.environment:checking '/home/hisham/brokk_ws/install/brokk_gazebo/lib/python3.10/site-packages'
[0.749s] Level 1:colcon.colcon_core.environment:checking '/home/hisham/brokk_ws/install/brokk_gazebo/bin'
[0.750s] INFO:colcon.colcon_core.shell:Creating package script '/home/hisham/brokk_ws/install/brokk_gazebo/share/brokk_gazebo/package.ps1'
[0.750s] INFO:colcon.colcon_core.shell:Creating package descriptor '/home/hisham/brokk_ws/install/brokk_gazebo/share/brokk_gazebo/package.dsv'
[0.750s] INFO:colcon.colcon_core.shell:Creating package script '/home/hisham/brokk_ws/install/brokk_gazebo/share/brokk_gazebo/package.sh'
[0.751s] INFO:colcon.colcon_core.shell:Creating package script '/home/hisham/brokk_ws/install/brokk_gazebo/share/brokk_gazebo/package.bash'
[0.751s] INFO:colcon.colcon_core.shell:Creating package script '/home/hisham/brokk_ws/install/brokk_gazebo/share/brokk_gazebo/package.zsh'
[0.751s] Level 1:colcon.colcon_core.environment:create_file_with_runtime_dependencies(/home/hisham/brokk_ws/install/brokk_gazebo/share/colcon-core/packages/brokk_gazebo)
[0.957s] DEBUG:colcon.colcon_core.event_handler.log_command:Invoking command in '/home/hisham/brokk_ws/src/brokk70': PYTHONPATH=/home/hisham/brokk_ws/build/brokk70/prefix_override:/home/hisham/brokk_ws/install/brokk70/lib/python3.10/site-packages:${PYTHONPATH} /usr/bin/python3 setup.py egg_info --egg-base ../../build/brokk70 build --build-base /home/hisham/brokk_ws/build/brokk70/build install --record /home/hisham/brokk_ws/build/brokk70/install.log --single-version-externally-managed
[1.200s] Level 1:colcon.colcon_core.environment:checking '/home/hisham/brokk_ws/install/brokk70' for CMake module files
[1.201s] DEBUG:colcon.colcon_core.event_handler.log_command:Invoked command in '/home/hisham/brokk_ws/src/brokk70' returned '0': PYTHONPATH=/home/hisham/brokk_ws/build/brokk70/prefix_override:/home/hisham/brokk_ws/install/brokk70/lib/python3.10/site-packages:${PYTHONPATH} /usr/bin/python3 setup.py egg_info --egg-base ../../build/brokk70 build --build-base /home/hisham/brokk_ws/build/brokk70/build install --record /home/hisham/brokk_ws/build/brokk70/install.log --single-version-externally-managed
[1.201s] Level 1:colcon.colcon_core.environment:checking '/home/hisham/brokk_ws/install/brokk70' for CMake config files
[1.202s] Level 1:colcon.colcon_core.environment:checking '/home/hisham/brokk_ws/install/brokk70/lib'
[1.202s] Level 1:colcon.colcon_core.environment:checking '/home/hisham/brokk_ws/install/brokk70/bin'
[1.202s] Level 1:colcon.colcon_core.environment:checking '/home/hisham/brokk_ws/install/brokk70/lib/pkgconfig/brokk70.pc'
[1.202s] Level 1:colcon.colcon_core.environment:checking '/home/hisham/brokk_ws/install/brokk70/lib/python3.10/site-packages'
[1.202s] Level 1:colcon.colcon_core.shell:create_environment_hook('brokk70', 'pythonpath')
[1.203s] INFO:colcon.colcon_core.shell:Creating environment hook '/home/hisham/brokk_ws/install/brokk70/share/brokk70/hook/pythonpath.ps1'
[1.203s] INFO:colcon.colcon_core.shell:Creating environment descriptor '/home/hisham/brokk_ws/install/brokk70/share/brokk70/hook/pythonpath.dsv'
[1.203s] INFO:colcon.colcon_core.shell:Creating environment hook '/home/hisham/brokk_ws/install/brokk70/share/brokk70/hook/pythonpath.sh'
[1.204s] Level 1:colcon.colcon_core.environment:checking '/home/hisham/brokk_ws/install/brokk70/bin'
[1.204s] Level 1:colcon.colcon_core.environment:create_environment_scripts_only(brokk70)
[1.205s] INFO:colcon.colcon_core.shell:Creating package script '/home/hisham/brokk_ws/install/brokk70/share/brokk70/package.ps1'
[1.205s] INFO:colcon.colcon_core.shell:Creating package descriptor '/home/hisham/brokk_ws/install/brokk70/share/brokk70/package.dsv'
[1.206s] INFO:colcon.colcon_core.shell:Creating package script '/home/hisham/brokk_ws/install/brokk70/share/brokk70/package.sh'
[1.206s] INFO:colcon.colcon_core.shell:Creating package script '/home/hisham/brokk_ws/install/brokk70/share/brokk70/package.bash'
[1.206s] INFO:colcon.colcon_core.shell:Creating package script '/home/hisham/brokk_ws/install/brokk70/share/brokk70/package.zsh'
[1.207s] Level 1:colcon.colcon_core.environment:create_file_with_runtime_dependencies(/home/hisham/brokk_ws/install/brokk70/share/colcon-core/packages/brokk70)
[1.207s] DEBUG:colcon.colcon_parallel_executor.executor.parallel:closing loop
[1.207s] DEBUG:colcon.colcon_parallel_executor.executor.parallel:loop closed
[1.207s] DEBUG:colcon.colcon_parallel_executor.executor.parallel:run_until_complete finished with '0'
[1.207s] DEBUG:colcon.colcon_core.event_reactor:joining thread
[1.215s] INFO:colcon.colcon_core.plugin_system:Skipping extension 'colcon_notification.desktop_notification.terminal_notifier': Not used on non-Darwin systems
[1.215s] INFO:colcon.colcon_core.plugin_system:Skipping extension 'colcon_notification.desktop_notification.win32': Not used on non-Windows systems
[1.215s] INFO:colcon.colcon_notification.desktop_notification:Sending desktop notification using 'notify2'
[1.224s] DEBUG:colcon.colcon_core.event_reactor:joined thread
[1.225s] INFO:colcon.colcon_core.shell:Creating prefix script '/home/hisham/brokk_ws/install/local_setup.ps1'
[1.226s] INFO:colcon.colcon_core.shell:Creating prefix util module '/home/hisham/brokk_ws/install/_local_setup_util_ps1.py'
[1.227s] INFO:colcon.colcon_core.shell:Creating prefix chain script '/home/hisham/brokk_ws/install/setup.ps1'
[1.228s] INFO:colcon.colcon_core.shell:Creating prefix script '/home/hisham/brokk_ws/install/local_setup.sh'
[1.228s] INFO:colcon.colcon_core.shell:Creating prefix util module '/home/hisham/brokk_ws/install/_local_setup_util_sh.py'
[1.229s] INFO:colcon.colcon_core.shell:Creating prefix chain script '/home/hisham/brokk_ws/install/setup.sh'
[1.230s] INFO:colcon.colcon_core.shell:Creating prefix script '/home/hisham/brokk_ws/install/local_setup.bash'
[1.231s] INFO:colcon.colcon_core.shell:Creating prefix chain script '/home/hisham/brokk_ws/install/setup.bash'
[1.232s] INFO:colcon.colcon_core.shell:Creating prefix script '/home/hisham/brokk_ws/install/local_setup.zsh'
[1.232s] INFO:colcon.colcon_core.shell:Creating prefix chain script '/home/hisham/brokk_ws/install/setup.zsh'
